ERROR - 2022-05-21 08:02:06 --> Error connecting to the database: No connection could be made because the target machine actively refused it
CRITICAL - 2022-05-21 08:02:06 --> Unable to connect to the database.
Main connection [MySQLi]: No connection could be made because the target machine actively refused it
#0 C:\xampp\htdocs\projek\system\Database\BaseConnection.php(577): CodeIgniter\Database\BaseConnection->initialize()
#1 C:\xampp\htdocs\projek\system\Database\BaseBuilder.php(1455): CodeIgniter\Database\BaseConnection->query('SELECT *\nFROM `...', Array, false)
#2 C:\xampp\htdocs\projek\app\Models\AdminModel.php(18): CodeIgniter\Database\BaseBuilder->get()
#3 C:\xampp\htdocs\projek\app\Controllers\Login.php(46): App\Models\AdminModel->get1('ahmad')
#4 C:\xampp\htdocs\projek\system\CodeIgniter.php(832): App\Controllers\Login->proses()
#5 C:\xampp\htdocs\projek\system\CodeIgniter.php(419): CodeIgniter\CodeIgniter->runController(Object(App\Controllers\Login))
#6 C:\xampp\htdocs\projek\system\CodeIgniter.php(326): CodeIgniter\CodeIgniter->handleRequest(NULL, Object(Config\Cache), false)
#7 C:\xampp\htdocs\projek\public\index.php(37): CodeIgniter\CodeIgniter->run()
#8 C:\xampp\htdocs\projek\system\Commands\Server\rewrite.php(43): require_once('C:\\xampp\\htdocs...')
#9 {main}
CRITICAL - 2022-05-21 08:08:46 -->  required is not a valid rule.
#0 C:\xampp\htdocs\projek\system\Validation\Validation.php(300): CodeIgniter\Validation\Exceptions\ValidationException::forRuleNotFound(' required')
#1 C:\xampp\htdocs\projek\system\Validation\Validation.php(157): CodeIgniter\Validation\Validation->processRules('no_ktp', 'no_ktp', '', Array, Array)
#2 C:\xampp\htdocs\projek\system\Controller.php(160): CodeIgniter\Validation\Validation->run()
#3 C:\xampp\htdocs\projek\app\Controllers\Save.php(55): CodeIgniter\Controller->validate(Array)
#4 C:\xampp\htdocs\projek\system\CodeIgniter.php(832): App\Controllers\Save->save()
#5 C:\xampp\htdocs\projek\system\CodeIgniter.php(419): CodeIgniter\CodeIgniter->runController(Object(App\Controllers\Save))
#6 C:\xampp\htdocs\projek\system\CodeIgniter.php(326): CodeIgniter\CodeIgniter->handleRequest(NULL, Object(Config\Cache), false)
#7 C:\xampp\htdocs\projek\public\index.php(37): CodeIgniter\CodeIgniter->run()
#8 C:\xampp\htdocs\projek\system\Commands\Server\rewrite.php(43): require_once('C:\\xampp\\htdocs...')
#9 {main}
CRITICAL - 2022-05-21 08:09:57 -->  required is not a valid rule.
#0 C:\xampp\htdocs\projek\system\Validation\Validation.php(300): CodeIgniter\Validation\Exceptions\ValidationException::forRuleNotFound(' required')
#1 C:\xampp\htdocs\projek\system\Validation\Validation.php(157): CodeIgniter\Validation\Validation->processRules('no_ktp', 'no_ktp', '', Array, Array)
#2 C:\xampp\htdocs\projek\system\Controller.php(160): CodeIgniter\Validation\Validation->run()
#3 C:\xampp\htdocs\projek\app\Controllers\Save.php(55): CodeIgniter\Controller->validate(Array)
#4 C:\xampp\htdocs\projek\system\CodeIgniter.php(832): App\Controllers\Save->save()
#5 C:\xampp\htdocs\projek\system\CodeIgniter.php(419): CodeIgniter\CodeIgniter->runController(Object(App\Controllers\Save))
#6 C:\xampp\htdocs\projek\system\CodeIgniter.php(326): CodeIgniter\CodeIgniter->handleRequest(NULL, Object(Config\Cache), false)
#7 C:\xampp\htdocs\projek\public\index.php(37): CodeIgniter\CodeIgniter->run()
#8 C:\xampp\htdocs\projek\system\Commands\Server\rewrite.php(43): require_once('C:\\xampp\\htdocs...')
#9 {main}
CRITICAL - 2022-05-21 08:30:07 -->  required is not a valid rule.
#0 C:\xampp\htdocs\projek\system\Validation\Validation.php(300): CodeIgniter\Validation\Exceptions\ValidationException::forRuleNotFound(' required')
#1 C:\xampp\htdocs\projek\system\Validation\Validation.php(157): CodeIgniter\Validation\Validation->processRules('no_ktp', 'no_ktp', '', Array, Array)
#2 C:\xampp\htdocs\projek\system\Controller.php(160): CodeIgniter\Validation\Validation->run()
#3 C:\xampp\htdocs\projek\app\Controllers\Save.php(55): CodeIgniter\Controller->validate(Array)
#4 C:\xampp\htdocs\projek\system\CodeIgniter.php(832): App\Controllers\Save->save()
#5 C:\xampp\htdocs\projek\system\CodeIgniter.php(419): CodeIgniter\CodeIgniter->runController(Object(App\Controllers\Save))
#6 C:\xampp\htdocs\projek\system\CodeIgniter.php(326): CodeIgniter\CodeIgniter->handleRequest(NULL, Object(Config\Cache), false)
#7 C:\xampp\htdocs\projek\public\index.php(37): CodeIgniter\CodeIgniter->run()
#8 C:\xampp\htdocs\projek\system\Commands\Server\rewrite.php(43): require_once('C:\\xampp\\htdocs...')
#9 {main}
CRITICAL - 2022-05-21 08:33:13 -->  required is not a valid rule.
#0 C:\xampp\htdocs\projek\system\Validation\Validation.php(300): CodeIgniter\Validation\Exceptions\ValidationException::forRuleNotFound(' required')
#1 C:\xampp\htdocs\projek\system\Validation\Validation.php(157): CodeIgniter\Validation\Validation->processRules('no_ktp', 'no_ktp', '', Array, Array)
#2 C:\xampp\htdocs\projek\system\Controller.php(160): CodeIgniter\Validation\Validation->run()
#3 C:\xampp\htdocs\projek\app\Controllers\Save.php(55): CodeIgniter\Controller->validate(Array)
#4 C:\xampp\htdocs\projek\system\CodeIgniter.php(832): App\Controllers\Save->save()
#5 C:\xampp\htdocs\projek\system\CodeIgniter.php(419): CodeIgniter\CodeIgniter->runController(Object(App\Controllers\Save))
#6 C:\xampp\htdocs\projek\system\CodeIgniter.php(326): CodeIgniter\CodeIgniter->handleRequest(NULL, Object(Config\Cache), false)
#7 C:\xampp\htdocs\projek\public\index.php(37): CodeIgniter\CodeIgniter->run()
#8 C:\xampp\htdocs\projek\system\Commands\Server\rewrite.php(43): require_once('C:\\xampp\\htdocs...')
#9 {main}
CRITICAL - 2022-05-21 08:34:01 -->  required is not a valid rule.
#0 C:\xampp\htdocs\projek\system\Validation\Validation.php(300): CodeIgniter\Validation\Exceptions\ValidationException::forRuleNotFound(' required')
#1 C:\xampp\htdocs\projek\system\Validation\Validation.php(157): CodeIgniter\Validation\Validation->processRules('no_ktp', 'no_ktp', '', Array, Array)
#2 C:\xampp\htdocs\projek\system\Controller.php(160): CodeIgniter\Validation\Validation->run()
#3 C:\xampp\htdocs\projek\app\Controllers\Save.php(55): CodeIgniter\Controller->validate(Array)
#4 C:\xampp\htdocs\projek\system\CodeIgniter.php(832): App\Controllers\Save->save()
#5 C:\xampp\htdocs\projek\system\CodeIgniter.php(419): CodeIgniter\CodeIgniter->runController(Object(App\Controllers\Save))
#6 C:\xampp\htdocs\projek\system\CodeIgniter.php(326): CodeIgniter\CodeIgniter->handleRequest(NULL, Object(Config\Cache), false)
#7 C:\xampp\htdocs\projek\public\index.php(37): CodeIgniter\CodeIgniter->run()
#8 C:\xampp\htdocs\projek\system\Commands\Server\rewrite.php(43): require_once('C:\\xampp\\htdocs...')
#9 {main}
CRITICAL - 2022-05-21 08:34:32 -->  required is not a valid rule.
#0 C:\xampp\htdocs\projek\system\Validation\Validation.php(300): CodeIgniter\Validation\Exceptions\ValidationException::forRuleNotFound(' required')
#1 C:\xampp\htdocs\projek\system\Validation\Validation.php(157): CodeIgniter\Validation\Validation->processRules('no_ktp', 'no_ktp', '', Array, Array)
#2 C:\xampp\htdocs\projek\system\Controller.php(160): CodeIgniter\Validation\Validation->run()
#3 C:\xampp\htdocs\projek\app\Controllers\Save.php(55): CodeIgniter\Controller->validate(Array)
#4 C:\xampp\htdocs\projek\system\CodeIgniter.php(832): App\Controllers\Save->save()
#5 C:\xampp\htdocs\projek\system\CodeIgniter.php(419): CodeIgniter\CodeIgniter->runController(Object(App\Controllers\Save))
#6 C:\xampp\htdocs\projek\system\CodeIgniter.php(326): CodeIgniter\CodeIgniter->handleRequest(NULL, Object(Config\Cache), false)
#7 C:\xampp\htdocs\projek\public\index.php(37): CodeIgniter\CodeIgniter->run()
#8 C:\xampp\htdocs\projek\system\Commands\Server\rewrite.php(43): require_once('C:\\xampp\\htdocs...')
#9 {main}
CRITICAL - 2022-05-21 08:36:45 -->  required is not a valid rule.
#0 C:\xampp\htdocs\projek\system\Validation\Validation.php(300): CodeIgniter\Validation\Exceptions\ValidationException::forRuleNotFound(' required')
#1 C:\xampp\htdocs\projek\system\Validation\Validation.php(157): CodeIgniter\Validation\Validation->processRules('no_ktp', 'no_ktp', '', Array, Array)
#2 C:\xampp\htdocs\projek\system\Controller.php(160): CodeIgniter\Validation\Validation->run()
#3 C:\xampp\htdocs\projek\app\Controllers\Save.php(55): CodeIgniter\Controller->validate(Array)
#4 C:\xampp\htdocs\projek\system\CodeIgniter.php(832): App\Controllers\Save->save()
#5 C:\xampp\htdocs\projek\system\CodeIgniter.php(419): CodeIgniter\CodeIgniter->runController(Object(App\Controllers\Save))
#6 C:\xampp\htdocs\projek\system\CodeIgniter.php(326): CodeIgniter\CodeIgniter->handleRequest(NULL, Object(Config\Cache), false)
#7 C:\xampp\htdocs\projek\public\index.php(37): CodeIgniter\CodeIgniter->run()
#8 C:\xampp\htdocs\projek\system\Commands\Server\rewrite.php(43): require_once('C:\\xampp\\htdocs...')
#9 {main}
CRITICAL - 2022-05-21 08:37:48 -->  required is not a valid rule.
#0 C:\xampp\htdocs\projek\system\Validation\Validation.php(300): CodeIgniter\Validation\Exceptions\ValidationException::forRuleNotFound(' required')
#1 C:\xampp\htdocs\projek\system\Validation\Validation.php(157): CodeIgniter\Validation\Validation->processRules('no_ktp', 'no_ktp', '', Array, Array)
#2 C:\xampp\htdocs\projek\system\Controller.php(160): CodeIgniter\Validation\Validation->run()
#3 C:\xampp\htdocs\projek\app\Controllers\Save.php(55): CodeIgniter\Controller->validate(Array)
#4 C:\xampp\htdocs\projek\system\CodeIgniter.php(832): App\Controllers\Save->save()
#5 C:\xampp\htdocs\projek\system\CodeIgniter.php(419): CodeIgniter\CodeIgniter->runController(Object(App\Controllers\Save))
#6 C:\xampp\htdocs\projek\system\CodeIgniter.php(326): CodeIgniter\CodeIgniter->handleRequest(NULL, Object(Config\Cache), false)
#7 C:\xampp\htdocs\projek\public\index.php(37): CodeIgniter\CodeIgniter->run()
#8 C:\xampp\htdocs\projek\system\Commands\Server\rewrite.php(43): require_once('C:\\xampp\\htdocs...')
#9 {main}
CRITICAL - 2022-05-21 08:41:45 -->  numeric is not a valid rule.
#0 C:\xampp\htdocs\projek\system\Validation\Validation.php(300): CodeIgniter\Validation\Exceptions\ValidationException::forRuleNotFound(' numeric')
#1 C:\xampp\htdocs\projek\system\Validation\Validation.php(157): CodeIgniter\Validation\Validation->processRules('no_ktp', 'no_ktp', '', Array, Array)
#2 C:\xampp\htdocs\projek\system\Controller.php(160): CodeIgniter\Validation\Validation->run()
#3 C:\xampp\htdocs\projek\app\Controllers\Save.php(55): CodeIgniter\Controller->validate(Array)
#4 C:\xampp\htdocs\projek\system\CodeIgniter.php(832): App\Controllers\Save->save()
#5 C:\xampp\htdocs\projek\system\CodeIgniter.php(419): CodeIgniter\CodeIgniter->runController(Object(App\Controllers\Save))
#6 C:\xampp\htdocs\projek\system\CodeIgniter.php(326): CodeIgniter\CodeIgniter->handleRequest(NULL, Object(Config\Cache), false)
#7 C:\xampp\htdocs\projek\public\index.php(37): CodeIgniter\CodeIgniter->run()
#8 C:\xampp\htdocs\projek\system\Commands\Server\rewrite.php(43): require_once('C:\\xampp\\htdocs...')
#9 {main}
CRITICAL - 2022-05-21 08:42:09 -->  required is not a valid rule.
#0 C:\xampp\htdocs\projek\system\Validation\Validation.php(300): CodeIgniter\Validation\Exceptions\ValidationException::forRuleNotFound(' required')
#1 C:\xampp\htdocs\projek\system\Validation\Validation.php(157): CodeIgniter\Validation\Validation->processRules('no_ktp', 'no_ktp', '', Array, Array)
#2 C:\xampp\htdocs\projek\system\Controller.php(160): CodeIgniter\Validation\Validation->run()
#3 C:\xampp\htdocs\projek\app\Controllers\Save.php(55): CodeIgniter\Controller->validate(Array)
#4 C:\xampp\htdocs\projek\system\CodeIgniter.php(832): App\Controllers\Save->save()
#5 C:\xampp\htdocs\projek\system\CodeIgniter.php(419): CodeIgniter\CodeIgniter->runController(Object(App\Controllers\Save))
#6 C:\xampp\htdocs\projek\system\CodeIgniter.php(326): CodeIgniter\CodeIgniter->handleRequest(NULL, Object(Config\Cache), false)
#7 C:\xampp\htdocs\projek\public\index.php(37): CodeIgniter\CodeIgniter->run()
#8 C:\xampp\htdocs\projek\system\Commands\Server\rewrite.php(43): require_once('C:\\xampp\\htdocs...')
#9 {main}
CRITICAL - 2022-05-21 08:46:35 -->  required is not a valid rule.
#0 C:\xampp\htdocs\projek\system\Validation\Validation.php(300): CodeIgniter\Validation\Exceptions\ValidationException::forRuleNotFound(' required')
#1 C:\xampp\htdocs\projek\system\Validation\Validation.php(157): CodeIgniter\Validation\Validation->processRules('no_ktp', 'no_ktp', '', Array, Array)
#2 C:\xampp\htdocs\projek\system\Controller.php(160): CodeIgniter\Validation\Validation->run()
#3 C:\xampp\htdocs\projek\app\Controllers\Save.php(55): CodeIgniter\Controller->validate(Array)
#4 C:\xampp\htdocs\projek\system\CodeIgniter.php(832): App\Controllers\Save->save()
#5 C:\xampp\htdocs\projek\system\CodeIgniter.php(419): CodeIgniter\CodeIgniter->runController(Object(App\Controllers\Save))
#6 C:\xampp\htdocs\projek\system\CodeIgniter.php(326): CodeIgniter\CodeIgniter->handleRequest(NULL, Object(Config\Cache), false)
#7 C:\xampp\htdocs\projek\public\index.php(37): CodeIgniter\CodeIgniter->run()
#8 C:\xampp\htdocs\projek\system\Commands\Server\rewrite.php(43): require_once('C:\\xampp\\htdocs...')
#9 {main}
CRITICAL - 2022-05-21 09:15:52 -->  required is not a valid rule.
#0 C:\xampp\htdocs\projek\system\Validation\Validation.php(300): CodeIgniter\Validation\Exceptions\ValidationException::forRuleNotFound(' required')
#1 C:\xampp\htdocs\projek\system\Validation\Validation.php(157): CodeIgniter\Validation\Validation->processRules('no_ktp', 'no_ktp', '', Array, Array)
#2 C:\xampp\htdocs\projek\system\Controller.php(160): CodeIgniter\Validation\Validation->run()
#3 C:\xampp\htdocs\projek\app\Controllers\Save.php(55): CodeIgniter\Controller->validate(Array)
#4 C:\xampp\htdocs\projek\system\CodeIgniter.php(832): App\Controllers\Save->save()
#5 C:\xampp\htdocs\projek\system\CodeIgniter.php(419): CodeIgniter\CodeIgniter->runController(Object(App\Controllers\Save))
#6 C:\xampp\htdocs\projek\system\CodeIgniter.php(326): CodeIgniter\CodeIgniter->handleRequest(NULL, Object(Config\Cache), false)
#7 C:\xampp\htdocs\projek\public\index.php(37): CodeIgniter\CodeIgniter->run()
#8 C:\xampp\htdocs\projek\system\Commands\Server\rewrite.php(43): require_once('C:\\xampp\\htdocs...')
#9 {main}
CRITICAL - 2022-05-21 09:24:57 --> Call to a member function getRandomName() on null
#0 C:\xampp\htdocs\projek\system\CodeIgniter.php(832): App\Controllers\Save->save()
#1 C:\xampp\htdocs\projek\system\CodeIgniter.php(419): CodeIgniter\CodeIgniter->runController(Object(App\Controllers\Save))
#2 C:\xampp\htdocs\projek\system\CodeIgniter.php(326): CodeIgniter\CodeIgniter->handleRequest(NULL, Object(Config\Cache), false)
#3 C:\xampp\htdocs\projek\public\index.php(37): CodeIgniter\CodeIgniter->run()
#4 C:\xampp\htdocs\projek\system\Commands\Server\rewrite.php(43): require_once('C:\\xampp\\htdocs...')
#5 {main}
CRITICAL - 2022-05-21 09:25:49 --> Call to a member function getRandomName() on null
#0 C:\xampp\htdocs\projek\system\CodeIgniter.php(832): App\Controllers\Save->save()
#1 C:\xampp\htdocs\projek\system\CodeIgniter.php(419): CodeIgniter\CodeIgniter->runController(Object(App\Controllers\Save))
#2 C:\xampp\htdocs\projek\system\CodeIgniter.php(326): CodeIgniter\CodeIgniter->handleRequest(NULL, Object(Config\Cache), false)
#3 C:\xampp\htdocs\projek\public\index.php(37): CodeIgniter\CodeIgniter->run()
#4 C:\xampp\htdocs\projek\system\Commands\Server\rewrite.php(43): require_once('C:\\xampp\\htdocs...')
#5 {main}
CRITICAL - 2022-05-21 10:19:24 --> unlink(foto/): Is a directory
#0 [internal function]: CodeIgniter\Debug\Exceptions->errorHandler(2, 'unlink(foto/): ...', 'C:\\xampp\\htdocs...', 390)
#1 C:\xampp\htdocs\projek\app\Controllers\Save.php(390): unlink('foto/')
#2 C:\xampp\htdocs\projek\system\CodeIgniter.php(832): App\Controllers\Save->edit_daftar('36')
#3 C:\xampp\htdocs\projek\system\CodeIgniter.php(419): CodeIgniter\CodeIgniter->runController(Object(App\Controllers\Save))
#4 C:\xampp\htdocs\projek\system\CodeIgniter.php(326): CodeIgniter\CodeIgniter->handleRequest(NULL, Object(Config\Cache), false)
#5 C:\xampp\htdocs\projek\public\index.php(37): CodeIgniter\CodeIgniter->run()
#6 C:\xampp\htdocs\projek\system\Commands\Server\rewrite.php(43): require_once('C:\\xampp\\htdocs...')
#7 {main}
CRITICAL - 2022-05-21 10:22:58 --> unlink(foto/): Is a directory
#0 [internal function]: CodeIgniter\Debug\Exceptions->errorHandler(2, 'unlink(foto/): ...', 'C:\\xampp\\htdocs...', 391)
#1 C:\xampp\htdocs\projek\app\Controllers\Save.php(391): unlink('foto/')
#2 C:\xampp\htdocs\projek\system\CodeIgniter.php(832): App\Controllers\Save->edit_daftar('36')
#3 C:\xampp\htdocs\projek\system\CodeIgniter.php(419): CodeIgniter\CodeIgniter->runController(Object(App\Controllers\Save))
#4 C:\xampp\htdocs\projek\system\CodeIgniter.php(326): CodeIgniter\CodeIgniter->handleRequest(NULL, Object(Config\Cache), false)
#5 C:\xampp\htdocs\projek\public\index.php(37): CodeIgniter\CodeIgniter->run()
#6 C:\xampp\htdocs\projek\system\Commands\Server\rewrite.php(43): require_once('C:\\xampp\\htdocs...')
#7 {main}
CRITICAL - 2022-05-21 10:42:40 --> unlink(foto/): Is a directory
#0 [internal function]: CodeIgniter\Debug\Exceptions->errorHandler(2, 'unlink(foto/): ...', 'C:\\xampp\\htdocs...', 392)
#1 C:\xampp\htdocs\projek\app\Controllers\Save.php(392): unlink('foto/')
#2 C:\xampp\htdocs\projek\system\CodeIgniter.php(832): App\Controllers\Save->edit_daftar('35')
#3 C:\xampp\htdocs\projek\system\CodeIgniter.php(419): CodeIgniter\CodeIgniter->runController(Object(App\Controllers\Save))
#4 C:\xampp\htdocs\projek\system\CodeIgniter.php(326): CodeIgniter\CodeIgniter->handleRequest(NULL, Object(Config\Cache), false)
#5 C:\xampp\htdocs\projek\public\index.php(37): CodeIgniter\CodeIgniter->run()
#6 C:\xampp\htdocs\projek\system\Commands\Server\rewrite.php(43): require_once('C:\\xampp\\htdocs...')
#7 {main}
