CRITICAL - 2022-04-13 11:28:31 --> Undefined array key "tgl_exp"
#0 C:\xampp\htdocs\projek\app\Controllers\Recruitment.php(34): CodeIgniter\Debug\Exceptions->errorHandler(2, 'Undefined array...', 'C:\\xampp\\htdocs...', 34)
#1 C:\xampp\htdocs\projek\system\CodeIgniter.php(832): App\Controllers\Recruitment->lowongan()
#2 C:\xampp\htdocs\projek\system\CodeIgniter.php(419): CodeIgniter\CodeIgniter->runController(Object(App\Controllers\Recruitment))
#3 C:\xampp\htdocs\projek\system\CodeIgniter.php(326): CodeIgniter\CodeIgniter->handleRequest(NULL, Object(Config\Cache), false)
#4 C:\xampp\htdocs\projek\public\index.php(37): CodeIgniter\CodeIgniter->run()
#5 C:\xampp\htdocs\projek\system\Commands\Server\rewrite.php(43): require_once('C:\\xampp\\htdocs...')
#6 {main}
ERROR - 2022-04-13 13:00:36 --> You have an error in your SQL syntax; check the manual that corresponds to your MariaDB server version for the right syntax to use near '' at line 1
CRITICAL - 2022-04-13 13:00:36 --> You have an error in your SQL syntax; check the manual that corresponds to your MariaDB server version for the right syntax to use near '' at line 1
#0 C:\xampp\htdocs\projek\system\Database\MySQLi\Connection.php(292): mysqli->query('SELECT ', 0)
#1 C:\xampp\htdocs\projek\system\Database\BaseConnection.php(670): CodeIgniter\Database\MySQLi\Connection->execute('SELECT ')
#2 C:\xampp\htdocs\projek\system\Database\BaseConnection.php(598): CodeIgniter\Database\BaseConnection->simpleQuery('SELECT ')
#3 C:\xampp\htdocs\projek\app\Controllers\Recruitment.php(40): CodeIgniter\Database\BaseConnection->query('SELECT ')
#4 C:\xampp\htdocs\projek\system\CodeIgniter.php(832): App\Controllers\Recruitment->seleksi()
#5 C:\xampp\htdocs\projek\system\CodeIgniter.php(419): CodeIgniter\CodeIgniter->runController(Object(App\Controllers\Recruitment))
#6 C:\xampp\htdocs\projek\system\CodeIgniter.php(326): CodeIgniter\CodeIgniter->handleRequest(NULL, Object(Config\Cache), false)
#7 C:\xampp\htdocs\projek\public\index.php(37): CodeIgniter\CodeIgniter->run()
#8 C:\xampp\htdocs\projek\system\Commands\Server\rewrite.php(43): require_once('C:\\xampp\\htdocs...')
#9 {main}
ERROR - 2022-04-13 13:01:36 --> You have an error in your SQL syntax; check the manual that corresponds to your MariaDB server version for the right syntax to use near '' at line 1
CRITICAL - 2022-04-13 13:01:36 --> You have an error in your SQL syntax; check the manual that corresponds to your MariaDB server version for the right syntax to use near '' at line 1
#0 C:\xampp\htdocs\projek\system\Database\MySQLi\Connection.php(292): mysqli->query('SELECT ', 0)
#1 C:\xampp\htdocs\projek\system\Database\BaseConnection.php(670): CodeIgniter\Database\MySQLi\Connection->execute('SELECT ')
#2 C:\xampp\htdocs\projek\system\Database\BaseConnection.php(598): CodeIgniter\Database\BaseConnection->simpleQuery('SELECT ')
#3 C:\xampp\htdocs\projek\app\Controllers\Recruitment.php(40): CodeIgniter\Database\BaseConnection->query('SELECT ')
#4 C:\xampp\htdocs\projek\system\CodeIgniter.php(832): App\Controllers\Recruitment->seleksi()
#5 C:\xampp\htdocs\projek\system\CodeIgniter.php(419): CodeIgniter\CodeIgniter->runController(Object(App\Controllers\Recruitment))
#6 C:\xampp\htdocs\projek\system\CodeIgniter.php(326): CodeIgniter\CodeIgniter->handleRequest(NULL, Object(Config\Cache), false)
#7 C:\xampp\htdocs\projek\public\index.php(37): CodeIgniter\CodeIgniter->run()
#8 C:\xampp\htdocs\projek\system\Commands\Server\rewrite.php(43): require_once('C:\\xampp\\htdocs...')
#9 {main}
ERROR - 2022-04-13 13:02:39 --> You have an error in your SQL syntax; check the manual that corresponds to your MariaDB server version for the right syntax to use near '' at line 1
CRITICAL - 2022-04-13 13:02:39 --> You have an error in your SQL syntax; check the manual that corresponds to your MariaDB server version for the right syntax to use near '' at line 1
#0 C:\xampp\htdocs\projek\system\Database\MySQLi\Connection.php(292): mysqli->query('SELECT ', 0)
#1 C:\xampp\htdocs\projek\system\Database\BaseConnection.php(670): CodeIgniter\Database\MySQLi\Connection->execute('SELECT ')
#2 C:\xampp\htdocs\projek\system\Database\BaseConnection.php(598): CodeIgniter\Database\BaseConnection->simpleQuery('SELECT ')
#3 C:\xampp\htdocs\projek\app\Controllers\Recruitment.php(40): CodeIgniter\Database\BaseConnection->query('SELECT ')
#4 C:\xampp\htdocs\projek\system\CodeIgniter.php(832): App\Controllers\Recruitment->seleksi()
#5 C:\xampp\htdocs\projek\system\CodeIgniter.php(419): CodeIgniter\CodeIgniter->runController(Object(App\Controllers\Recruitment))
#6 C:\xampp\htdocs\projek\system\CodeIgniter.php(326): CodeIgniter\CodeIgniter->handleRequest(NULL, Object(Config\Cache), false)
#7 C:\xampp\htdocs\projek\public\index.php(37): CodeIgniter\CodeIgniter->run()
#8 C:\xampp\htdocs\projek\system\Commands\Server\rewrite.php(43): require_once('C:\\xampp\\htdocs...')
#9 {main}
ERROR - 2022-04-13 13:41:04 --> Unknown column 'jabatan.jabatan_id' in 'on clause'
CRITICAL - 2022-04-13 13:41:04 --> Unknown column 'jabatan.jabatan_id' in 'on clause'
#0 C:\xampp\htdocs\projek\system\Database\MySQLi\Connection.php(292): mysqli->query('SELECT *\nFROM `...', 0)
#1 C:\xampp\htdocs\projek\system\Database\BaseConnection.php(670): CodeIgniter\Database\MySQLi\Connection->execute('SELECT *\nFROM `...')
#2 C:\xampp\htdocs\projek\system\Database\BaseConnection.php(598): CodeIgniter\Database\BaseConnection->simpleQuery('SELECT *\nFROM `...')
#3 C:\xampp\htdocs\projek\system\Database\BaseBuilder.php(1455): CodeIgniter\Database\BaseConnection->query('SELECT *\nFROM `...', Array, false)
#4 C:\xampp\htdocs\projek\app\Models\LowonganModel.php(19): CodeIgniter\Database\BaseBuilder->get()
#5 C:\xampp\htdocs\projek\app\Controllers\Recruitment.php(28): App\Models\LowonganModel->getAll()
#6 C:\xampp\htdocs\projek\system\CodeIgniter.php(832): App\Controllers\Recruitment->lowongan()
#7 C:\xampp\htdocs\projek\system\CodeIgniter.php(419): CodeIgniter\CodeIgniter->runController(Object(App\Controllers\Recruitment))
#8 C:\xampp\htdocs\projek\system\CodeIgniter.php(326): CodeIgniter\CodeIgniter->handleRequest(NULL, Object(Config\Cache), false)
#9 C:\xampp\htdocs\projek\public\index.php(37): CodeIgniter\CodeIgniter->run()
#10 C:\xampp\htdocs\projek\system\Commands\Server\rewrite.php(43): require_once('C:\\xampp\\htdocs...')
#11 {main}
CRITICAL - 2022-04-13 13:45:57 --> Cannot use object of type stdClass as array
#0 C:\xampp\htdocs\projek\system\View\View.php(210): include()
#1 C:\xampp\htdocs\projek\system\View\View.php(213): CodeIgniter\View\View->CodeIgniter\View\{closure}()
#2 C:\xampp\htdocs\projek\system\Common.php(1089): CodeIgniter\View\View->render('recruitment/low...', Array, true)
#3 C:\xampp\htdocs\projek\app\Controllers\Recruitment.php(35): view('recruitment/low...', Array)
#4 C:\xampp\htdocs\projek\system\CodeIgniter.php(832): App\Controllers\Recruitment->lowongan()
#5 C:\xampp\htdocs\projek\system\CodeIgniter.php(419): CodeIgniter\CodeIgniter->runController(Object(App\Controllers\Recruitment))
#6 C:\xampp\htdocs\projek\system\CodeIgniter.php(326): CodeIgniter\CodeIgniter->handleRequest(NULL, Object(Config\Cache), false)
#7 C:\xampp\htdocs\projek\public\index.php(37): CodeIgniter\CodeIgniter->run()
#8 C:\xampp\htdocs\projek\system\Commands\Server\rewrite.php(43): require_once('C:\\xampp\\htdocs...')
#9 {main}
CRITICAL - 2022-04-13 13:49:19 --> Cannot use object of type stdClass as array
#0 C:\xampp\htdocs\projek\system\View\View.php(210): include()
#1 C:\xampp\htdocs\projek\system\View\View.php(213): CodeIgniter\View\View->CodeIgniter\View\{closure}()
#2 C:\xampp\htdocs\projek\system\Common.php(1089): CodeIgniter\View\View->render('recruitment/low...', Array, true)
#3 C:\xampp\htdocs\projek\app\Controllers\Recruitment.php(35): view('recruitment/low...', Array)
#4 C:\xampp\htdocs\projek\system\CodeIgniter.php(832): App\Controllers\Recruitment->lowongan()
#5 C:\xampp\htdocs\projek\system\CodeIgniter.php(419): CodeIgniter\CodeIgniter->runController(Object(App\Controllers\Recruitment))
#6 C:\xampp\htdocs\projek\system\CodeIgniter.php(326): CodeIgniter\CodeIgniter->handleRequest(NULL, Object(Config\Cache), false)
#7 C:\xampp\htdocs\projek\public\index.php(37): CodeIgniter\CodeIgniter->run()
#8 C:\xampp\htdocs\projek\system\Commands\Server\rewrite.php(43): require_once('C:\\xampp\\htdocs...')
#9 {main}
CRITICAL - 2022-04-13 13:50:25 --> Cannot use object of type stdClass as array
#0 C:\xampp\htdocs\projek\system\View\View.php(210): include()
#1 C:\xampp\htdocs\projek\system\View\View.php(213): CodeIgniter\View\View->CodeIgniter\View\{closure}()
#2 C:\xampp\htdocs\projek\system\Common.php(1089): CodeIgniter\View\View->render('recruitment/low...', Array, true)
#3 C:\xampp\htdocs\projek\app\Controllers\Recruitment.php(35): view('recruitment/low...', Array)
#4 C:\xampp\htdocs\projek\system\CodeIgniter.php(832): App\Controllers\Recruitment->lowongan()
#5 C:\xampp\htdocs\projek\system\CodeIgniter.php(419): CodeIgniter\CodeIgniter->runController(Object(App\Controllers\Recruitment))
#6 C:\xampp\htdocs\projek\system\CodeIgniter.php(326): CodeIgniter\CodeIgniter->handleRequest(NULL, Object(Config\Cache), false)
#7 C:\xampp\htdocs\projek\public\index.php(37): CodeIgniter\CodeIgniter->run()
#8 C:\xampp\htdocs\projek\system\Commands\Server\rewrite.php(43): require_once('C:\\xampp\\htdocs...')
#9 {main}
CRITICAL - 2022-04-13 13:50:43 --> Cannot use object of type stdClass as array
#0 C:\xampp\htdocs\projek\system\View\View.php(210): include()
#1 C:\xampp\htdocs\projek\system\View\View.php(213): CodeIgniter\View\View->CodeIgniter\View\{closure}()
#2 C:\xampp\htdocs\projek\system\Common.php(1089): CodeIgniter\View\View->render('recruitment/low...', Array, true)
#3 C:\xampp\htdocs\projek\app\Controllers\Recruitment.php(35): view('recruitment/low...', Array)
#4 C:\xampp\htdocs\projek\system\CodeIgniter.php(832): App\Controllers\Recruitment->lowongan()
#5 C:\xampp\htdocs\projek\system\CodeIgniter.php(419): CodeIgniter\CodeIgniter->runController(Object(App\Controllers\Recruitment))
#6 C:\xampp\htdocs\projek\system\CodeIgniter.php(326): CodeIgniter\CodeIgniter->handleRequest(NULL, Object(Config\Cache), false)
#7 C:\xampp\htdocs\projek\public\index.php(37): CodeIgniter\CodeIgniter->run()
#8 C:\xampp\htdocs\projek\system\Commands\Server\rewrite.php(43): require_once('C:\\xampp\\htdocs...')
#9 {main}
CRITICAL - 2022-04-13 13:52:47 --> Cannot use object of type stdClass as array
#0 C:\xampp\htdocs\projek\system\View\View.php(210): include()
#1 C:\xampp\htdocs\projek\system\View\View.php(213): CodeIgniter\View\View->CodeIgniter\View\{closure}()
#2 C:\xampp\htdocs\projek\system\Common.php(1089): CodeIgniter\View\View->render('recruitment/low...', Array, true)
#3 C:\xampp\htdocs\projek\app\Controllers\Recruitment.php(35): view('recruitment/low...', Array)
#4 C:\xampp\htdocs\projek\system\CodeIgniter.php(832): App\Controllers\Recruitment->lowongan()
#5 C:\xampp\htdocs\projek\system\CodeIgniter.php(419): CodeIgniter\CodeIgniter->runController(Object(App\Controllers\Recruitment))
#6 C:\xampp\htdocs\projek\system\CodeIgniter.php(326): CodeIgniter\CodeIgniter->handleRequest(NULL, Object(Config\Cache), false)
#7 C:\xampp\htdocs\projek\public\index.php(37): CodeIgniter\CodeIgniter->run()
#8 C:\xampp\htdocs\projek\system\Commands\Server\rewrite.php(43): require_once('C:\\xampp\\htdocs...')
#9 {main}
CRITICAL - 2022-04-13 13:59:00 --> Call to a member function where() on null
#0 C:\xampp\htdocs\projek\system\CodeIgniter.php(832): App\Controllers\Recruitment->databaru()
#1 C:\xampp\htdocs\projek\system\CodeIgniter.php(419): CodeIgniter\CodeIgniter->runController(Object(App\Controllers\Recruitment))
#2 C:\xampp\htdocs\projek\system\CodeIgniter.php(326): CodeIgniter\CodeIgniter->handleRequest(NULL, Object(Config\Cache), false)
#3 C:\xampp\htdocs\projek\public\index.php(37): CodeIgniter\CodeIgniter->run()
#4 C:\xampp\htdocs\projek\system\Commands\Server\rewrite.php(43): require_once('C:\\xampp\\htdocs...')
#5 {main}
CRITICAL - 2022-04-13 14:18:05 --> Undefined array key "bahasa"
#0 C:\xampp\htdocs\projek\app\Controllers\Save.php(212): CodeIgniter\Debug\Exceptions->errorHandler(2, 'Undefined array...', 'C:\\xampp\\htdocs...', 212)
#1 C:\xampp\htdocs\projek\system\CodeIgniter.php(832): App\Controllers\Save->performa()
#2 C:\xampp\htdocs\projek\system\CodeIgniter.php(419): CodeIgniter\CodeIgniter->runController(Object(App\Controllers\Save))
#3 C:\xampp\htdocs\projek\system\CodeIgniter.php(326): CodeIgniter\CodeIgniter->handleRequest(NULL, Object(Config\Cache), false)
#4 C:\xampp\htdocs\projek\public\index.php(37): CodeIgniter\CodeIgniter->run()
#5 C:\xampp\htdocs\projek\system\Commands\Server\rewrite.php(43): require_once('C:\\xampp\\htdocs...')
#6 {main}
CRITICAL - 2022-04-13 14:21:06 --> Cannot access offset of type array on string
#0 C:\xampp\htdocs\projek\system\CodeIgniter.php(832): App\Controllers\Save->performa()
#1 C:\xampp\htdocs\projek\system\CodeIgniter.php(419): CodeIgniter\CodeIgniter->runController(Object(App\Controllers\Save))
#2 C:\xampp\htdocs\projek\system\CodeIgniter.php(326): CodeIgniter\CodeIgniter->handleRequest(NULL, Object(Config\Cache), false)
#3 C:\xampp\htdocs\projek\public\index.php(37): CodeIgniter\CodeIgniter->run()
#4 C:\xampp\htdocs\projek\system\Commands\Server\rewrite.php(43): require_once('C:\\xampp\\htdocs...')
#5 {main}
ERROR - 2022-04-13 14:45:34 --> Operand should contain 1 column(s)
CRITICAL - 2022-04-13 14:45:34 --> Operand should contain 1 column(s)
#0 C:\xampp\htdocs\projek\system\Database\MySQLi\Connection.php(292): mysqli->query('INSERT INTO `co...', 0)
#1 C:\xampp\htdocs\projek\system\Database\BaseConnection.php(670): CodeIgniter\Database\MySQLi\Connection->execute('INSERT INTO `co...')
#2 C:\xampp\htdocs\projek\system\Database\BaseConnection.php(598): CodeIgniter\Database\BaseConnection->simpleQuery('INSERT INTO `co...')
#3 C:\xampp\htdocs\projek\system\Database\BaseBuilder.php(1771): CodeIgniter\Database\BaseConnection->query('INSERT INTO `co...', Array, false)
#4 C:\xampp\htdocs\projek\system\Model.php(239): CodeIgniter\Database\BaseBuilder->insert()
#5 C:\xampp\htdocs\projek\system\BaseModel.php(738): CodeIgniter\Model->doInsert(Array)
#6 C:\xampp\htdocs\projek\system\Model.php(625): CodeIgniter\BaseModel->insert(Array, false)
#7 C:\xampp\htdocs\projek\system\BaseModel.php(658): CodeIgniter\Model->insert(Array, false)
#8 C:\xampp\htdocs\projek\app\Controllers\Save.php(223): CodeIgniter\BaseModel->save(Array)
#9 C:\xampp\htdocs\projek\system\CodeIgniter.php(832): App\Controllers\Save->performa()
#10 C:\xampp\htdocs\projek\system\CodeIgniter.php(419): CodeIgniter\CodeIgniter->runController(Object(App\Controllers\Save))
#11 C:\xampp\htdocs\projek\system\CodeIgniter.php(326): CodeIgniter\CodeIgniter->handleRequest(NULL, Object(Config\Cache), false)
#12 C:\xampp\htdocs\projek\public\index.php(37): CodeIgniter\CodeIgniter->run()
#13 C:\xampp\htdocs\projek\system\Commands\Server\rewrite.php(43): require_once('C:\\xampp\\htdocs...')
#14 {main}
