CRITICAL - 2022-03-27 23:05:12 --> Invalid file: jabatan.php
#0 C:\xampp\htdocs\projek\system\View\View.php(198): CodeIgniter\Exceptions\FrameworkException::forInvalidFile('jabatan.php')
#1 C:\xampp\htdocs\projek\system\Common.php(1089): CodeIgniter\View\View->render('jabatan.php', Array, true)
#2 C:\xampp\htdocs\projek\app\Controllers\Pages.php(13): view('jabatan.php')
#3 C:\xampp\htdocs\projek\system\CodeIgniter.php(832): App\Controllers\Pages->jabatan()
#4 C:\xampp\htdocs\projek\system\CodeIgniter.php(419): CodeIgniter\CodeIgniter->runController(Object(App\Controllers\Pages))
#5 C:\xampp\htdocs\projek\system\CodeIgniter.php(326): CodeIgniter\CodeIgniter->handleRequest(NULL, Object(Config\Cache), false)
#6 C:\xampp\htdocs\projek\public\index.php(37): CodeIgniter\CodeIgniter->run()
#7 C:\xampp\htdocs\projek\system\Commands\Server\rewrite.php(43): require_once('C:\\xampp\\htdocs...')
#8 {main}
CRITICAL - 2022-03-27 23:32:11 --> Invalid file: dasboard.php
#0 C:\xampp\htdocs\projek\system\View\View.php(198): CodeIgniter\Exceptions\FrameworkException::forInvalidFile('dasboard.php')
#1 C:\xampp\htdocs\projek\system\Common.php(1089): CodeIgniter\View\View->render('dasboard.php', Array, true)
#2 C:\xampp\htdocs\projek\app\Controllers\Home.php(9): view('dasboard.php')
#3 C:\xampp\htdocs\projek\system\CodeIgniter.php(832): App\Controllers\Home->index()
#4 C:\xampp\htdocs\projek\system\CodeIgniter.php(419): CodeIgniter\CodeIgniter->runController(Object(App\Controllers\Home))
#5 C:\xampp\htdocs\projek\system\CodeIgniter.php(326): CodeIgniter\CodeIgniter->handleRequest(NULL, Object(Config\Cache), false)
#6 C:\xampp\htdocs\projek\public\index.php(37): CodeIgniter\CodeIgniter->run()
#7 C:\xampp\htdocs\projek\system\Commands\Server\rewrite.php(43): require_once('C:\\xampp\\htdocs...')
#8 {main}
CRITICAL - 2022-03-27 23:47:31 --> Undefined variable $halaman
#0 C:\xampp\htdocs\projek\app\Views\layout\template.php(21): CodeIgniter\Debug\Exceptions->errorHandler(2, 'Undefined varia...', 'C:\\xampp\\htdocs...', 21)
#1 C:\xampp\htdocs\projek\system\View\View.php(210): include('C:\\xampp\\htdocs...')
#2 C:\xampp\htdocs\projek\system\View\View.php(213): CodeIgniter\View\View->CodeIgniter\View\{closure}()
#3 C:\xampp\htdocs\projek\system\View\View.php(226): CodeIgniter\View\View->render('layout/template', Array, true)
#4 C:\xampp\htdocs\projek\system\Common.php(1089): CodeIgniter\View\View->render('absensi/upload....', Array, true)
#5 C:\xampp\htdocs\projek\app\Controllers\Home.php(20): view('absensi/upload....')
#6 C:\xampp\htdocs\projek\system\CodeIgniter.php(832): App\Controllers\Home->upload()
#7 C:\xampp\htdocs\projek\system\CodeIgniter.php(419): CodeIgniter\CodeIgniter->runController(Object(App\Controllers\Home))
#8 C:\xampp\htdocs\projek\system\CodeIgniter.php(326): CodeIgniter\CodeIgniter->handleRequest(NULL, Object(Config\Cache), false)
#9 C:\xampp\htdocs\projek\public\index.php(37): CodeIgniter\CodeIgniter->run()
#10 C:\xampp\htdocs\projek\system\Commands\Server\rewrite.php(43): require_once('C:\\xampp\\htdocs...')
#11 {main}
CRITICAL - 2022-03-27 23:51:49 --> Invalid file: absensi/harian.php,
#0 C:\xampp\htdocs\projek\system\View\View.php(198): CodeIgniter\Exceptions\FrameworkException::forInvalidFile('absensi/harian....')
#1 C:\xampp\htdocs\projek\system\Common.php(1089): CodeIgniter\View\View->render('absensi/harian....', Array, true)
#2 C:\xampp\htdocs\projek\app\Controllers\Home.php(20): view('absensi/harian....', Array)
#3 C:\xampp\htdocs\projek\system\CodeIgniter.php(832): App\Controllers\Home->harian()
#4 C:\xampp\htdocs\projek\system\CodeIgniter.php(419): CodeIgniter\CodeIgniter->runController(Object(App\Controllers\Home))
#5 C:\xampp\htdocs\projek\system\CodeIgniter.php(326): CodeIgniter\CodeIgniter->handleRequest(NULL, Object(Config\Cache), false)
#6 C:\xampp\htdocs\projek\public\index.php(37): CodeIgniter\CodeIgniter->run()
#7 C:\xampp\htdocs\projek\system\Commands\Server\rewrite.php(43): require_once('C:\\xampp\\htdocs...')
#8 {main}
CRITICAL - 2022-03-27 23:54:11 --> Invalid file: absensi/harian.php,
#0 C:\xampp\htdocs\projek\system\View\View.php(198): CodeIgniter\Exceptions\FrameworkException::forInvalidFile('absensi/harian....')
#1 C:\xampp\htdocs\projek\system\Common.php(1089): CodeIgniter\View\View->render('absensi/harian....', Array, true)
#2 C:\xampp\htdocs\projek\app\Controllers\Home.php(20): view('absensi/harian....', Array)
#3 C:\xampp\htdocs\projek\system\CodeIgniter.php(832): App\Controllers\Home->harian()
#4 C:\xampp\htdocs\projek\system\CodeIgniter.php(419): CodeIgniter\CodeIgniter->runController(Object(App\Controllers\Home))
#5 C:\xampp\htdocs\projek\system\CodeIgniter.php(326): CodeIgniter\CodeIgniter->handleRequest(NULL, Object(Config\Cache), false)
#6 C:\xampp\htdocs\projek\public\index.php(37): CodeIgniter\CodeIgniter->run()
#7 C:\xampp\htdocs\projek\system\Commands\Server\rewrite.php(43): require_once('C:\\xampp\\htdocs...')
#8 {main}
