CRITICAL - 2022-06-02 16:57:28 --> Too few arguments to function App\Controllers\Home::profil_daftar(), 0 passed in C:\xampp\htdocs\projek\system\CodeIgniter.php on line 832 and exactly 1 expected
#0 C:\xampp\htdocs\projek\system\CodeIgniter.php(832): App\Controllers\Home->profil_daftar()
#1 C:\xampp\htdocs\projek\system\CodeIgniter.php(419): CodeIgniter\CodeIgniter->runController(Object(App\Controllers\Home))
#2 C:\xampp\htdocs\projek\system\CodeIgniter.php(326): CodeIgniter\CodeIgniter->handleRequest(NULL, Object(Config\Cache), false)
#3 C:\xampp\htdocs\projek\public\index.php(37): CodeIgniter\CodeIgniter->run()
#4 C:\xampp\htdocs\projek\system\Commands\Server\rewrite.php(43): require_once('C:\\xampp\\htdocs...')
#5 {main}
CRITICAL - 2022-06-02 16:57:46 --> Too few arguments to function App\Controllers\Home::profil_daftar(), 0 passed in C:\xampp\htdocs\projek\system\CodeIgniter.php on line 832 and exactly 1 expected
#0 C:\xampp\htdocs\projek\system\CodeIgniter.php(832): App\Controllers\Home->profil_daftar()
#1 C:\xampp\htdocs\projek\system\CodeIgniter.php(419): CodeIgniter\CodeIgniter->runController(Object(App\Controllers\Home))
#2 C:\xampp\htdocs\projek\system\CodeIgniter.php(326): CodeIgniter\CodeIgniter->handleRequest(NULL, Object(Config\Cache), false)
#3 C:\xampp\htdocs\projek\public\index.php(37): CodeIgniter\CodeIgniter->run()
#4 C:\xampp\htdocs\projek\system\Commands\Server\rewrite.php(43): require_once('C:\\xampp\\htdocs...')
#5 {main}
CRITICAL - 2022-06-02 17:32:27 --> Cannot access offset of type string on string
#0 C:\xampp\htdocs\projek\system\CodeIgniter.php(832): App\Controllers\Home->profil_daftar('5')
#1 C:\xampp\htdocs\projek\system\CodeIgniter.php(419): CodeIgniter\CodeIgniter->runController(Object(App\Controllers\Home))
#2 C:\xampp\htdocs\projek\system\CodeIgniter.php(326): CodeIgniter\CodeIgniter->handleRequest(NULL, Object(Config\Cache), false)
#3 C:\xampp\htdocs\projek\public\index.php(37): CodeIgniter\CodeIgniter->run()
#4 C:\xampp\htdocs\projek\system\Commands\Server\rewrite.php(43): require_once('C:\\xampp\\htdocs...')
#5 {main}
CRITICAL - 2022-06-02 17:47:56 --> unlink(foto/): Is a directory
#0 [internal function]: CodeIgniter\Debug\Exceptions->errorHandler(2, 'unlink(foto/): ...', 'C:\\xampp\\htdocs...', 392)
#1 C:\xampp\htdocs\projek\app\Controllers\Save.php(392): unlink('foto/')
#2 C:\xampp\htdocs\projek\system\CodeIgniter.php(832): App\Controllers\Save->edit_daftar('22')
#3 C:\xampp\htdocs\projek\system\CodeIgniter.php(419): CodeIgniter\CodeIgniter->runController(Object(App\Controllers\Save))
#4 C:\xampp\htdocs\projek\system\CodeIgniter.php(326): CodeIgniter\CodeIgniter->handleRequest(NULL, Object(Config\Cache), false)
#5 C:\xampp\htdocs\projek\public\index.php(37): CodeIgniter\CodeIgniter->run()
#6 C:\xampp\htdocs\projek\system\Commands\Server\rewrite.php(43): require_once('C:\\xampp\\htdocs...')
#7 {main}
