CRITICAL - 2022-04-12 01:37:01 --> Undefined array key "bahasa"
#0 C:\xampp\htdocs\projek\app\Controllers\Save.php(200): CodeIgniter\Debug\Exceptions->errorHandler(2, 'Undefined array...', 'C:\\xampp\\htdocs...', 200)
#1 C:\xampp\htdocs\projek\system\CodeIgniter.php(832): App\Controllers\Save->performa()
#2 C:\xampp\htdocs\projek\system\CodeIgniter.php(419): CodeIgniter\CodeIgniter->runController(Object(App\Controllers\Save))
#3 C:\xampp\htdocs\projek\system\CodeIgniter.php(326): CodeIgniter\CodeIgniter->handleRequest(NULL, Object(Config\Cache), false)
#4 C:\xampp\htdocs\projek\public\index.php(37): CodeIgniter\CodeIgniter->run()
#5 C:\xampp\htdocs\projek\system\Commands\Server\rewrite.php(43): require_once('C:\\xampp\\htdocs...')
#6 {main}
CRITICAL - 2022-04-12 01:38:54 --> Undefined array key "bahasa"
#0 C:\xampp\htdocs\projek\app\Controllers\Save.php(200): CodeIgniter\Debug\Exceptions->errorHandler(2, 'Undefined array...', 'C:\\xampp\\htdocs...', 200)
#1 C:\xampp\htdocs\projek\system\CodeIgniter.php(832): App\Controllers\Save->performa()
#2 C:\xampp\htdocs\projek\system\CodeIgniter.php(419): CodeIgniter\CodeIgniter->runController(Object(App\Controllers\Save))
#3 C:\xampp\htdocs\projek\system\CodeIgniter.php(326): CodeIgniter\CodeIgniter->handleRequest(NULL, Object(Config\Cache), false)
#4 C:\xampp\htdocs\projek\public\index.php(37): CodeIgniter\CodeIgniter->run()
#5 C:\xampp\htdocs\projek\system\Commands\Server\rewrite.php(43): require_once('C:\\xampp\\htdocs...')
#6 {main}
CRITICAL - 2022-04-12 01:41:26 --> Undefined array key "bahasa"
#0 C:\xampp\htdocs\projek\app\Controllers\Save.php(200): CodeIgniter\Debug\Exceptions->errorHandler(2, 'Undefined array...', 'C:\\xampp\\htdocs...', 200)
#1 C:\xampp\htdocs\projek\system\CodeIgniter.php(832): App\Controllers\Save->performa()
#2 C:\xampp\htdocs\projek\system\CodeIgniter.php(419): CodeIgniter\CodeIgniter->runController(Object(App\Controllers\Save))
#3 C:\xampp\htdocs\projek\system\CodeIgniter.php(326): CodeIgniter\CodeIgniter->handleRequest(NULL, Object(Config\Cache), false)
#4 C:\xampp\htdocs\projek\public\index.php(37): CodeIgniter\CodeIgniter->run()
#5 C:\xampp\htdocs\projek\system\Commands\Server\rewrite.php(43): require_once('C:\\xampp\\htdocs...')
#6 {main}
ERROR - 2022-04-12 02:02:17 --> Operand should contain 1 column(s)
CRITICAL - 2022-04-12 02:02:17 --> Operand should contain 1 column(s)
#0 C:\xampp\htdocs\projek\system\Database\MySQLi\Connection.php(292): mysqli->query('INSERT INTO `co...', 0)
#1 C:\xampp\htdocs\projek\system\Database\BaseConnection.php(670): CodeIgniter\Database\MySQLi\Connection->execute('INSERT INTO `co...')
#2 C:\xampp\htdocs\projek\system\Database\BaseConnection.php(598): CodeIgniter\Database\BaseConnection->simpleQuery('INSERT INTO `co...')
#3 C:\xampp\htdocs\projek\system\Database\BaseBuilder.php(1771): CodeIgniter\Database\BaseConnection->query('INSERT INTO `co...', Array, false)
#4 C:\xampp\htdocs\projek\system\Model.php(239): CodeIgniter\Database\BaseBuilder->insert()
#5 C:\xampp\htdocs\projek\system\BaseModel.php(738): CodeIgniter\Model->doInsert(Array)
#6 C:\xampp\htdocs\projek\system\Model.php(625): CodeIgniter\BaseModel->insert(Array, false)
#7 C:\xampp\htdocs\projek\system\BaseModel.php(658): CodeIgniter\Model->insert(Array, false)
#8 C:\xampp\htdocs\projek\app\Controllers\Save.php(201): CodeIgniter\BaseModel->save(Array)
#9 C:\xampp\htdocs\projek\system\CodeIgniter.php(832): App\Controllers\Save->performa()
#10 C:\xampp\htdocs\projek\system\CodeIgniter.php(419): CodeIgniter\CodeIgniter->runController(Object(App\Controllers\Save))
#11 C:\xampp\htdocs\projek\system\CodeIgniter.php(326): CodeIgniter\CodeIgniter->handleRequest(NULL, Object(Config\Cache), false)
#12 C:\xampp\htdocs\projek\public\index.php(37): CodeIgniter\CodeIgniter->run()
#13 C:\xampp\htdocs\projek\system\Commands\Server\rewrite.php(43): require_once('C:\\xampp\\htdocs...')
#14 {main}
ERROR - 2022-04-12 02:03:43 --> Operand should contain 1 column(s)
CRITICAL - 2022-04-12 02:03:43 --> Operand should contain 1 column(s)
#0 C:\xampp\htdocs\projek\system\Database\MySQLi\Connection.php(292): mysqli->query('INSERT INTO `co...', 0)
#1 C:\xampp\htdocs\projek\system\Database\BaseConnection.php(670): CodeIgniter\Database\MySQLi\Connection->execute('INSERT INTO `co...')
#2 C:\xampp\htdocs\projek\system\Database\BaseConnection.php(598): CodeIgniter\Database\BaseConnection->simpleQuery('INSERT INTO `co...')
#3 C:\xampp\htdocs\projek\system\Database\BaseBuilder.php(1771): CodeIgniter\Database\BaseConnection->query('INSERT INTO `co...', Array, false)
#4 C:\xampp\htdocs\projek\system\Model.php(239): CodeIgniter\Database\BaseBuilder->insert()
#5 C:\xampp\htdocs\projek\system\BaseModel.php(738): CodeIgniter\Model->doInsert(Array)
#6 C:\xampp\htdocs\projek\system\Model.php(625): CodeIgniter\BaseModel->insert(Array, false)
#7 C:\xampp\htdocs\projek\system\BaseModel.php(658): CodeIgniter\Model->insert(Array, false)
#8 C:\xampp\htdocs\projek\app\Controllers\Save.php(201): CodeIgniter\BaseModel->save(Array)
#9 C:\xampp\htdocs\projek\system\CodeIgniter.php(832): App\Controllers\Save->performa()
#10 C:\xampp\htdocs\projek\system\CodeIgniter.php(419): CodeIgniter\CodeIgniter->runController(Object(App\Controllers\Save))
#11 C:\xampp\htdocs\projek\system\CodeIgniter.php(326): CodeIgniter\CodeIgniter->handleRequest(NULL, Object(Config\Cache), false)
#12 C:\xampp\htdocs\projek\public\index.php(37): CodeIgniter\CodeIgniter->run()
#13 C:\xampp\htdocs\projek\system\Commands\Server\rewrite.php(43): require_once('C:\\xampp\\htdocs...')
#14 {main}
CRITICAL - 2022-04-12 02:23:48 --> Unsupported operand types: string + string
#0 C:\xampp\htdocs\projek\system\CodeIgniter.php(832): App\Controllers\Save->performa()
#1 C:\xampp\htdocs\projek\system\CodeIgniter.php(419): CodeIgniter\CodeIgniter->runController(Object(App\Controllers\Save))
#2 C:\xampp\htdocs\projek\system\CodeIgniter.php(326): CodeIgniter\CodeIgniter->handleRequest(NULL, Object(Config\Cache), false)
#3 C:\xampp\htdocs\projek\public\index.php(37): CodeIgniter\CodeIgniter->run()
#4 C:\xampp\htdocs\projek\system\Commands\Server\rewrite.php(43): require_once('C:\\xampp\\htdocs...')
#5 {main}
ERROR - 2022-04-12 02:44:04 --> Operand should contain 1 column(s)
CRITICAL - 2022-04-12 02:44:04 --> Operand should contain 1 column(s)
#0 C:\xampp\htdocs\projek\system\Database\MySQLi\Connection.php(292): mysqli->query('INSERT INTO `co...', 0)
#1 C:\xampp\htdocs\projek\system\Database\BaseConnection.php(670): CodeIgniter\Database\MySQLi\Connection->execute('INSERT INTO `co...')
#2 C:\xampp\htdocs\projek\system\Database\BaseConnection.php(598): CodeIgniter\Database\BaseConnection->simpleQuery('INSERT INTO `co...')
#3 C:\xampp\htdocs\projek\system\Database\BaseBuilder.php(1771): CodeIgniter\Database\BaseConnection->query('INSERT INTO `co...', Array, false)
#4 C:\xampp\htdocs\projek\system\Model.php(239): CodeIgniter\Database\BaseBuilder->insert()
#5 C:\xampp\htdocs\projek\system\BaseModel.php(738): CodeIgniter\Model->doInsert(Array)
#6 C:\xampp\htdocs\projek\system\Model.php(625): CodeIgniter\BaseModel->insert(Array, false)
#7 C:\xampp\htdocs\projek\system\BaseModel.php(658): CodeIgniter\Model->insert(Array, false)
#8 C:\xampp\htdocs\projek\app\Controllers\Save.php(201): CodeIgniter\BaseModel->save(Array)
#9 C:\xampp\htdocs\projek\system\CodeIgniter.php(832): App\Controllers\Save->performa()
#10 C:\xampp\htdocs\projek\system\CodeIgniter.php(419): CodeIgniter\CodeIgniter->runController(Object(App\Controllers\Save))
#11 C:\xampp\htdocs\projek\system\CodeIgniter.php(326): CodeIgniter\CodeIgniter->handleRequest(NULL, Object(Config\Cache), false)
#12 C:\xampp\htdocs\projek\public\index.php(37): CodeIgniter\CodeIgniter->run()
#13 C:\xampp\htdocs\projek\system\Commands\Server\rewrite.php(43): require_once('C:\\xampp\\htdocs...')
#14 {main}
CRITICAL - 2022-04-12 02:58:31 --> Undefined property: App\Controllers\Save::$db
#0 C:\xampp\htdocs\projek\app\Controllers\Save.php(205): CodeIgniter\Debug\Exceptions->errorHandler(2, 'Undefined prope...', 'C:\\xampp\\htdocs...', 205)
#1 C:\xampp\htdocs\projek\system\CodeIgniter.php(832): App\Controllers\Save->performa()
#2 C:\xampp\htdocs\projek\system\CodeIgniter.php(419): CodeIgniter\CodeIgniter->runController(Object(App\Controllers\Save))
#3 C:\xampp\htdocs\projek\system\CodeIgniter.php(326): CodeIgniter\CodeIgniter->handleRequest(NULL, Object(Config\Cache), false)
#4 C:\xampp\htdocs\projek\public\index.php(37): CodeIgniter\CodeIgniter->run()
#5 C:\xampp\htdocs\projek\system\Commands\Server\rewrite.php(43): require_once('C:\\xampp\\htdocs...')
#6 {main}
CRITICAL - 2022-04-12 04:07:38 --> Undefined property: App\Controllers\Recruitment::$lowonganModel
#0 C:\xampp\htdocs\projek\app\Controllers\Recruitment.php(11): CodeIgniter\Debug\Exceptions->errorHandler(2, 'Undefined prope...', 'C:\\xampp\\htdocs...', 11)
#1 C:\xampp\htdocs\projek\system\CodeIgniter.php(832): App\Controllers\Recruitment->lowongan()
#2 C:\xampp\htdocs\projek\system\CodeIgniter.php(419): CodeIgniter\CodeIgniter->runController(Object(App\Controllers\Recruitment))
#3 C:\xampp\htdocs\projek\system\CodeIgniter.php(326): CodeIgniter\CodeIgniter->handleRequest(NULL, Object(Config\Cache), false)
#4 C:\xampp\htdocs\projek\public\index.php(37): CodeIgniter\CodeIgniter->run()
#5 C:\xampp\htdocs\projek\system\Commands\Server\rewrite.php(43): require_once('C:\\xampp\\htdocs...')
#6 {main}
CRITICAL - 2022-04-12 04:09:57 --> Call to protected App\Controllers\Recruitment::__construct() from scope CodeIgniter\CodeIgniter
#0 C:\xampp\htdocs\projek\system\CodeIgniter.php(410): CodeIgniter\CodeIgniter->createController()
#1 C:\xampp\htdocs\projek\system\CodeIgniter.php(326): CodeIgniter\CodeIgniter->handleRequest(NULL, Object(Config\Cache), false)
#2 C:\xampp\htdocs\projek\public\index.php(37): CodeIgniter\CodeIgniter->run()
#3 C:\xampp\htdocs\projek\system\Commands\Server\rewrite.php(43): require_once('C:\\xampp\\htdocs...')
#4 {main}
CRITICAL - 2022-04-12 04:11:26 --> Call to undefined method App\Models\LowonganModel::finAll
#0 C:\xampp\htdocs\projek\app\Controllers\Recruitment.php(18): CodeIgniter\Model->__call('finAll', Array)
#1 C:\xampp\htdocs\projek\system\CodeIgniter.php(832): App\Controllers\Recruitment->lowongan()
#2 C:\xampp\htdocs\projek\system\CodeIgniter.php(419): CodeIgniter\CodeIgniter->runController(Object(App\Controllers\Recruitment))
#3 C:\xampp\htdocs\projek\system\CodeIgniter.php(326): CodeIgniter\CodeIgniter->handleRequest(NULL, Object(Config\Cache), false)
#4 C:\xampp\htdocs\projek\public\index.php(37): CodeIgniter\CodeIgniter->run()
#5 C:\xampp\htdocs\projek\system\Commands\Server\rewrite.php(43): require_once('C:\\xampp\\htdocs...')
#6 {main}
CRITICAL - 2022-04-12 04:12:22 --> Undefined array key ""
#0 C:\xampp\htdocs\projek\app\Views\recruitment\lowongan.php(22): CodeIgniter\Debug\Exceptions->errorHandler(2, 'Undefined array...', 'C:\\xampp\\htdocs...', 22)
#1 C:\xampp\htdocs\projek\system\View\View.php(210): include('C:\\xampp\\htdocs...')
#2 C:\xampp\htdocs\projek\system\View\View.php(213): CodeIgniter\View\View->CodeIgniter\View\{closure}()
#3 C:\xampp\htdocs\projek\system\Common.php(1089): CodeIgniter\View\View->render('recruitment/low...', Array, true)
#4 C:\xampp\htdocs\projek\app\Controllers\Recruitment.php(24): view('recruitment/low...', Array)
#5 C:\xampp\htdocs\projek\system\CodeIgniter.php(832): App\Controllers\Recruitment->lowongan()
#6 C:\xampp\htdocs\projek\system\CodeIgniter.php(419): CodeIgniter\CodeIgniter->runController(Object(App\Controllers\Recruitment))
#7 C:\xampp\htdocs\projek\system\CodeIgniter.php(326): CodeIgniter\CodeIgniter->handleRequest(NULL, Object(Config\Cache), false)
#8 C:\xampp\htdocs\projek\public\index.php(37): CodeIgniter\CodeIgniter->run()
#9 C:\xampp\htdocs\projek\system\Commands\Server\rewrite.php(43): require_once('C:\\xampp\\htdocs...')
#10 {main}
CRITICAL - 2022-04-12 04:13:00 --> Undefined array key "jabatan"
#0 C:\xampp\htdocs\projek\app\Views\recruitment\lowongan.php(24): CodeIgniter\Debug\Exceptions->errorHandler(2, 'Undefined array...', 'C:\\xampp\\htdocs...', 24)
#1 C:\xampp\htdocs\projek\system\View\View.php(210): include('C:\\xampp\\htdocs...')
#2 C:\xampp\htdocs\projek\system\View\View.php(213): CodeIgniter\View\View->CodeIgniter\View\{closure}()
#3 C:\xampp\htdocs\projek\system\Common.php(1089): CodeIgniter\View\View->render('recruitment/low...', Array, true)
#4 C:\xampp\htdocs\projek\app\Controllers\Recruitment.php(24): view('recruitment/low...', Array)
#5 C:\xampp\htdocs\projek\system\CodeIgniter.php(832): App\Controllers\Recruitment->lowongan()
#6 C:\xampp\htdocs\projek\system\CodeIgniter.php(419): CodeIgniter\CodeIgniter->runController(Object(App\Controllers\Recruitment))
#7 C:\xampp\htdocs\projek\system\CodeIgniter.php(326): CodeIgniter\CodeIgniter->handleRequest(NULL, Object(Config\Cache), false)
#8 C:\xampp\htdocs\projek\public\index.php(37): CodeIgniter\CodeIgniter->run()
#9 C:\xampp\htdocs\projek\system\Commands\Server\rewrite.php(43): require_once('C:\\xampp\\htdocs...')
#10 {main}
CRITICAL - 2022-04-12 04:13:25 --> Undefined array key "tgl_mulai"
#0 C:\xampp\htdocs\projek\app\Views\recruitment\lowongan.php(26): CodeIgniter\Debug\Exceptions->errorHandler(2, 'Undefined array...', 'C:\\xampp\\htdocs...', 26)
#1 C:\xampp\htdocs\projek\system\View\View.php(210): include('C:\\xampp\\htdocs...')
#2 C:\xampp\htdocs\projek\system\View\View.php(213): CodeIgniter\View\View->CodeIgniter\View\{closure}()
#3 C:\xampp\htdocs\projek\system\Common.php(1089): CodeIgniter\View\View->render('recruitment/low...', Array, true)
#4 C:\xampp\htdocs\projek\app\Controllers\Recruitment.php(24): view('recruitment/low...', Array)
#5 C:\xampp\htdocs\projek\system\CodeIgniter.php(832): App\Controllers\Recruitment->lowongan()
#6 C:\xampp\htdocs\projek\system\CodeIgniter.php(419): CodeIgniter\CodeIgniter->runController(Object(App\Controllers\Recruitment))
#7 C:\xampp\htdocs\projek\system\CodeIgniter.php(326): CodeIgniter\CodeIgniter->handleRequest(NULL, Object(Config\Cache), false)
#8 C:\xampp\htdocs\projek\public\index.php(37): CodeIgniter\CodeIgniter->run()
#9 C:\xampp\htdocs\projek\system\Commands\Server\rewrite.php(43): require_once('C:\\xampp\\htdocs...')
#10 {main}
CRITICAL - 2022-04-12 20:39:47 --> Call to undefined method App\Models\BahasaModel::getBahasa
#0 C:\xampp\htdocs\projek\app\Controllers\Home.php(57): CodeIgniter\Model->__call('getBahasa', Array)
#1 C:\xampp\htdocs\projek\system\CodeIgniter.php(832): App\Controllers\Home->admin()
#2 C:\xampp\htdocs\projek\system\CodeIgniter.php(419): CodeIgniter\CodeIgniter->runController(Object(App\Controllers\Home))
#3 C:\xampp\htdocs\projek\system\CodeIgniter.php(326): CodeIgniter\CodeIgniter->handleRequest(NULL, Object(Config\Cache), false)
#4 C:\xampp\htdocs\projek\public\index.php(37): CodeIgniter\CodeIgniter->run()
#5 C:\xampp\htdocs\projek\system\Commands\Server\rewrite.php(43): require_once('C:\\xampp\\htdocs...')
#6 {main}
CRITICAL - 2022-04-12 20:45:21 --> Call to a member function save() on null
#0 C:\xampp\htdocs\projek\system\CodeIgniter.php(832): App\Controllers\Home->ijinadmin()
#1 C:\xampp\htdocs\projek\system\CodeIgniter.php(419): CodeIgniter\CodeIgniter->runController(Object(App\Controllers\Home))
#2 C:\xampp\htdocs\projek\system\CodeIgniter.php(326): CodeIgniter\CodeIgniter->handleRequest(NULL, Object(Config\Cache), false)
#3 C:\xampp\htdocs\projek\public\index.php(37): CodeIgniter\CodeIgniter->run()
#4 C:\xampp\htdocs\projek\system\Commands\Server\rewrite.php(43): require_once('C:\\xampp\\htdocs...')
#5 {main}
CRITICAL - 2022-04-12 20:48:43 --> Call to a member function save() on null
#0 C:\xampp\htdocs\projek\system\CodeIgniter.php(832): App\Controllers\Home->ijinadmin()
#1 C:\xampp\htdocs\projek\system\CodeIgniter.php(419): CodeIgniter\CodeIgniter->runController(Object(App\Controllers\Home))
#2 C:\xampp\htdocs\projek\system\CodeIgniter.php(326): CodeIgniter\CodeIgniter->handleRequest(NULL, Object(Config\Cache), false)
#3 C:\xampp\htdocs\projek\public\index.php(37): CodeIgniter\CodeIgniter->run()
#4 C:\xampp\htdocs\projek\system\Commands\Server\rewrite.php(43): require_once('C:\\xampp\\htdocs...')
#5 {main}
CRITICAL - 2022-04-12 20:49:45 --> Call to a member function save() on null
#0 C:\xampp\htdocs\projek\system\CodeIgniter.php(832): App\Controllers\Home->ijinadmin()
#1 C:\xampp\htdocs\projek\system\CodeIgniter.php(419): CodeIgniter\CodeIgniter->runController(Object(App\Controllers\Home))
#2 C:\xampp\htdocs\projek\system\CodeIgniter.php(326): CodeIgniter\CodeIgniter->handleRequest(NULL, Object(Config\Cache), false)
#3 C:\xampp\htdocs\projek\public\index.php(37): CodeIgniter\CodeIgniter->run()
#4 C:\xampp\htdocs\projek\system\Commands\Server\rewrite.php(43): require_once('C:\\xampp\\htdocs...')
#5 {main}
CRITICAL - 2022-04-12 21:05:37 --> Undefined array key "id_ijin"
#0 C:\xampp\htdocs\projek\app\Views\absensi\harian.php(51): CodeIgniter\Debug\Exceptions->errorHandler(2, 'Undefined array...', 'C:\\xampp\\htdocs...', 51)
#1 C:\xampp\htdocs\projek\system\View\View.php(210): include('C:\\xampp\\htdocs...')
#2 C:\xampp\htdocs\projek\system\View\View.php(213): CodeIgniter\View\View->CodeIgniter\View\{closure}()
#3 C:\xampp\htdocs\projek\system\Common.php(1089): CodeIgniter\View\View->render('absensi/harian....', Array, true)
#4 C:\xampp\htdocs\projek\app\Controllers\Absensi.php(23): view('absensi/harian....', Array)
#5 C:\xampp\htdocs\projek\system\CodeIgniter.php(832): App\Controllers\Absensi->harian()
#6 C:\xampp\htdocs\projek\system\CodeIgniter.php(419): CodeIgniter\CodeIgniter->runController(Object(App\Controllers\Absensi))
#7 C:\xampp\htdocs\projek\system\CodeIgniter.php(326): CodeIgniter\CodeIgniter->handleRequest(NULL, Object(Config\Cache), false)
#8 C:\xampp\htdocs\projek\public\index.php(37): CodeIgniter\CodeIgniter->run()
#9 C:\xampp\htdocs\projek\system\Commands\Server\rewrite.php(43): require_once('C:\\xampp\\htdocs...')
#10 {main}
CRITICAL - 2022-04-12 23:45:09 --> Undefined variable $hariini
#0 C:\xampp\htdocs\projek\app\Views\performa.php(10): CodeIgniter\Debug\Exceptions->errorHandler(2, 'Undefined varia...', 'C:\\xampp\\htdocs...', 10)
#1 C:\xampp\htdocs\projek\system\View\View.php(210): include('C:\\xampp\\htdocs...')
#2 C:\xampp\htdocs\projek\system\View\View.php(213): CodeIgniter\View\View->CodeIgniter\View\{closure}()
#3 C:\xampp\htdocs\projek\system\Common.php(1089): CodeIgniter\View\View->render('performa.php', Array, true)
#4 C:\xampp\htdocs\projek\app\Controllers\Home.php(42): view('performa.php', Array)
#5 C:\xampp\htdocs\projek\system\CodeIgniter.php(832): App\Controllers\Home->performa()
#6 C:\xampp\htdocs\projek\system\CodeIgniter.php(419): CodeIgniter\CodeIgniter->runController(Object(App\Controllers\Home))
#7 C:\xampp\htdocs\projek\system\CodeIgniter.php(326): CodeIgniter\CodeIgniter->handleRequest(NULL, Object(Config\Cache), false)
#8 C:\xampp\htdocs\projek\public\index.php(37): CodeIgniter\CodeIgniter->run()
#9 C:\xampp\htdocs\projek\system\Commands\Server\rewrite.php(43): require_once('C:\\xampp\\htdocs...')
#10 {main}
