CRITICAL - 2022-04-05 03:06:57 --> Undefined property: App\Controllers\Save::$cobaajaModel
#0 C:\xampp\htdocs\projek\app\Controllers\Save.php(36): CodeIgniter\Debug\Exceptions->errorHandler(2, 'Undefined prope...', 'C:\\xampp\\htdocs...', 36)
#1 C:\xampp\htdocs\projek\system\CodeIgniter.php(832): App\Controllers\Save->harian()
#2 C:\xampp\htdocs\projek\system\CodeIgniter.php(419): CodeIgniter\CodeIgniter->runController(Object(App\Controllers\Save))
#3 C:\xampp\htdocs\projek\system\CodeIgniter.php(326): CodeIgniter\CodeIgniter->handleRequest(NULL, Object(Config\Cache), false)
#4 C:\xampp\htdocs\projek\public\index.php(37): CodeIgniter\CodeIgniter->run()
#5 C:\xampp\htdocs\projek\system\Commands\Server\rewrite.php(43): require_once('C:\\xampp\\htdocs...')
#6 {main}
CRITICAL - 2022-04-05 03:11:53 --> Undefined property: App\Controllers\Save::$cobaajaModel
#0 C:\xampp\htdocs\projek\app\Controllers\Save.php(36): CodeIgniter\Debug\Exceptions->errorHandler(2, 'Undefined prope...', 'C:\\xampp\\htdocs...', 36)
#1 C:\xampp\htdocs\projek\system\CodeIgniter.php(832): App\Controllers\Save->harian()
#2 C:\xampp\htdocs\projek\system\CodeIgniter.php(419): CodeIgniter\CodeIgniter->runController(Object(App\Controllers\Save))
#3 C:\xampp\htdocs\projek\system\CodeIgniter.php(326): CodeIgniter\CodeIgniter->handleRequest(NULL, Object(Config\Cache), false)
#4 C:\xampp\htdocs\projek\public\index.php(37): CodeIgniter\CodeIgniter->run()
#5 C:\xampp\htdocs\projek\system\Commands\Server\rewrite.php(43): require_once('C:\\xampp\\htdocs...')
#6 {main}
CRITICAL - 2022-04-05 03:13:33 --> Allowed fields must be specified for model: App\Models\CobaajaModel
#0 C:\xampp\htdocs\projek\system\BaseModel.php(1138): CodeIgniter\Database\Exceptions\DataException::forInvalidAllowedFields('App\\Models\\Coba...')
#1 C:\xampp\htdocs\projek\system\BaseModel.php(713): CodeIgniter\BaseModel->doProtectFields(Array)
#2 C:\xampp\htdocs\projek\system\Model.php(625): CodeIgniter\BaseModel->insert(Array, false)
#3 C:\xampp\htdocs\projek\system\BaseModel.php(658): CodeIgniter\Model->insert(Array, false)
#4 C:\xampp\htdocs\projek\app\Controllers\Save.php(39): CodeIgniter\BaseModel->save(Array)
#5 C:\xampp\htdocs\projek\system\CodeIgniter.php(832): App\Controllers\Save->harian()
#6 C:\xampp\htdocs\projek\system\CodeIgniter.php(419): CodeIgniter\CodeIgniter->runController(Object(App\Controllers\Save))
#7 C:\xampp\htdocs\projek\system\CodeIgniter.php(326): CodeIgniter\CodeIgniter->handleRequest(NULL, Object(Config\Cache), false)
#8 C:\xampp\htdocs\projek\public\index.php(37): CodeIgniter\CodeIgniter->run()
#9 C:\xampp\htdocs\projek\system\Commands\Server\rewrite.php(43): require_once('C:\\xampp\\htdocs...')
#10 {main}
ERROR - 2022-04-05 03:17:47 --> Column 'id_jenis' cannot be null
CRITICAL - 2022-04-05 03:17:47 --> Column 'id_jenis' cannot be null
#0 C:\xampp\htdocs\projek\system\Database\MySQLi\Connection.php(292): mysqli->query('INSERT INTO `co...', 0)
#1 C:\xampp\htdocs\projek\system\Database\BaseConnection.php(670): CodeIgniter\Database\MySQLi\Connection->execute('INSERT INTO `co...')
#2 C:\xampp\htdocs\projek\system\Database\BaseConnection.php(598): CodeIgniter\Database\BaseConnection->simpleQuery('INSERT INTO `co...')
#3 C:\xampp\htdocs\projek\system\Database\BaseBuilder.php(1771): CodeIgniter\Database\BaseConnection->query('INSERT INTO `co...', Array, false)
#4 C:\xampp\htdocs\projek\system\Model.php(239): CodeIgniter\Database\BaseBuilder->insert()
#5 C:\xampp\htdocs\projek\system\BaseModel.php(738): CodeIgniter\Model->doInsert(Array)
#6 C:\xampp\htdocs\projek\system\Model.php(625): CodeIgniter\BaseModel->insert(Array, false)
#7 C:\xampp\htdocs\projek\system\BaseModel.php(658): CodeIgniter\Model->insert(Array, false)
#8 C:\xampp\htdocs\projek\app\Controllers\Save.php(39): CodeIgniter\BaseModel->save(Array)
#9 C:\xampp\htdocs\projek\system\CodeIgniter.php(832): App\Controllers\Save->harian()
#10 C:\xampp\htdocs\projek\system\CodeIgniter.php(419): CodeIgniter\CodeIgniter->runController(Object(App\Controllers\Save))
#11 C:\xampp\htdocs\projek\system\CodeIgniter.php(326): CodeIgniter\CodeIgniter->handleRequest(NULL, Object(Config\Cache), false)
#12 C:\xampp\htdocs\projek\public\index.php(37): CodeIgniter\CodeIgniter->run()
#13 C:\xampp\htdocs\projek\system\Commands\Server\rewrite.php(43): require_once('C:\\xampp\\htdocs...')
#14 {main}
ERROR - 2022-04-05 03:18:13 --> Column 'id_jenis' cannot be null
CRITICAL - 2022-04-05 03:18:13 --> Column 'id_jenis' cannot be null
#0 C:\xampp\htdocs\projek\system\Database\MySQLi\Connection.php(292): mysqli->query('INSERT INTO `co...', 0)
#1 C:\xampp\htdocs\projek\system\Database\BaseConnection.php(670): CodeIgniter\Database\MySQLi\Connection->execute('INSERT INTO `co...')
#2 C:\xampp\htdocs\projek\system\Database\BaseConnection.php(598): CodeIgniter\Database\BaseConnection->simpleQuery('INSERT INTO `co...')
#3 C:\xampp\htdocs\projek\system\Database\BaseBuilder.php(1771): CodeIgniter\Database\BaseConnection->query('INSERT INTO `co...', Array, false)
#4 C:\xampp\htdocs\projek\system\Model.php(239): CodeIgniter\Database\BaseBuilder->insert()
#5 C:\xampp\htdocs\projek\system\BaseModel.php(738): CodeIgniter\Model->doInsert(Array)
#6 C:\xampp\htdocs\projek\system\Model.php(625): CodeIgniter\BaseModel->insert(Array, false)
#7 C:\xampp\htdocs\projek\system\BaseModel.php(658): CodeIgniter\Model->insert(Array, false)
#8 C:\xampp\htdocs\projek\app\Controllers\Save.php(39): CodeIgniter\BaseModel->save(Array)
#9 C:\xampp\htdocs\projek\system\CodeIgniter.php(832): App\Controllers\Save->harian()
#10 C:\xampp\htdocs\projek\system\CodeIgniter.php(419): CodeIgniter\CodeIgniter->runController(Object(App\Controllers\Save))
#11 C:\xampp\htdocs\projek\system\CodeIgniter.php(326): CodeIgniter\CodeIgniter->handleRequest(NULL, Object(Config\Cache), false)
#12 C:\xampp\htdocs\projek\public\index.php(37): CodeIgniter\CodeIgniter->run()
#13 C:\xampp\htdocs\projek\system\Commands\Server\rewrite.php(43): require_once('C:\\xampp\\htdocs...')
#14 {main}
ERROR - 2022-04-05 03:19:41 --> Column 'id_jenis' cannot be null
CRITICAL - 2022-04-05 03:19:41 --> Column 'id_jenis' cannot be null
#0 C:\xampp\htdocs\projek\system\Database\MySQLi\Connection.php(292): mysqli->query('INSERT INTO `co...', 0)
#1 C:\xampp\htdocs\projek\system\Database\BaseConnection.php(670): CodeIgniter\Database\MySQLi\Connection->execute('INSERT INTO `co...')
#2 C:\xampp\htdocs\projek\system\Database\BaseConnection.php(598): CodeIgniter\Database\BaseConnection->simpleQuery('INSERT INTO `co...')
#3 C:\xampp\htdocs\projek\system\Database\BaseBuilder.php(1771): CodeIgniter\Database\BaseConnection->query('INSERT INTO `co...', Array, false)
#4 C:\xampp\htdocs\projek\system\Model.php(239): CodeIgniter\Database\BaseBuilder->insert()
#5 C:\xampp\htdocs\projek\system\BaseModel.php(738): CodeIgniter\Model->doInsert(Array)
#6 C:\xampp\htdocs\projek\system\Model.php(625): CodeIgniter\BaseModel->insert(Array, false)
#7 C:\xampp\htdocs\projek\system\BaseModel.php(658): CodeIgniter\Model->insert(Array, false)
#8 C:\xampp\htdocs\projek\app\Controllers\Save.php(39): CodeIgniter\BaseModel->save(Array)
#9 C:\xampp\htdocs\projek\system\CodeIgniter.php(832): App\Controllers\Save->harian()
#10 C:\xampp\htdocs\projek\system\CodeIgniter.php(419): CodeIgniter\CodeIgniter->runController(Object(App\Controllers\Save))
#11 C:\xampp\htdocs\projek\system\CodeIgniter.php(326): CodeIgniter\CodeIgniter->handleRequest(NULL, Object(Config\Cache), false)
#12 C:\xampp\htdocs\projek\public\index.php(37): CodeIgniter\CodeIgniter->run()
#13 C:\xampp\htdocs\projek\system\Commands\Server\rewrite.php(43): require_once('C:\\xampp\\htdocs...')
#14 {main}
ERROR - 2022-04-05 03:20:48 --> Error connecting to the database: No connection could be made because the target machine actively refused it
CRITICAL - 2022-04-05 03:20:48 --> Unable to connect to the database.
Main connection [MySQLi]: No connection could be made because the target machine actively refused it
#0 C:\xampp\htdocs\projek\system\Database\BaseConnection.php(577): CodeIgniter\Database\BaseConnection->initialize()
#1 C:\xampp\htdocs\projek\system\Database\BaseBuilder.php(1771): CodeIgniter\Database\BaseConnection->query('INSERT INTO `co...', Array, false)
#2 C:\xampp\htdocs\projek\system\Model.php(239): CodeIgniter\Database\BaseBuilder->insert()
#3 C:\xampp\htdocs\projek\system\BaseModel.php(738): CodeIgniter\Model->doInsert(Array)
#4 C:\xampp\htdocs\projek\system\Model.php(625): CodeIgniter\BaseModel->insert(Array, false)
#5 C:\xampp\htdocs\projek\system\BaseModel.php(658): CodeIgniter\Model->insert(Array, false)
#6 C:\xampp\htdocs\projek\app\Controllers\Save.php(39): CodeIgniter\BaseModel->save(Array)
#7 C:\xampp\htdocs\projek\system\CodeIgniter.php(832): App\Controllers\Save->harian()
#8 C:\xampp\htdocs\projek\system\CodeIgniter.php(419): CodeIgniter\CodeIgniter->runController(Object(App\Controllers\Save))
#9 C:\xampp\htdocs\projek\system\CodeIgniter.php(326): CodeIgniter\CodeIgniter->handleRequest(NULL, Object(Config\Cache), false)
#10 C:\xampp\htdocs\projek\public\index.php(37): CodeIgniter\CodeIgniter->run()
#11 C:\xampp\htdocs\projek\system\Commands\Server\rewrite.php(43): require_once('C:\\xampp\\htdocs...')
#12 {main}
ERROR - 2022-04-05 03:27:56 --> Error connecting to the database: No connection could be made because the target machine actively refused it
CRITICAL - 2022-04-05 03:27:56 --> Unable to connect to the database.
Main connection [MySQLi]: No connection could be made because the target machine actively refused it
#0 C:\xampp\htdocs\projek\system\Database\BaseConnection.php(577): CodeIgniter\Database\BaseConnection->initialize()
#1 C:\xampp\htdocs\projek\system\Database\BaseBuilder.php(1771): CodeIgniter\Database\BaseConnection->query('INSERT INTO `co...', Array, false)
#2 C:\xampp\htdocs\projek\system\Model.php(239): CodeIgniter\Database\BaseBuilder->insert()
#3 C:\xampp\htdocs\projek\system\BaseModel.php(738): CodeIgniter\Model->doInsert(Array)
#4 C:\xampp\htdocs\projek\system\Model.php(625): CodeIgniter\BaseModel->insert(Array, false)
#5 C:\xampp\htdocs\projek\system\BaseModel.php(658): CodeIgniter\Model->insert(Array, false)
#6 C:\xampp\htdocs\projek\app\Controllers\Save.php(39): CodeIgniter\BaseModel->save(Array)
#7 C:\xampp\htdocs\projek\system\CodeIgniter.php(832): App\Controllers\Save->harian()
#8 C:\xampp\htdocs\projek\system\CodeIgniter.php(419): CodeIgniter\CodeIgniter->runController(Object(App\Controllers\Save))
#9 C:\xampp\htdocs\projek\system\CodeIgniter.php(326): CodeIgniter\CodeIgniter->handleRequest(NULL, Object(Config\Cache), false)
#10 C:\xampp\htdocs\projek\public\index.php(37): CodeIgniter\CodeIgniter->run()
#11 C:\xampp\htdocs\projek\system\Commands\Server\rewrite.php(43): require_once('C:\\xampp\\htdocs...')
#12 {main}
ERROR - 2022-04-05 03:29:01 --> Duplicate entry '0' for key 'PRIMARY'
CRITICAL - 2022-04-05 03:29:01 --> Duplicate entry '0' for key 'PRIMARY'
#0 C:\xampp\htdocs\projek\system\Database\MySQLi\Connection.php(292): mysqli->query('INSERT INTO `co...', 0)
#1 C:\xampp\htdocs\projek\system\Database\BaseConnection.php(670): CodeIgniter\Database\MySQLi\Connection->execute('INSERT INTO `co...')
#2 C:\xampp\htdocs\projek\system\Database\BaseConnection.php(598): CodeIgniter\Database\BaseConnection->simpleQuery('INSERT INTO `co...')
#3 C:\xampp\htdocs\projek\system\Database\BaseBuilder.php(1771): CodeIgniter\Database\BaseConnection->query('INSERT INTO `co...', Array, false)
#4 C:\xampp\htdocs\projek\system\Model.php(239): CodeIgniter\Database\BaseBuilder->insert()
#5 C:\xampp\htdocs\projek\system\BaseModel.php(738): CodeIgniter\Model->doInsert(Array)
#6 C:\xampp\htdocs\projek\system\Model.php(625): CodeIgniter\BaseModel->insert(Array, false)
#7 C:\xampp\htdocs\projek\system\BaseModel.php(658): CodeIgniter\Model->insert(Array, false)
#8 C:\xampp\htdocs\projek\app\Controllers\Save.php(39): CodeIgniter\BaseModel->save(Array)
#9 C:\xampp\htdocs\projek\system\CodeIgniter.php(832): App\Controllers\Save->harian()
#10 C:\xampp\htdocs\projek\system\CodeIgniter.php(419): CodeIgniter\CodeIgniter->runController(Object(App\Controllers\Save))
#11 C:\xampp\htdocs\projek\system\CodeIgniter.php(326): CodeIgniter\CodeIgniter->handleRequest(NULL, Object(Config\Cache), false)
#12 C:\xampp\htdocs\projek\public\index.php(37): CodeIgniter\CodeIgniter->run()
#13 C:\xampp\htdocs\projek\system\Commands\Server\rewrite.php(43): require_once('C:\\xampp\\htdocs...')
#14 {main}
ERROR - 2022-04-05 03:33:43 --> Column 'id_jenis' cannot be null
CRITICAL - 2022-04-05 03:33:43 --> Column 'id_jenis' cannot be null
#0 C:\xampp\htdocs\projek\system\Database\MySQLi\Connection.php(292): mysqli->query('INSERT INTO `co...', 0)
#1 C:\xampp\htdocs\projek\system\Database\BaseConnection.php(670): CodeIgniter\Database\MySQLi\Connection->execute('INSERT INTO `co...')
#2 C:\xampp\htdocs\projek\system\Database\BaseConnection.php(598): CodeIgniter\Database\BaseConnection->simpleQuery('INSERT INTO `co...')
#3 C:\xampp\htdocs\projek\system\Database\BaseBuilder.php(1771): CodeIgniter\Database\BaseConnection->query('INSERT INTO `co...', Array, false)
#4 C:\xampp\htdocs\projek\system\Model.php(239): CodeIgniter\Database\BaseBuilder->insert()
#5 C:\xampp\htdocs\projek\system\BaseModel.php(738): CodeIgniter\Model->doInsert(Array)
#6 C:\xampp\htdocs\projek\system\Model.php(625): CodeIgniter\BaseModel->insert(Array, false)
#7 C:\xampp\htdocs\projek\system\BaseModel.php(658): CodeIgniter\Model->insert(Array, false)
#8 C:\xampp\htdocs\projek\app\Controllers\Save.php(39): CodeIgniter\BaseModel->save(Array)
#9 C:\xampp\htdocs\projek\system\CodeIgniter.php(832): App\Controllers\Save->harian()
#10 C:\xampp\htdocs\projek\system\CodeIgniter.php(419): CodeIgniter\CodeIgniter->runController(Object(App\Controllers\Save))
#11 C:\xampp\htdocs\projek\system\CodeIgniter.php(326): CodeIgniter\CodeIgniter->handleRequest(NULL, Object(Config\Cache), false)
#12 C:\xampp\htdocs\projek\public\index.php(37): CodeIgniter\CodeIgniter->run()
#13 C:\xampp\htdocs\projek\system\Commands\Server\rewrite.php(43): require_once('C:\\xampp\\htdocs...')
#14 {main}
CRITICAL - 2022-04-05 20:27:24 --> Allowed fields must be specified for model: App\Models\BahasaModel
#0 C:\xampp\htdocs\projek\system\BaseModel.php(1138): CodeIgniter\Database\Exceptions\DataException::forInvalidAllowedFields('App\\Models\\Baha...')
#1 C:\xampp\htdocs\projek\system\BaseModel.php(713): CodeIgniter\BaseModel->doProtectFields(Array)
#2 C:\xampp\htdocs\projek\system\Model.php(625): CodeIgniter\BaseModel->insert(Array, false)
#3 C:\xampp\htdocs\projek\system\BaseModel.php(658): CodeIgniter\Model->insert(Array, false)
#4 C:\xampp\htdocs\projek\app\Controllers\Save.php(22): CodeIgniter\BaseModel->save(Array)
#5 C:\xampp\htdocs\projek\system\CodeIgniter.php(832): App\Controllers\Save->save()
#6 C:\xampp\htdocs\projek\system\CodeIgniter.php(419): CodeIgniter\CodeIgniter->runController(Object(App\Controllers\Save))
#7 C:\xampp\htdocs\projek\system\CodeIgniter.php(326): CodeIgniter\CodeIgniter->handleRequest(NULL, Object(Config\Cache), false)
#8 C:\xampp\htdocs\projek\public\index.php(37): CodeIgniter\CodeIgniter->run()
#9 C:\xampp\htdocs\projek\system\Commands\Server\rewrite.php(43): require_once('C:\\xampp\\htdocs...')
#10 {main}
CRITICAL - 2022-04-05 20:28:58 --> Allowed fields must be specified for model: App\Models\BahasaModel
#0 C:\xampp\htdocs\projek\system\BaseModel.php(1138): CodeIgniter\Database\Exceptions\DataException::forInvalidAllowedFields('App\\Models\\Baha...')
#1 C:\xampp\htdocs\projek\system\BaseModel.php(713): CodeIgniter\BaseModel->doProtectFields(Array)
#2 C:\xampp\htdocs\projek\system\Model.php(625): CodeIgniter\BaseModel->insert(Array, false)
#3 C:\xampp\htdocs\projek\system\BaseModel.php(658): CodeIgniter\Model->insert(Array, false)
#4 C:\xampp\htdocs\projek\app\Controllers\Save.php(22): CodeIgniter\BaseModel->save(Array)
#5 C:\xampp\htdocs\projek\system\CodeIgniter.php(832): App\Controllers\Save->save()
#6 C:\xampp\htdocs\projek\system\CodeIgniter.php(419): CodeIgniter\CodeIgniter->runController(Object(App\Controllers\Save))
#7 C:\xampp\htdocs\projek\system\CodeIgniter.php(326): CodeIgniter\CodeIgniter->handleRequest(NULL, Object(Config\Cache), false)
#8 C:\xampp\htdocs\projek\public\index.php(37): CodeIgniter\CodeIgniter->run()
#9 C:\xampp\htdocs\projek\system\Commands\Server\rewrite.php(43): require_once('C:\\xampp\\htdocs...')
#10 {main}
CRITICAL - 2022-04-05 20:29:26 --> Allowed fields must be specified for model: App\Models\BahasaModel
#0 C:\xampp\htdocs\projek\system\BaseModel.php(1138): CodeIgniter\Database\Exceptions\DataException::forInvalidAllowedFields('App\\Models\\Baha...')
#1 C:\xampp\htdocs\projek\system\BaseModel.php(713): CodeIgniter\BaseModel->doProtectFields(Array)
#2 C:\xampp\htdocs\projek\system\Model.php(625): CodeIgniter\BaseModel->insert(Array, false)
#3 C:\xampp\htdocs\projek\system\BaseModel.php(658): CodeIgniter\Model->insert(Array, false)
#4 C:\xampp\htdocs\projek\app\Controllers\Save.php(22): CodeIgniter\BaseModel->save(Array)
#5 C:\xampp\htdocs\projek\system\CodeIgniter.php(832): App\Controllers\Save->save()
#6 C:\xampp\htdocs\projek\system\CodeIgniter.php(419): CodeIgniter\CodeIgniter->runController(Object(App\Controllers\Save))
#7 C:\xampp\htdocs\projek\system\CodeIgniter.php(326): CodeIgniter\CodeIgniter->handleRequest(NULL, Object(Config\Cache), false)
#8 C:\xampp\htdocs\projek\public\index.php(37): CodeIgniter\CodeIgniter->run()
#9 C:\xampp\htdocs\projek\system\Commands\Server\rewrite.php(43): require_once('C:\\xampp\\htdocs...')
#10 {main}
CRITICAL - 2022-04-05 20:31:07 --> Allowed fields must be specified for model: App\Models\BahasaModel
#0 C:\xampp\htdocs\projek\system\BaseModel.php(1138): CodeIgniter\Database\Exceptions\DataException::forInvalidAllowedFields('App\\Models\\Baha...')
#1 C:\xampp\htdocs\projek\system\BaseModel.php(713): CodeIgniter\BaseModel->doProtectFields(Array)
#2 C:\xampp\htdocs\projek\system\Model.php(625): CodeIgniter\BaseModel->insert(Array, false)
#3 C:\xampp\htdocs\projek\system\BaseModel.php(658): CodeIgniter\Model->insert(Array, false)
#4 C:\xampp\htdocs\projek\app\Controllers\Save.php(22): CodeIgniter\BaseModel->save(Array)
#5 C:\xampp\htdocs\projek\system\CodeIgniter.php(832): App\Controllers\Save->save()
#6 C:\xampp\htdocs\projek\system\CodeIgniter.php(419): CodeIgniter\CodeIgniter->runController(Object(App\Controllers\Save))
#7 C:\xampp\htdocs\projek\system\CodeIgniter.php(326): CodeIgniter\CodeIgniter->handleRequest(NULL, Object(Config\Cache), false)
#8 C:\xampp\htdocs\projek\public\index.php(37): CodeIgniter\CodeIgniter->run()
#9 C:\xampp\htdocs\projek\system\Commands\Server\rewrite.php(43): require_once('C:\\xampp\\htdocs...')
#10 {main}
CRITICAL - 2022-04-05 20:31:32 --> Allowed fields must be specified for model: App\Models\BahasaModel
#0 C:\xampp\htdocs\projek\system\BaseModel.php(1138): CodeIgniter\Database\Exceptions\DataException::forInvalidAllowedFields('App\\Models\\Baha...')
#1 C:\xampp\htdocs\projek\system\BaseModel.php(713): CodeIgniter\BaseModel->doProtectFields(Array)
#2 C:\xampp\htdocs\projek\system\Model.php(625): CodeIgniter\BaseModel->insert(Array, false)
#3 C:\xampp\htdocs\projek\system\BaseModel.php(658): CodeIgniter\Model->insert(Array, false)
#4 C:\xampp\htdocs\projek\app\Controllers\Save.php(22): CodeIgniter\BaseModel->save(Array)
#5 C:\xampp\htdocs\projek\system\CodeIgniter.php(832): App\Controllers\Save->save()
#6 C:\xampp\htdocs\projek\system\CodeIgniter.php(419): CodeIgniter\CodeIgniter->runController(Object(App\Controllers\Save))
#7 C:\xampp\htdocs\projek\system\CodeIgniter.php(326): CodeIgniter\CodeIgniter->handleRequest(NULL, Object(Config\Cache), false)
#8 C:\xampp\htdocs\projek\public\index.php(37): CodeIgniter\CodeIgniter->run()
#9 C:\xampp\htdocs\projek\system\Commands\Server\rewrite.php(43): require_once('C:\\xampp\\htdocs...')
#10 {main}
CRITICAL - 2022-04-05 21:35:32 --> Undefined property: App\Controllers\Save::$bahasa
#0 C:\xampp\htdocs\projek\app\Controllers\Save.php(20): CodeIgniter\Debug\Exceptions->errorHandler(2, 'Undefined prope...', 'C:\\xampp\\htdocs...', 20)
#1 C:\xampp\htdocs\projek\system\CodeIgniter.php(832): App\Controllers\Save->save()
#2 C:\xampp\htdocs\projek\system\CodeIgniter.php(419): CodeIgniter\CodeIgniter->runController(Object(App\Controllers\Save))
#3 C:\xampp\htdocs\projek\system\CodeIgniter.php(326): CodeIgniter\CodeIgniter->handleRequest(NULL, Object(Config\Cache), false)
#4 C:\xampp\htdocs\projek\public\index.php(37): CodeIgniter\CodeIgniter->run()
#5 C:\xampp\htdocs\projek\system\Commands\Server\rewrite.php(43): require_once('C:\\xampp\\htdocs...')
#6 {main}
CRITICAL - 2022-04-05 21:36:21 --> Allowed fields must be specified for model: App\Models\BahasaModel
#0 C:\xampp\htdocs\projek\system\BaseModel.php(1138): CodeIgniter\Database\Exceptions\DataException::forInvalidAllowedFields('App\\Models\\Baha...')
#1 C:\xampp\htdocs\projek\system\BaseModel.php(713): CodeIgniter\BaseModel->doProtectFields(Array)
#2 C:\xampp\htdocs\projek\system\Model.php(625): CodeIgniter\BaseModel->insert(Array, false)
#3 C:\xampp\htdocs\projek\system\BaseModel.php(658): CodeIgniter\Model->insert(Array, false)
#4 C:\xampp\htdocs\projek\app\Controllers\Save.php(22): CodeIgniter\BaseModel->save(Array)
#5 C:\xampp\htdocs\projek\system\CodeIgniter.php(832): App\Controllers\Save->save()
#6 C:\xampp\htdocs\projek\system\CodeIgniter.php(419): CodeIgniter\CodeIgniter->runController(Object(App\Controllers\Save))
#7 C:\xampp\htdocs\projek\system\CodeIgniter.php(326): CodeIgniter\CodeIgniter->handleRequest(NULL, Object(Config\Cache), false)
#8 C:\xampp\htdocs\projek\public\index.php(37): CodeIgniter\CodeIgniter->run()
#9 C:\xampp\htdocs\projek\system\Commands\Server\rewrite.php(43): require_once('C:\\xampp\\htdocs...')
#10 {main}
CRITICAL - 2022-04-05 21:44:25 --> Allowed fields must be specified for model: App\Models\BahasaModel
#0 C:\xampp\htdocs\projek\system\BaseModel.php(1138): CodeIgniter\Database\Exceptions\DataException::forInvalidAllowedFields('App\\Models\\Baha...')
#1 C:\xampp\htdocs\projek\system\BaseModel.php(713): CodeIgniter\BaseModel->doProtectFields(Array)
#2 C:\xampp\htdocs\projek\system\Model.php(625): CodeIgniter\BaseModel->insert(Array, false)
#3 C:\xampp\htdocs\projek\system\BaseModel.php(658): CodeIgniter\Model->insert(Array, false)
#4 C:\xampp\htdocs\projek\app\Controllers\Save.php(22): CodeIgniter\BaseModel->save(Array)
#5 C:\xampp\htdocs\projek\system\CodeIgniter.php(832): App\Controllers\Save->save()
#6 C:\xampp\htdocs\projek\system\CodeIgniter.php(419): CodeIgniter\CodeIgniter->runController(Object(App\Controllers\Save))
#7 C:\xampp\htdocs\projek\system\CodeIgniter.php(326): CodeIgniter\CodeIgniter->handleRequest(NULL, Object(Config\Cache), false)
#8 C:\xampp\htdocs\projek\public\index.php(37): CodeIgniter\CodeIgniter->run()
#9 C:\xampp\htdocs\projek\system\Commands\Server\rewrite.php(43): require_once('C:\\xampp\\htdocs...')
#10 {main}
ERROR - 2022-04-05 21:46:41 --> Cannot add or update a child row: a foreign key constraint fails (`karyawan`.`bahasa`, CONSTRAINT `bahasa_ibfk_1` FOREIGN KEY (`id_daftar`) REFERENCES `datadiri` (`id_daftar`))
CRITICAL - 2022-04-05 21:46:41 --> Cannot add or update a child row: a foreign key constraint fails (`karyawan`.`bahasa`, CONSTRAINT `bahasa_ibfk_1` FOREIGN KEY (`id_daftar`) REFERENCES `datadiri` (`id_daftar`))
#0 C:\xampp\htdocs\projek\system\Database\MySQLi\Connection.php(292): mysqli->query('INSERT INTO `ba...', 0)
#1 C:\xampp\htdocs\projek\system\Database\BaseConnection.php(670): CodeIgniter\Database\MySQLi\Connection->execute('INSERT INTO `ba...')
#2 C:\xampp\htdocs\projek\system\Database\BaseConnection.php(598): CodeIgniter\Database\BaseConnection->simpleQuery('INSERT INTO `ba...')
#3 C:\xampp\htdocs\projek\system\Database\BaseBuilder.php(1771): CodeIgniter\Database\BaseConnection->query('INSERT INTO `ba...', Array, false)
#4 C:\xampp\htdocs\projek\system\Model.php(239): CodeIgniter\Database\BaseBuilder->insert()
#5 C:\xampp\htdocs\projek\system\BaseModel.php(738): CodeIgniter\Model->doInsert(Array)
#6 C:\xampp\htdocs\projek\system\Model.php(625): CodeIgniter\BaseModel->insert(Array, false)
#7 C:\xampp\htdocs\projek\system\BaseModel.php(658): CodeIgniter\Model->insert(Array, false)
#8 C:\xampp\htdocs\projek\app\Controllers\Save.php(22): CodeIgniter\BaseModel->save(Array)
#9 C:\xampp\htdocs\projek\system\CodeIgniter.php(832): App\Controllers\Save->save()
#10 C:\xampp\htdocs\projek\system\CodeIgniter.php(419): CodeIgniter\CodeIgniter->runController(Object(App\Controllers\Save))
#11 C:\xampp\htdocs\projek\system\CodeIgniter.php(326): CodeIgniter\CodeIgniter->handleRequest(NULL, Object(Config\Cache), false)
#12 C:\xampp\htdocs\projek\public\index.php(37): CodeIgniter\CodeIgniter->run()
#13 C:\xampp\htdocs\projek\system\Commands\Server\rewrite.php(43): require_once('C:\\xampp\\htdocs...')
#14 {main}
ERROR - 2022-04-05 22:09:50 --> Table 'karyawan.mytable' doesn't exist
CRITICAL - 2022-04-05 22:09:50 --> Table 'karyawan.mytable' doesn't exist
#0 C:\xampp\htdocs\projek\system\Database\MySQLi\Connection.php(292): mysqli->query('SELECT *\nFROM `...', 0)
#1 C:\xampp\htdocs\projek\system\Database\BaseConnection.php(670): CodeIgniter\Database\MySQLi\Connection->execute('SELECT *\nFROM `...')
#2 C:\xampp\htdocs\projek\system\Database\BaseConnection.php(598): CodeIgniter\Database\BaseConnection->simpleQuery('SELECT *\nFROM `...')
#3 C:\xampp\htdocs\projek\system\Database\BaseBuilder.php(1455): CodeIgniter\Database\BaseConnection->query('SELECT *\nFROM `...', Array, false)
#4 C:\xampp\htdocs\projek\app\Controllers\Absensi.php(16): CodeIgniter\Database\BaseBuilder->get()
#5 C:\xampp\htdocs\projek\system\CodeIgniter.php(832): App\Controllers\Absensi->harian()
#6 C:\xampp\htdocs\projek\system\CodeIgniter.php(419): CodeIgniter\CodeIgniter->runController(Object(App\Controllers\Absensi))
#7 C:\xampp\htdocs\projek\system\CodeIgniter.php(326): CodeIgniter\CodeIgniter->handleRequest(NULL, Object(Config\Cache), false)
#8 C:\xampp\htdocs\projek\public\index.php(37): CodeIgniter\CodeIgniter->run()
#9 C:\xampp\htdocs\projek\system\Commands\Server\rewrite.php(43): require_once('C:\\xampp\\htdocs...')
#10 {main}
CRITICAL - 2022-04-05 22:10:31 --> Object of class CodeIgniter\Database\MySQLi\Result could not be converted to string
#0 C:\xampp\htdocs\projek\system\CodeIgniter.php(832): App\Controllers\Absensi->harian()
#1 C:\xampp\htdocs\projek\system\CodeIgniter.php(419): CodeIgniter\CodeIgniter->runController(Object(App\Controllers\Absensi))
#2 C:\xampp\htdocs\projek\system\CodeIgniter.php(326): CodeIgniter\CodeIgniter->handleRequest(NULL, Object(Config\Cache), false)
#3 C:\xampp\htdocs\projek\public\index.php(37): CodeIgniter\CodeIgniter->run()
#4 C:\xampp\htdocs\projek\system\Commands\Server\rewrite.php(43): require_once('C:\\xampp\\htdocs...')
#5 {main}
CRITICAL - 2022-04-05 22:10:46 --> Cannot use object of type mysqli as array
#0 C:\xampp\htdocs\projek\system\View\View.php(210): include()
#1 C:\xampp\htdocs\projek\system\View\View.php(213): CodeIgniter\View\View->CodeIgniter\View\{closure}()
#2 C:\xampp\htdocs\projek\system\Common.php(1089): CodeIgniter\View\View->render('absensi/harian....', Array, true)
#3 C:\xampp\htdocs\projek\app\Controllers\Absensi.php(24): view('absensi/harian....', Array)
#4 C:\xampp\htdocs\projek\system\CodeIgniter.php(832): App\Controllers\Absensi->harian()
#5 C:\xampp\htdocs\projek\system\CodeIgniter.php(419): CodeIgniter\CodeIgniter->runController(Object(App\Controllers\Absensi))
#6 C:\xampp\htdocs\projek\system\CodeIgniter.php(326): CodeIgniter\CodeIgniter->handleRequest(NULL, Object(Config\Cache), false)
#7 C:\xampp\htdocs\projek\public\index.php(37): CodeIgniter\CodeIgniter->run()
#8 C:\xampp\htdocs\projek\system\Commands\Server\rewrite.php(43): require_once('C:\\xampp\\htdocs...')
#9 {main}
ERROR - 2022-04-05 22:25:43 --> Cannot add or update a child row: a foreign key constraint fails (`karyawan`.`bahasa`, CONSTRAINT `bahasa_ibfk_1` FOREIGN KEY (`id_daftar`) REFERENCES `datadiri` (`id_daftar`))
CRITICAL - 2022-04-05 22:25:43 --> Cannot add or update a child row: a foreign key constraint fails (`karyawan`.`bahasa`, CONSTRAINT `bahasa_ibfk_1` FOREIGN KEY (`id_daftar`) REFERENCES `datadiri` (`id_daftar`))
#0 C:\xampp\htdocs\projek\system\Database\MySQLi\Connection.php(292): mysqli->query('INSERT INTO `ba...', 0)
#1 C:\xampp\htdocs\projek\system\Database\BaseConnection.php(670): CodeIgniter\Database\MySQLi\Connection->execute('INSERT INTO `ba...')
#2 C:\xampp\htdocs\projek\system\Database\BaseConnection.php(598): CodeIgniter\Database\BaseConnection->simpleQuery('INSERT INTO `ba...')
#3 C:\xampp\htdocs\projek\system\Database\BaseBuilder.php(1771): CodeIgniter\Database\BaseConnection->query('INSERT INTO `ba...', Array, false)
#4 C:\xampp\htdocs\projek\system\Model.php(239): CodeIgniter\Database\BaseBuilder->insert()
#5 C:\xampp\htdocs\projek\system\BaseModel.php(738): CodeIgniter\Model->doInsert(Array)
#6 C:\xampp\htdocs\projek\system\Model.php(625): CodeIgniter\BaseModel->insert(Array, false)
#7 C:\xampp\htdocs\projek\system\BaseModel.php(658): CodeIgniter\Model->insert(Array, false)
#8 C:\xampp\htdocs\projek\app\Controllers\Save.php(24): CodeIgniter\BaseModel->save(Array)
#9 C:\xampp\htdocs\projek\system\CodeIgniter.php(832): App\Controllers\Save->save()
#10 C:\xampp\htdocs\projek\system\CodeIgniter.php(419): CodeIgniter\CodeIgniter->runController(Object(App\Controllers\Save))
#11 C:\xampp\htdocs\projek\system\CodeIgniter.php(326): CodeIgniter\CodeIgniter->handleRequest(NULL, Object(Config\Cache), false)
#12 C:\xampp\htdocs\projek\public\index.php(37): CodeIgniter\CodeIgniter->run()
#13 C:\xampp\htdocs\projek\system\Commands\Server\rewrite.php(43): require_once('C:\\xampp\\htdocs...')
#14 {main}
ERROR - 2022-04-05 23:19:56 --> Duplicate entry '' for key 'PRIMARY'
CRITICAL - 2022-04-05 23:19:56 --> Duplicate entry '' for key 'PRIMARY'
#0 C:\xampp\htdocs\projek\system\Database\MySQLi\Connection.php(292): mysqli->query('INSERT INTO `ba...', 0)
#1 C:\xampp\htdocs\projek\system\Database\BaseConnection.php(670): CodeIgniter\Database\MySQLi\Connection->execute('INSERT INTO `ba...')
#2 C:\xampp\htdocs\projek\system\Database\BaseConnection.php(598): CodeIgniter\Database\BaseConnection->simpleQuery('INSERT INTO `ba...')
#3 C:\xampp\htdocs\projek\system\Database\BaseBuilder.php(1771): CodeIgniter\Database\BaseConnection->query('INSERT INTO `ba...', Array, false)
#4 C:\xampp\htdocs\projek\system\Model.php(239): CodeIgniter\Database\BaseBuilder->insert()
#5 C:\xampp\htdocs\projek\system\BaseModel.php(738): CodeIgniter\Model->doInsert(Array)
#6 C:\xampp\htdocs\projek\system\Model.php(625): CodeIgniter\BaseModel->insert(Array, false)
#7 C:\xampp\htdocs\projek\system\BaseModel.php(658): CodeIgniter\Model->insert(Array, false)
#8 C:\xampp\htdocs\projek\app\Controllers\Save.php(27): CodeIgniter\BaseModel->save(Array)
#9 C:\xampp\htdocs\projek\system\CodeIgniter.php(832): App\Controllers\Save->save()
#10 C:\xampp\htdocs\projek\system\CodeIgniter.php(419): CodeIgniter\CodeIgniter->runController(Object(App\Controllers\Save))
#11 C:\xampp\htdocs\projek\system\CodeIgniter.php(326): CodeIgniter\CodeIgniter->handleRequest(NULL, Object(Config\Cache), false)
#12 C:\xampp\htdocs\projek\public\index.php(37): CodeIgniter\CodeIgniter->run()
#13 C:\xampp\htdocs\projek\system\Commands\Server\rewrite.php(43): require_once('C:\\xampp\\htdocs...')
#14 {main}
ERROR - 2022-04-05 23:29:37 --> Duplicate entry '' for key 'PRIMARY'
CRITICAL - 2022-04-05 23:29:37 --> Duplicate entry '' for key 'PRIMARY'
#0 C:\xampp\htdocs\projek\system\Database\MySQLi\Connection.php(292): mysqli->query('INSERT INTO `ba...', 0)
#1 C:\xampp\htdocs\projek\system\Database\BaseConnection.php(670): CodeIgniter\Database\MySQLi\Connection->execute('INSERT INTO `ba...')
#2 C:\xampp\htdocs\projek\system\Database\BaseConnection.php(598): CodeIgniter\Database\BaseConnection->simpleQuery('INSERT INTO `ba...')
#3 C:\xampp\htdocs\projek\system\Database\BaseBuilder.php(1771): CodeIgniter\Database\BaseConnection->query('INSERT INTO `ba...', Array, false)
#4 C:\xampp\htdocs\projek\system\Model.php(239): CodeIgniter\Database\BaseBuilder->insert()
#5 C:\xampp\htdocs\projek\system\BaseModel.php(738): CodeIgniter\Model->doInsert(Array)
#6 C:\xampp\htdocs\projek\system\Model.php(625): CodeIgniter\BaseModel->insert(Array, false)
#7 C:\xampp\htdocs\projek\system\BaseModel.php(658): CodeIgniter\Model->insert(Array, false)
#8 C:\xampp\htdocs\projek\app\Controllers\Save.php(27): CodeIgniter\BaseModel->save(Array)
#9 C:\xampp\htdocs\projek\system\CodeIgniter.php(832): App\Controllers\Save->save()
#10 C:\xampp\htdocs\projek\system\CodeIgniter.php(419): CodeIgniter\CodeIgniter->runController(Object(App\Controllers\Save))
#11 C:\xampp\htdocs\projek\system\CodeIgniter.php(326): CodeIgniter\CodeIgniter->handleRequest(NULL, Object(Config\Cache), false)
#12 C:\xampp\htdocs\projek\public\index.php(37): CodeIgniter\CodeIgniter->run()
#13 C:\xampp\htdocs\projek\system\Commands\Server\rewrite.php(43): require_once('C:\\xampp\\htdocs...')
#14 {main}
ERROR - 2022-04-05 23:32:41 --> Duplicate entry '' for key 'PRIMARY'
CRITICAL - 2022-04-05 23:32:41 --> Duplicate entry '' for key 'PRIMARY'
#0 C:\xampp\htdocs\projek\system\Database\MySQLi\Connection.php(292): mysqli->query('INSERT INTO `ba...', 0)
#1 C:\xampp\htdocs\projek\system\Database\BaseConnection.php(670): CodeIgniter\Database\MySQLi\Connection->execute('INSERT INTO `ba...')
#2 C:\xampp\htdocs\projek\system\Database\BaseConnection.php(598): CodeIgniter\Database\BaseConnection->simpleQuery('INSERT INTO `ba...')
#3 C:\xampp\htdocs\projek\system\Database\BaseBuilder.php(1771): CodeIgniter\Database\BaseConnection->query('INSERT INTO `ba...', Array, false)
#4 C:\xampp\htdocs\projek\system\Model.php(239): CodeIgniter\Database\BaseBuilder->insert()
#5 C:\xampp\htdocs\projek\system\BaseModel.php(738): CodeIgniter\Model->doInsert(Array)
#6 C:\xampp\htdocs\projek\system\Model.php(625): CodeIgniter\BaseModel->insert(Array, false)
#7 C:\xampp\htdocs\projek\system\BaseModel.php(658): CodeIgniter\Model->insert(Array, false)
#8 C:\xampp\htdocs\projek\app\Controllers\Save.php(27): CodeIgniter\BaseModel->save(Array)
#9 C:\xampp\htdocs\projek\system\CodeIgniter.php(832): App\Controllers\Save->save()
#10 C:\xampp\htdocs\projek\system\CodeIgniter.php(419): CodeIgniter\CodeIgniter->runController(Object(App\Controllers\Save))
#11 C:\xampp\htdocs\projek\system\CodeIgniter.php(326): CodeIgniter\CodeIgniter->handleRequest(NULL, Object(Config\Cache), false)
#12 C:\xampp\htdocs\projek\public\index.php(37): CodeIgniter\CodeIgniter->run()
#13 C:\xampp\htdocs\projek\system\Commands\Server\rewrite.php(43): require_once('C:\\xampp\\htdocs...')
#14 {main}
CRITICAL - 2022-04-05 23:58:58 --> Undefined property: App\Controllers\Save::$30360
#0 C:\xampp\htdocs\projek\app\Controllers\Save.php(44): CodeIgniter\Debug\Exceptions->errorHandler(2, 'Undefined prope...', 'C:\\xampp\\htdocs...', 44)
#1 C:\xampp\htdocs\projek\system\CodeIgniter.php(832): App\Controllers\Save->jabatan()
#2 C:\xampp\htdocs\projek\system\CodeIgniter.php(419): CodeIgniter\CodeIgniter->runController(Object(App\Controllers\Save))
#3 C:\xampp\htdocs\projek\system\CodeIgniter.php(326): CodeIgniter\CodeIgniter->handleRequest(NULL, Object(Config\Cache), false)
#4 C:\xampp\htdocs\projek\public\index.php(37): CodeIgniter\CodeIgniter->run()
#5 C:\xampp\htdocs\projek\system\Commands\Server\rewrite.php(43): require_once('C:\\xampp\\htdocs...')
#6 {main}
