CRITICAL - 2022-04-22 13:03:52 --> syntax error, unexpected end of file, expecting "elseif" or "else" or "endif"
#0 C:\xampp\htdocs\projek\system\View\View.php(213): CodeIgniter\View\View->CodeIgniter\View\{closure}()
#1 C:\xampp\htdocs\projek\system\Pager\Pager.php(125): CodeIgniter\View\View->render('CodeIgniter\\Pag...')
#2 C:\xampp\htdocs\projek\system\Pager\Pager.php(83): CodeIgniter\Pager\Pager->displayLinks('cobaaja', 'karyawan_pager')
#3 C:\xampp\htdocs\projek\app\Views\performa.php(39): CodeIgniter\Pager\Pager->links('cobaaja', 'karyawan_pager')
#4 C:\xampp\htdocs\projek\system\View\View.php(210): include('C:\\xampp\\htdocs...')
#5 C:\xampp\htdocs\projek\system\View\View.php(213): CodeIgniter\View\View->CodeIgniter\View\{closure}()
#6 C:\xampp\htdocs\projek\system\Common.php(1089): CodeIgniter\View\View->render('performa.php', Array, true)
#7 C:\xampp\htdocs\projek\app\Controllers\Home.php(49): view('performa.php', Array)
#8 C:\xampp\htdocs\projek\system\CodeIgniter.php(832): App\Controllers\Home->performa()
#9 C:\xampp\htdocs\projek\system\CodeIgniter.php(419): CodeIgniter\CodeIgniter->runController(Object(App\Controllers\Home))
#10 C:\xampp\htdocs\projek\system\CodeIgniter.php(326): CodeIgniter\CodeIgniter->handleRequest(NULL, Object(Config\Cache), false)
#11 C:\xampp\htdocs\projek\public\index.php(37): CodeIgniter\CodeIgniter->run()
#12 C:\xampp\htdocs\projek\system\Commands\Server\rewrite.php(43): require_once('C:\\xampp\\htdocs...')
#13 {main}
CRITICAL - 2022-04-22 13:04:14 --> syntax error, unexpected end of file, expecting "elseif" or "else" or "endif"
#0 C:\xampp\htdocs\projek\system\View\View.php(213): CodeIgniter\View\View->CodeIgniter\View\{closure}()
#1 C:\xampp\htdocs\projek\system\Pager\Pager.php(125): CodeIgniter\View\View->render('CodeIgniter\\Pag...')
#2 C:\xampp\htdocs\projek\system\Pager\Pager.php(83): CodeIgniter\Pager\Pager->displayLinks('cobaaja', 'karyawan_pager')
#3 C:\xampp\htdocs\projek\app\Views\performa.php(39): CodeIgniter\Pager\Pager->links('cobaaja', 'karyawan_pager')
#4 C:\xampp\htdocs\projek\system\View\View.php(210): include('C:\\xampp\\htdocs...')
#5 C:\xampp\htdocs\projek\system\View\View.php(213): CodeIgniter\View\View->CodeIgniter\View\{closure}()
#6 C:\xampp\htdocs\projek\system\Common.php(1089): CodeIgniter\View\View->render('performa.php', Array, true)
#7 C:\xampp\htdocs\projek\app\Controllers\Home.php(49): view('performa.php', Array)
#8 C:\xampp\htdocs\projek\system\CodeIgniter.php(832): App\Controllers\Home->performa()
#9 C:\xampp\htdocs\projek\system\CodeIgniter.php(419): CodeIgniter\CodeIgniter->runController(Object(App\Controllers\Home))
#10 C:\xampp\htdocs\projek\system\CodeIgniter.php(326): CodeIgniter\CodeIgniter->handleRequest(NULL, Object(Config\Cache), false)
#11 C:\xampp\htdocs\projek\public\index.php(37): CodeIgniter\CodeIgniter->run()
#12 C:\xampp\htdocs\projek\system\Commands\Server\rewrite.php(43): require_once('C:\\xampp\\htdocs...')
#13 {main}
ERROR - 2022-04-22 14:26:28 --> Duplicate entry '0' for key 'PRIMARY'
CRITICAL - 2022-04-22 14:26:28 --> Duplicate entry '0' for key 'PRIMARY'
#0 C:\xampp\htdocs\projek\system\Database\MySQLi\Connection.php(292): mysqli->query('INSERT INTO `ab...', 0)
#1 C:\xampp\htdocs\projek\system\Database\BaseConnection.php(670): CodeIgniter\Database\MySQLi\Connection->execute('INSERT INTO `ab...')
#2 C:\xampp\htdocs\projek\system\Database\BaseConnection.php(598): CodeIgniter\Database\BaseConnection->simpleQuery('INSERT INTO `ab...')
#3 C:\xampp\htdocs\projek\system\Database\BaseBuilder.php(1771): CodeIgniter\Database\BaseConnection->query('INSERT INTO `ab...', Array, false)
#4 C:\xampp\htdocs\projek\system\Model.php(239): CodeIgniter\Database\BaseBuilder->insert()
#5 C:\xampp\htdocs\projek\system\BaseModel.php(738): CodeIgniter\Model->doInsert(Array)
#6 C:\xampp\htdocs\projek\system\Model.php(625): CodeIgniter\BaseModel->insert(Array, false)
#7 C:\xampp\htdocs\projek\system\BaseModel.php(658): CodeIgniter\Model->insert(Array, false)
#8 C:\xampp\htdocs\projek\app\Controllers\Save.php(376): CodeIgniter\BaseModel->save(Array)
#9 C:\xampp\htdocs\projek\system\CodeIgniter.php(832): App\Controllers\Save->upload()
#10 C:\xampp\htdocs\projek\system\CodeIgniter.php(419): CodeIgniter\CodeIgniter->runController(Object(App\Controllers\Save))
#11 C:\xampp\htdocs\projek\system\CodeIgniter.php(326): CodeIgniter\CodeIgniter->handleRequest(NULL, Object(Config\Cache), false)
#12 C:\xampp\htdocs\projek\public\index.php(37): CodeIgniter\CodeIgniter->run()
#13 C:\xampp\htdocs\projek\system\Commands\Server\rewrite.php(43): require_once('C:\\xampp\\htdocs...')
#14 {main}
CRITICAL - 2022-04-22 14:29:34 --> Maximum execution time of 60 seconds exceeded
#0 [internal function]: CodeIgniter\Debug\Exceptions->shutdownHandler()
#1 {main}
CRITICAL - 2022-04-22 14:46:06 --> Undefined variable $pager
#0 C:\xampp\htdocs\projek\app\Views\absensi\upload.php(28): CodeIgniter\Debug\Exceptions->errorHandler(2, 'Undefined varia...', 'C:\\xampp\\htdocs...', 28)
#1 C:\xampp\htdocs\projek\system\View\View.php(210): include('C:\\xampp\\htdocs...')
#2 C:\xampp\htdocs\projek\system\View\View.php(213): CodeIgniter\View\View->CodeIgniter\View\{closure}()
#3 C:\xampp\htdocs\projek\system\Common.php(1089): CodeIgniter\View\View->render('absensi/upload....', Array, true)
#4 C:\xampp\htdocs\projek\app\Controllers\Absensi.php(43): view('absensi/upload....', Array)
#5 C:\xampp\htdocs\projek\system\CodeIgniter.php(832): App\Controllers\Absensi->upload()
#6 C:\xampp\htdocs\projek\system\CodeIgniter.php(419): CodeIgniter\CodeIgniter->runController(Object(App\Controllers\Absensi))
#7 C:\xampp\htdocs\projek\system\CodeIgniter.php(326): CodeIgniter\CodeIgniter->handleRequest(NULL, Object(Config\Cache), false)
#8 C:\xampp\htdocs\projek\public\index.php(37): CodeIgniter\CodeIgniter->run()
#9 C:\xampp\htdocs\projek\system\Commands\Server\rewrite.php(43): require_once('C:\\xampp\\htdocs...')
#10 {main}
CRITICAL - 2022-04-22 15:18:11 --> Call to a member function findAll() on null
#0 C:\xampp\htdocs\projek\system\CodeIgniter.php(832): App\Controllers\Absensi->harian()
#1 C:\xampp\htdocs\projek\system\CodeIgniter.php(419): CodeIgniter\CodeIgniter->runController(Object(App\Controllers\Absensi))
#2 C:\xampp\htdocs\projek\system\CodeIgniter.php(326): CodeIgniter\CodeIgniter->handleRequest(NULL, Object(Config\Cache), false)
#3 C:\xampp\htdocs\projek\public\index.php(37): CodeIgniter\CodeIgniter->run()
#4 C:\xampp\htdocs\projek\system\Commands\Server\rewrite.php(43): require_once('C:\\xampp\\htdocs...')
#5 {main}
CRITICAL - 2022-04-22 15:19:24 --> Undefined array key "status"
#0 C:\xampp\htdocs\projek\app\Views\absensi\harian.php(27): CodeIgniter\Debug\Exceptions->errorHandler(2, 'Undefined array...', 'C:\\xampp\\htdocs...', 27)
#1 C:\xampp\htdocs\projek\system\View\View.php(210): include('C:\\xampp\\htdocs...')
#2 C:\xampp\htdocs\projek\system\View\View.php(213): CodeIgniter\View\View->CodeIgniter\View\{closure}()
#3 C:\xampp\htdocs\projek\system\Common.php(1089): CodeIgniter\View\View->render('absensi/harian....', Array, true)
#4 C:\xampp\htdocs\projek\app\Controllers\Absensi.php(32): view('absensi/harian....', Array)
#5 C:\xampp\htdocs\projek\system\CodeIgniter.php(832): App\Controllers\Absensi->harian()
#6 C:\xampp\htdocs\projek\system\CodeIgniter.php(419): CodeIgniter\CodeIgniter->runController(Object(App\Controllers\Absensi))
#7 C:\xampp\htdocs\projek\system\CodeIgniter.php(326): CodeIgniter\CodeIgniter->handleRequest(NULL, Object(Config\Cache), false)
#8 C:\xampp\htdocs\projek\public\index.php(37): CodeIgniter\CodeIgniter->run()
#9 C:\xampp\htdocs\projek\system\Commands\Server\rewrite.php(43): require_once('C:\\xampp\\htdocs...')
#10 {main}
CRITICAL - 2022-04-22 15:23:04 --> Undefined array key "id"
#0 C:\xampp\htdocs\projek\app\Views\absensi\harian.php(22): CodeIgniter\Debug\Exceptions->errorHandler(2, 'Undefined array...', 'C:\\xampp\\htdocs...', 22)
#1 C:\xampp\htdocs\projek\system\View\View.php(210): include('C:\\xampp\\htdocs...')
#2 C:\xampp\htdocs\projek\system\View\View.php(213): CodeIgniter\View\View->CodeIgniter\View\{closure}()
#3 C:\xampp\htdocs\projek\system\Common.php(1089): CodeIgniter\View\View->render('absensi/harian....', Array, true)
#4 C:\xampp\htdocs\projek\app\Controllers\Absensi.php(30): view('absensi/harian....', Array)
#5 C:\xampp\htdocs\projek\system\CodeIgniter.php(832): App\Controllers\Absensi->harian()
#6 C:\xampp\htdocs\projek\system\CodeIgniter.php(419): CodeIgniter\CodeIgniter->runController(Object(App\Controllers\Absensi))
#7 C:\xampp\htdocs\projek\system\CodeIgniter.php(326): CodeIgniter\CodeIgniter->handleRequest(NULL, Object(Config\Cache), false)
#8 C:\xampp\htdocs\projek\public\index.php(37): CodeIgniter\CodeIgniter->run()
#9 C:\xampp\htdocs\projek\system\Commands\Server\rewrite.php(43): require_once('C:\\xampp\\htdocs...')
#10 {main}
CRITICAL - 2022-04-22 15:23:56 --> Undefined array key "id_ijin"
#0 C:\xampp\htdocs\projek\app\Views\absensi\harian.php(22): CodeIgniter\Debug\Exceptions->errorHandler(2, 'Undefined array...', 'C:\\xampp\\htdocs...', 22)
#1 C:\xampp\htdocs\projek\system\View\View.php(210): include('C:\\xampp\\htdocs...')
#2 C:\xampp\htdocs\projek\system\View\View.php(213): CodeIgniter\View\View->CodeIgniter\View\{closure}()
#3 C:\xampp\htdocs\projek\system\Common.php(1089): CodeIgniter\View\View->render('absensi/harian....', Array, true)
#4 C:\xampp\htdocs\projek\app\Controllers\Absensi.php(30): view('absensi/harian....', Array)
#5 C:\xampp\htdocs\projek\system\CodeIgniter.php(832): App\Controllers\Absensi->harian()
#6 C:\xampp\htdocs\projek\system\CodeIgniter.php(419): CodeIgniter\CodeIgniter->runController(Object(App\Controllers\Absensi))
#7 C:\xampp\htdocs\projek\system\CodeIgniter.php(326): CodeIgniter\CodeIgniter->handleRequest(NULL, Object(Config\Cache), false)
#8 C:\xampp\htdocs\projek\public\index.php(37): CodeIgniter\CodeIgniter->run()
#9 C:\xampp\htdocs\projek\system\Commands\Server\rewrite.php(43): require_once('C:\\xampp\\htdocs...')
#10 {main}
CRITICAL - 2022-04-22 15:25:03 --> Undefined array key "id_ijin"
#0 C:\xampp\htdocs\projek\app\Views\absensi\harian.php(22): CodeIgniter\Debug\Exceptions->errorHandler(2, 'Undefined array...', 'C:\\xampp\\htdocs...', 22)
#1 C:\xampp\htdocs\projek\system\View\View.php(210): include('C:\\xampp\\htdocs...')
#2 C:\xampp\htdocs\projek\system\View\View.php(213): CodeIgniter\View\View->CodeIgniter\View\{closure}()
#3 C:\xampp\htdocs\projek\system\Common.php(1089): CodeIgniter\View\View->render('absensi/harian....', Array, true)
#4 C:\xampp\htdocs\projek\app\Controllers\Absensi.php(30): view('absensi/harian....', Array)
#5 C:\xampp\htdocs\projek\system\CodeIgniter.php(832): App\Controllers\Absensi->harian()
#6 C:\xampp\htdocs\projek\system\CodeIgniter.php(419): CodeIgniter\CodeIgniter->runController(Object(App\Controllers\Absensi))
#7 C:\xampp\htdocs\projek\system\CodeIgniter.php(326): CodeIgniter\CodeIgniter->handleRequest(NULL, Object(Config\Cache), false)
#8 C:\xampp\htdocs\projek\public\index.php(37): CodeIgniter\CodeIgniter->run()
#9 C:\xampp\htdocs\projek\system\Commands\Server\rewrite.php(43): require_once('C:\\xampp\\htdocs...')
#10 {main}
CRITICAL - 2022-04-22 15:30:12 --> Call to undefined method App\Models\IjinModel::pagination
#0 C:\xampp\htdocs\projek\app\Controllers\Absensi.php(27): CodeIgniter\Model->__call('pagination', Array)
#1 C:\xampp\htdocs\projek\system\CodeIgniter.php(832): App\Controllers\Absensi->harian()
#2 C:\xampp\htdocs\projek\system\CodeIgniter.php(419): CodeIgniter\CodeIgniter->runController(Object(App\Controllers\Absensi))
#3 C:\xampp\htdocs\projek\system\CodeIgniter.php(326): CodeIgniter\CodeIgniter->handleRequest(NULL, Object(Config\Cache), false)
#4 C:\xampp\htdocs\projek\public\index.php(37): CodeIgniter\CodeIgniter->run()
#5 C:\xampp\htdocs\projek\system\Commands\Server\rewrite.php(43): require_once('C:\\xampp\\htdocs...')
#6 {main}
CRITICAL - 2022-04-22 15:40:40 --> Call to a member function save() on null
#0 C:\xampp\htdocs\projek\system\CodeIgniter.php(832): App\Controllers\Save->harian()
#1 C:\xampp\htdocs\projek\system\CodeIgniter.php(419): CodeIgniter\CodeIgniter->runController(Object(App\Controllers\Save))
#2 C:\xampp\htdocs\projek\system\CodeIgniter.php(326): CodeIgniter\CodeIgniter->handleRequest(NULL, Object(Config\Cache), false)
#3 C:\xampp\htdocs\projek\public\index.php(37): CodeIgniter\CodeIgniter->run()
#4 C:\xampp\htdocs\projek\system\Commands\Server\rewrite.php(43): require_once('C:\\xampp\\htdocs...')
#5 {main}
CRITICAL - 2022-04-22 15:43:15 --> Call to a member function save() on null
#0 C:\xampp\htdocs\projek\system\CodeIgniter.php(832): App\Controllers\Save->harian()
#1 C:\xampp\htdocs\projek\system\CodeIgniter.php(419): CodeIgniter\CodeIgniter->runController(Object(App\Controllers\Save))
#2 C:\xampp\htdocs\projek\system\CodeIgniter.php(326): CodeIgniter\CodeIgniter->handleRequest(NULL, Object(Config\Cache), false)
#3 C:\xampp\htdocs\projek\public\index.php(37): CodeIgniter\CodeIgniter->run()
#4 C:\xampp\htdocs\projek\system\Commands\Server\rewrite.php(43): require_once('C:\\xampp\\htdocs...')
#5 {main}
ERROR - 2022-04-22 15:55:28 --> Column 'pin' cannot be null
CRITICAL - 2022-04-22 15:55:28 --> Column 'pin' cannot be null
#0 C:\xampp\htdocs\projek\system\Database\MySQLi\Connection.php(292): mysqli->query('INSERT INTO `ab...', 0)
#1 C:\xampp\htdocs\projek\system\Database\BaseConnection.php(670): CodeIgniter\Database\MySQLi\Connection->execute('INSERT INTO `ab...')
#2 C:\xampp\htdocs\projek\system\Database\BaseConnection.php(598): CodeIgniter\Database\BaseConnection->simpleQuery('INSERT INTO `ab...')
#3 C:\xampp\htdocs\projek\system\Database\BaseBuilder.php(1771): CodeIgniter\Database\BaseConnection->query('INSERT INTO `ab...', Array, false)
#4 C:\xampp\htdocs\projek\system\Model.php(239): CodeIgniter\Database\BaseBuilder->insert()
#5 C:\xampp\htdocs\projek\system\BaseModel.php(738): CodeIgniter\Model->doInsert(Array)
#6 C:\xampp\htdocs\projek\system\Model.php(625): CodeIgniter\BaseModel->insert(Array, false)
#7 C:\xampp\htdocs\projek\system\BaseModel.php(658): CodeIgniter\Model->insert(Array, false)
#8 C:\xampp\htdocs\projek\app\Controllers\Save.php(377): CodeIgniter\BaseModel->save(Array)
#9 C:\xampp\htdocs\projek\system\CodeIgniter.php(832): App\Controllers\Save->upload()
#10 C:\xampp\htdocs\projek\system\CodeIgniter.php(419): CodeIgniter\CodeIgniter->runController(Object(App\Controllers\Save))
#11 C:\xampp\htdocs\projek\system\CodeIgniter.php(326): CodeIgniter\CodeIgniter->handleRequest(NULL, Object(Config\Cache), false)
#12 C:\xampp\htdocs\projek\public\index.php(37): CodeIgniter\CodeIgniter->run()
#13 C:\xampp\htdocs\projek\system\Commands\Server\rewrite.php(43): require_once('C:\\xampp\\htdocs...')
#14 {main}
ERROR - 2022-04-22 16:24:09 --> Error connecting to the database: No connection could be made because the target machine actively refused it
CRITICAL - 2022-04-22 16:24:09 --> Unable to connect to the database.
Main connection [MySQLi]: No connection could be made because the target machine actively refused it
#0 C:\xampp\htdocs\projek\system\Database\BaseConnection.php(577): CodeIgniter\Database\BaseConnection->initialize()
#1 C:\xampp\htdocs\projek\system\Database\BaseBuilder.php(1539): CodeIgniter\Database\BaseConnection->query('SELECT COUNT(*)...', Array, false)
#2 C:\xampp\htdocs\projek\system\Model.php(509): CodeIgniter\Database\BaseBuilder->countAllResults(false)
#3 C:\xampp\htdocs\projek\system\BaseModel.php(1084): CodeIgniter\Model->countAllResults(false)
#4 C:\xampp\htdocs\projek\app\Controllers\Home.php(35): CodeIgniter\BaseModel->paginate(8, 'karyawan')
#5 C:\xampp\htdocs\projek\system\CodeIgniter.php(832): App\Controllers\Home->karyawan()
#6 C:\xampp\htdocs\projek\system\CodeIgniter.php(419): CodeIgniter\CodeIgniter->runController(Object(App\Controllers\Home))
#7 C:\xampp\htdocs\projek\system\CodeIgniter.php(326): CodeIgniter\CodeIgniter->handleRequest(NULL, Object(Config\Cache), false)
#8 C:\xampp\htdocs\projek\public\index.php(37): CodeIgniter\CodeIgniter->run()
#9 C:\xampp\htdocs\projek\system\Commands\Server\rewrite.php(43): require_once('C:\\xampp\\htdocs...')
#10 {main}
ERROR - 2022-04-22 16:24:14 --> Error connecting to the database: No connection could be made because the target machine actively refused it
CRITICAL - 2022-04-22 16:24:14 --> Unable to connect to the database.
Main connection [MySQLi]: No connection could be made because the target machine actively refused it
#0 C:\xampp\htdocs\projek\system\Database\BaseConnection.php(577): CodeIgniter\Database\BaseConnection->initialize()
#1 C:\xampp\htdocs\projek\system\Database\BaseBuilder.php(1455): CodeIgniter\Database\BaseConnection->query('SELECT *\nFROM `...', Array, false)
#2 C:\xampp\htdocs\projek\app\Models\JabatanModel.php(19): CodeIgniter\Database\BaseBuilder->get()
#3 C:\xampp\htdocs\projek\app\Controllers\Recruitment.php(25): App\Models\JabatanModel->getAll()
#4 C:\xampp\htdocs\projek\system\CodeIgniter.php(832): App\Controllers\Recruitment->lowongan()
#5 C:\xampp\htdocs\projek\system\CodeIgniter.php(419): CodeIgniter\CodeIgniter->runController(Object(App\Controllers\Recruitment))
#6 C:\xampp\htdocs\projek\system\CodeIgniter.php(326): CodeIgniter\CodeIgniter->handleRequest(NULL, Object(Config\Cache), false)
#7 C:\xampp\htdocs\projek\public\index.php(37): CodeIgniter\CodeIgniter->run()
#8 C:\xampp\htdocs\projek\system\Commands\Server\rewrite.php(43): require_once('C:\\xampp\\htdocs...')
#9 {main}
ERROR - 2022-04-22 17:22:14 --> Error connecting to the database: No connection could be made because the target machine actively refused it
CRITICAL - 2022-04-22 17:22:14 --> Unable to connect to the database.
Main connection [MySQLi]: No connection could be made because the target machine actively refused it
#0 C:\xampp\htdocs\projek\system\Database\BaseConnection.php(577): CodeIgniter\Database\BaseConnection->initialize()
#1 C:\xampp\htdocs\projek\system\Database\BaseBuilder.php(1539): CodeIgniter\Database\BaseConnection->query('SELECT COUNT(*)...', Array, false)
#2 C:\xampp\htdocs\projek\system\Model.php(509): CodeIgniter\Database\BaseBuilder->countAllResults(false)
#3 C:\xampp\htdocs\projek\system\BaseModel.php(1084): CodeIgniter\Model->countAllResults(false)
#4 C:\xampp\htdocs\projek\app\Controllers\Home.php(46): CodeIgniter\BaseModel->paginate(7, 'cobadong')
#5 C:\xampp\htdocs\projek\system\CodeIgniter.php(832): App\Controllers\Home->performa()
#6 C:\xampp\htdocs\projek\system\CodeIgniter.php(419): CodeIgniter\CodeIgniter->runController(Object(App\Controllers\Home))
#7 C:\xampp\htdocs\projek\system\CodeIgniter.php(326): CodeIgniter\CodeIgniter->handleRequest(NULL, Object(Config\Cache), false)
#8 C:\xampp\htdocs\projek\public\index.php(37): CodeIgniter\CodeIgniter->run()
#9 C:\xampp\htdocs\projek\system\Commands\Server\rewrite.php(43): require_once('C:\\xampp\\htdocs...')
#10 {main}
ERROR - 2022-04-22 17:22:39 --> Error connecting to the database: No connection could be made because the target machine actively refused it
CRITICAL - 2022-04-22 17:22:39 --> Unable to connect to the database.
Main connection [MySQLi]: No connection could be made because the target machine actively refused it
#0 C:\xampp\htdocs\projek\system\Database\BaseConnection.php(577): CodeIgniter\Database\BaseConnection->initialize()
#1 C:\xampp\htdocs\projek\system\Database\BaseBuilder.php(1539): CodeIgniter\Database\BaseConnection->query('SELECT COUNT(*)...', Array, false)
#2 C:\xampp\htdocs\projek\system\Model.php(509): CodeIgniter\Database\BaseBuilder->countAllResults(false)
#3 C:\xampp\htdocs\projek\system\BaseModel.php(1084): CodeIgniter\Model->countAllResults(false)
#4 C:\xampp\htdocs\projek\app\Controllers\Home.php(46): CodeIgniter\BaseModel->paginate(7, 'cobadong')
#5 C:\xampp\htdocs\projek\system\CodeIgniter.php(832): App\Controllers\Home->performa()
#6 C:\xampp\htdocs\projek\system\CodeIgniter.php(419): CodeIgniter\CodeIgniter->runController(Object(App\Controllers\Home))
#7 C:\xampp\htdocs\projek\system\CodeIgniter.php(326): CodeIgniter\CodeIgniter->handleRequest(NULL, Object(Config\Cache), false)
#8 C:\xampp\htdocs\projek\public\index.php(37): CodeIgniter\CodeIgniter->run()
#9 C:\xampp\htdocs\projek\system\Commands\Server\rewrite.php(43): require_once('C:\\xampp\\htdocs...')
#10 {main}
CRITICAL - 2022-04-22 17:38:55 --> Undefined variable $cobaa
#0 C:\xampp\htdocs\projek\app\Views\performa.php(22): CodeIgniter\Debug\Exceptions->errorHandler(2, 'Undefined varia...', 'C:\\xampp\\htdocs...', 22)
#1 C:\xampp\htdocs\projek\system\View\View.php(210): include('C:\\xampp\\htdocs...')
#2 C:\xampp\htdocs\projek\system\View\View.php(213): CodeIgniter\View\View->CodeIgniter\View\{closure}()
#3 C:\xampp\htdocs\projek\system\Common.php(1089): CodeIgniter\View\View->render('performa.php', Array, true)
#4 C:\xampp\htdocs\projek\app\Controllers\Home.php(53): view('performa.php', Array)
#5 C:\xampp\htdocs\projek\system\CodeIgniter.php(832): App\Controllers\Home->performa()
#6 C:\xampp\htdocs\projek\system\CodeIgniter.php(419): CodeIgniter\CodeIgniter->runController(Object(App\Controllers\Home))
#7 C:\xampp\htdocs\projek\system\CodeIgniter.php(326): CodeIgniter\CodeIgniter->handleRequest(NULL, Object(Config\Cache), false)
#8 C:\xampp\htdocs\projek\public\index.php(37): CodeIgniter\CodeIgniter->run()
#9 C:\xampp\htdocs\projek\system\Commands\Server\rewrite.php(43): require_once('C:\\xampp\\htdocs...')
#10 {main}
