ERROR - 2022-04-06 00:59:30 --> Duplicate entry '' for key 'PRIMARY'
CRITICAL - 2022-04-06 00:59:30 --> Duplicate entry '' for key 'PRIMARY'
#0 C:\xampp\htdocs\projek\system\Database\MySQLi\Connection.php(292): mysqli->query('INSERT INTO `ba...', 0)
#1 C:\xampp\htdocs\projek\system\Database\BaseConnection.php(670): CodeIgniter\Database\MySQLi\Connection->execute('INSERT INTO `ba...')
#2 C:\xampp\htdocs\projek\system\Database\BaseConnection.php(598): CodeIgniter\Database\BaseConnection->simpleQuery('INSERT INTO `ba...')
#3 C:\xampp\htdocs\projek\system\Database\BaseBuilder.php(1771): CodeIgniter\Database\BaseConnection->query('INSERT INTO `ba...', Array, false)
#4 C:\xampp\htdocs\projek\system\Model.php(239): CodeIgniter\Database\BaseBuilder->insert()
#5 C:\xampp\htdocs\projek\system\BaseModel.php(738): CodeIgniter\Model->doInsert(Array)
#6 C:\xampp\htdocs\projek\system\Model.php(625): CodeIgniter\BaseModel->insert(Array, false)
#7 C:\xampp\htdocs\projek\system\BaseModel.php(658): CodeIgniter\Model->insert(Array, false)
#8 C:\xampp\htdocs\projek\app\Controllers\Save.php(31): CodeIgniter\BaseModel->save(Array)
#9 C:\xampp\htdocs\projek\system\CodeIgniter.php(832): App\Controllers\Save->save()
#10 C:\xampp\htdocs\projek\system\CodeIgniter.php(419): CodeIgniter\CodeIgniter->runController(Object(App\Controllers\Save))
#11 C:\xampp\htdocs\projek\system\CodeIgniter.php(326): CodeIgniter\CodeIgniter->handleRequest(NULL, Object(Config\Cache), false)
#12 C:\xampp\htdocs\projek\public\index.php(37): CodeIgniter\CodeIgniter->run()
#13 C:\xampp\htdocs\projek\system\Commands\Server\rewrite.php(43): require_once('C:\\xampp\\htdocs...')
#14 {main}
ERROR - 2022-04-06 01:02:34 --> Column 'status' cannot be null
CRITICAL - 2022-04-06 01:02:34 --> Column 'status' cannot be null
#0 C:\xampp\htdocs\projek\system\Database\MySQLi\Connection.php(292): mysqli->query('INSERT INTO `ba...', 0)
#1 C:\xampp\htdocs\projek\system\Database\BaseConnection.php(670): CodeIgniter\Database\MySQLi\Connection->execute('INSERT INTO `ba...')
#2 C:\xampp\htdocs\projek\system\Database\BaseConnection.php(598): CodeIgniter\Database\BaseConnection->simpleQuery('INSERT INTO `ba...')
#3 C:\xampp\htdocs\projek\system\Database\BaseBuilder.php(1771): CodeIgniter\Database\BaseConnection->query('INSERT INTO `ba...', Array, false)
#4 C:\xampp\htdocs\projek\system\Model.php(239): CodeIgniter\Database\BaseBuilder->insert()
#5 C:\xampp\htdocs\projek\system\BaseModel.php(738): CodeIgniter\Model->doInsert(Array)
#6 C:\xampp\htdocs\projek\system\Model.php(625): CodeIgniter\BaseModel->insert(Array, false)
#7 C:\xampp\htdocs\projek\system\BaseModel.php(658): CodeIgniter\Model->insert(Array, false)
#8 C:\xampp\htdocs\projek\app\Controllers\Save.php(32): CodeIgniter\BaseModel->save(Array)
#9 C:\xampp\htdocs\projek\system\CodeIgniter.php(832): App\Controllers\Save->save()
#10 C:\xampp\htdocs\projek\system\CodeIgniter.php(419): CodeIgniter\CodeIgniter->runController(Object(App\Controllers\Save))
#11 C:\xampp\htdocs\projek\system\CodeIgniter.php(326): CodeIgniter\CodeIgniter->handleRequest(NULL, Object(Config\Cache), false)
#12 C:\xampp\htdocs\projek\public\index.php(37): CodeIgniter\CodeIgniter->run()
#13 C:\xampp\htdocs\projek\system\Commands\Server\rewrite.php(43): require_once('C:\\xampp\\htdocs...')
#14 {main}
ERROR - 2022-04-06 01:13:05 --> Duplicate entry '' for key 'PRIMARY'
CRITICAL - 2022-04-06 01:13:05 --> Duplicate entry '' for key 'PRIMARY'
#0 C:\xampp\htdocs\projek\system\Database\MySQLi\Connection.php(292): mysqli->query('INSERT INTO `ja...', 0)
#1 C:\xampp\htdocs\projek\system\Database\BaseConnection.php(670): CodeIgniter\Database\MySQLi\Connection->execute('INSERT INTO `ja...')
#2 C:\xampp\htdocs\projek\system\Database\BaseConnection.php(598): CodeIgniter\Database\BaseConnection->simpleQuery('INSERT INTO `ja...')
#3 C:\xampp\htdocs\projek\system\Database\BaseBuilder.php(1771): CodeIgniter\Database\BaseConnection->query('INSERT INTO `ja...', Array, false)
#4 C:\xampp\htdocs\projek\system\Model.php(239): CodeIgniter\Database\BaseBuilder->insert()
#5 C:\xampp\htdocs\projek\system\BaseModel.php(738): CodeIgniter\Model->doInsert(Array)
#6 C:\xampp\htdocs\projek\system\Model.php(625): CodeIgniter\BaseModel->insert(Array, false)
#7 C:\xampp\htdocs\projek\system\BaseModel.php(658): CodeIgniter\Model->insert(Array, false)
#8 C:\xampp\htdocs\projek\app\Controllers\Save.php(46): CodeIgniter\BaseModel->save(Array)
#9 C:\xampp\htdocs\projek\system\CodeIgniter.php(832): App\Controllers\Save->jabatan()
#10 C:\xampp\htdocs\projek\system\CodeIgniter.php(419): CodeIgniter\CodeIgniter->runController(Object(App\Controllers\Save))
#11 C:\xampp\htdocs\projek\system\CodeIgniter.php(326): CodeIgniter\CodeIgniter->handleRequest(NULL, Object(Config\Cache), false)
#12 C:\xampp\htdocs\projek\public\index.php(37): CodeIgniter\CodeIgniter->run()
#13 C:\xampp\htdocs\projek\system\Commands\Server\rewrite.php(43): require_once('C:\\xampp\\htdocs...')
#14 {main}
ERROR - 2022-04-06 01:13:28 --> Duplicate entry '' for key 'PRIMARY'
CRITICAL - 2022-04-06 01:13:28 --> Duplicate entry '' for key 'PRIMARY'
#0 C:\xampp\htdocs\projek\system\Database\MySQLi\Connection.php(292): mysqli->query('INSERT INTO `ja...', 0)
#1 C:\xampp\htdocs\projek\system\Database\BaseConnection.php(670): CodeIgniter\Database\MySQLi\Connection->execute('INSERT INTO `ja...')
#2 C:\xampp\htdocs\projek\system\Database\BaseConnection.php(598): CodeIgniter\Database\BaseConnection->simpleQuery('INSERT INTO `ja...')
#3 C:\xampp\htdocs\projek\system\Database\BaseBuilder.php(1771): CodeIgniter\Database\BaseConnection->query('INSERT INTO `ja...', Array, false)
#4 C:\xampp\htdocs\projek\system\Model.php(239): CodeIgniter\Database\BaseBuilder->insert()
#5 C:\xampp\htdocs\projek\system\BaseModel.php(738): CodeIgniter\Model->doInsert(Array)
#6 C:\xampp\htdocs\projek\system\Model.php(625): CodeIgniter\BaseModel->insert(Array, false)
#7 C:\xampp\htdocs\projek\system\BaseModel.php(658): CodeIgniter\Model->insert(Array, false)
#8 C:\xampp\htdocs\projek\app\Controllers\Save.php(46): CodeIgniter\BaseModel->save(Array)
#9 C:\xampp\htdocs\projek\system\CodeIgniter.php(832): App\Controllers\Save->jabatan()
#10 C:\xampp\htdocs\projek\system\CodeIgniter.php(419): CodeIgniter\CodeIgniter->runController(Object(App\Controllers\Save))
#11 C:\xampp\htdocs\projek\system\CodeIgniter.php(326): CodeIgniter\CodeIgniter->handleRequest(NULL, Object(Config\Cache), false)
#12 C:\xampp\htdocs\projek\public\index.php(37): CodeIgniter\CodeIgniter->run()
#13 C:\xampp\htdocs\projek\system\Commands\Server\rewrite.php(43): require_once('C:\\xampp\\htdocs...')
#14 {main}
ERROR - 2022-04-06 01:18:26 --> Duplicate entry '' for key 'PRIMARY'
CRITICAL - 2022-04-06 01:18:26 --> Duplicate entry '' for key 'PRIMARY'
#0 C:\xampp\htdocs\projek\system\Database\MySQLi\Connection.php(292): mysqli->query('INSERT INTO `ja...', 0)
#1 C:\xampp\htdocs\projek\system\Database\BaseConnection.php(670): CodeIgniter\Database\MySQLi\Connection->execute('INSERT INTO `ja...')
#2 C:\xampp\htdocs\projek\system\Database\BaseConnection.php(598): CodeIgniter\Database\BaseConnection->simpleQuery('INSERT INTO `ja...')
#3 C:\xampp\htdocs\projek\system\Database\BaseBuilder.php(1771): CodeIgniter\Database\BaseConnection->query('INSERT INTO `ja...', Array, false)
#4 C:\xampp\htdocs\projek\system\Model.php(239): CodeIgniter\Database\BaseBuilder->insert()
#5 C:\xampp\htdocs\projek\system\BaseModel.php(738): CodeIgniter\Model->doInsert(Array)
#6 C:\xampp\htdocs\projek\system\Model.php(625): CodeIgniter\BaseModel->insert(Array, false)
#7 C:\xampp\htdocs\projek\system\BaseModel.php(658): CodeIgniter\Model->insert(Array, false)
#8 C:\xampp\htdocs\projek\app\Controllers\Save.php(46): CodeIgniter\BaseModel->save(Array)
#9 C:\xampp\htdocs\projek\system\CodeIgniter.php(832): App\Controllers\Save->jabatan()
#10 C:\xampp\htdocs\projek\system\CodeIgniter.php(419): CodeIgniter\CodeIgniter->runController(Object(App\Controllers\Save))
#11 C:\xampp\htdocs\projek\system\CodeIgniter.php(326): CodeIgniter\CodeIgniter->handleRequest(NULL, Object(Config\Cache), false)
#12 C:\xampp\htdocs\projek\public\index.php(37): CodeIgniter\CodeIgniter->run()
#13 C:\xampp\htdocs\projek\system\Commands\Server\rewrite.php(43): require_once('C:\\xampp\\htdocs...')
#14 {main}
ERROR - 2022-04-06 02:30:13 --> Duplicate entry '' for key 'PRIMARY'
CRITICAL - 2022-04-06 02:30:13 --> Duplicate entry '' for key 'PRIMARY'
#0 C:\xampp\htdocs\projek\system\Database\MySQLi\Connection.php(292): mysqli->query('INSERT INTO `ja...', 0)
#1 C:\xampp\htdocs\projek\system\Database\BaseConnection.php(670): CodeIgniter\Database\MySQLi\Connection->execute('INSERT INTO `ja...')
#2 C:\xampp\htdocs\projek\system\Database\BaseConnection.php(598): CodeIgniter\Database\BaseConnection->simpleQuery('INSERT INTO `ja...')
#3 C:\xampp\htdocs\projek\system\Database\BaseBuilder.php(1771): CodeIgniter\Database\BaseConnection->query('INSERT INTO `ja...', Array, false)
#4 C:\xampp\htdocs\projek\system\Model.php(239): CodeIgniter\Database\BaseBuilder->insert()
#5 C:\xampp\htdocs\projek\system\BaseModel.php(738): CodeIgniter\Model->doInsert(Array)
#6 C:\xampp\htdocs\projek\system\Model.php(625): CodeIgniter\BaseModel->insert(Array, false)
#7 C:\xampp\htdocs\projek\system\BaseModel.php(658): CodeIgniter\Model->insert(Array, false)
#8 C:\xampp\htdocs\projek\app\Controllers\Save.php(86): CodeIgniter\BaseModel->save(Array)
#9 C:\xampp\htdocs\projek\system\CodeIgniter.php(832): App\Controllers\Save->harian()
#10 C:\xampp\htdocs\projek\system\CodeIgniter.php(419): CodeIgniter\CodeIgniter->runController(Object(App\Controllers\Save))
#11 C:\xampp\htdocs\projek\system\CodeIgniter.php(326): CodeIgniter\CodeIgniter->handleRequest(NULL, Object(Config\Cache), false)
#12 C:\xampp\htdocs\projek\public\index.php(37): CodeIgniter\CodeIgniter->run()
#13 C:\xampp\htdocs\projek\system\Commands\Server\rewrite.php(43): require_once('C:\\xampp\\htdocs...')
#14 {main}
ERROR - 2022-04-06 02:35:44 --> Column 'jabatan' cannot be null
CRITICAL - 2022-04-06 02:35:44 --> Column 'jabatan' cannot be null
#0 C:\xampp\htdocs\projek\system\Database\MySQLi\Connection.php(292): mysqli->query('INSERT INTO `ja...', 0)
#1 C:\xampp\htdocs\projek\system\Database\BaseConnection.php(670): CodeIgniter\Database\MySQLi\Connection->execute('INSERT INTO `ja...')
#2 C:\xampp\htdocs\projek\system\Database\BaseConnection.php(598): CodeIgniter\Database\BaseConnection->simpleQuery('INSERT INTO `ja...')
#3 C:\xampp\htdocs\projek\system\Database\BaseBuilder.php(1771): CodeIgniter\Database\BaseConnection->query('INSERT INTO `ja...', Array, false)
#4 C:\xampp\htdocs\projek\system\Model.php(239): CodeIgniter\Database\BaseBuilder->insert()
#5 C:\xampp\htdocs\projek\system\BaseModel.php(738): CodeIgniter\Model->doInsert(Array)
#6 C:\xampp\htdocs\projek\system\Model.php(625): CodeIgniter\BaseModel->insert(Array, false)
#7 C:\xampp\htdocs\projek\system\BaseModel.php(658): CodeIgniter\Model->insert(Array, false)
#8 C:\xampp\htdocs\projek\app\Controllers\Save.php(44): CodeIgniter\BaseModel->save(Array)
#9 C:\xampp\htdocs\projek\system\CodeIgniter.php(832): App\Controllers\Save->jabatan()
#10 C:\xampp\htdocs\projek\system\CodeIgniter.php(419): CodeIgniter\CodeIgniter->runController(Object(App\Controllers\Save))
#11 C:\xampp\htdocs\projek\system\CodeIgniter.php(326): CodeIgniter\CodeIgniter->handleRequest(NULL, Object(Config\Cache), false)
#12 C:\xampp\htdocs\projek\public\index.php(37): CodeIgniter\CodeIgniter->run()
#13 C:\xampp\htdocs\projek\system\Commands\Server\rewrite.php(43): require_once('C:\\xampp\\htdocs...')
#14 {main}
ERROR - 2022-04-06 02:57:25 --> Cannot add or update a child row: a foreign key constraint fails (`karyawan`.`karyawan`, CONSTRAINT `karyawan_ibfk_1` FOREIGN KEY (`id_daftar`) REFERENCES `datadiri` (`id_daftar`))
CRITICAL - 2022-04-06 02:57:25 --> Cannot add or update a child row: a foreign key constraint fails (`karyawan`.`karyawan`, CONSTRAINT `karyawan_ibfk_1` FOREIGN KEY (`id_daftar`) REFERENCES `datadiri` (`id_daftar`))
#0 C:\xampp\htdocs\projek\system\Database\MySQLi\Connection.php(292): mysqli->query('INSERT INTO `ka...', 0)
#1 C:\xampp\htdocs\projek\system\Database\BaseConnection.php(670): CodeIgniter\Database\MySQLi\Connection->execute('INSERT INTO `ka...')
#2 C:\xampp\htdocs\projek\system\Database\BaseConnection.php(598): CodeIgniter\Database\BaseConnection->simpleQuery('INSERT INTO `ka...')
#3 C:\xampp\htdocs\projek\system\Database\BaseBuilder.php(1771): CodeIgniter\Database\BaseConnection->query('INSERT INTO `ka...', Array, false)
#4 C:\xampp\htdocs\projek\system\Model.php(239): CodeIgniter\Database\BaseBuilder->insert()
#5 C:\xampp\htdocs\projek\system\BaseModel.php(738): CodeIgniter\Model->doInsert(Array)
#6 C:\xampp\htdocs\projek\system\Model.php(625): CodeIgniter\BaseModel->insert(Array, false)
#7 C:\xampp\htdocs\projek\system\BaseModel.php(658): CodeIgniter\Model->insert(Array, false)
#8 C:\xampp\htdocs\projek\app\Controllers\Save.php(129): CodeIgniter\BaseModel->save(Array)
#9 C:\xampp\htdocs\projek\system\CodeIgniter.php(832): App\Controllers\Save->databaru()
#10 C:\xampp\htdocs\projek\system\CodeIgniter.php(419): CodeIgniter\CodeIgniter->runController(Object(App\Controllers\Save))
#11 C:\xampp\htdocs\projek\system\CodeIgniter.php(326): CodeIgniter\CodeIgniter->handleRequest(NULL, Object(Config\Cache), false)
#12 C:\xampp\htdocs\projek\public\index.php(37): CodeIgniter\CodeIgniter->run()
#13 C:\xampp\htdocs\projek\system\Commands\Server\rewrite.php(43): require_once('C:\\xampp\\htdocs...')
#14 {main}
ERROR - 2022-04-06 02:58:25 --> Cannot add or update a child row: a foreign key constraint fails (`karyawan`.`karyawan`, CONSTRAINT `karyawan_ibfk_1` FOREIGN KEY (`id_daftar`) REFERENCES `datadiri` (`id_daftar`))
CRITICAL - 2022-04-06 02:58:25 --> Cannot add or update a child row: a foreign key constraint fails (`karyawan`.`karyawan`, CONSTRAINT `karyawan_ibfk_1` FOREIGN KEY (`id_daftar`) REFERENCES `datadiri` (`id_daftar`))
#0 C:\xampp\htdocs\projek\system\Database\MySQLi\Connection.php(292): mysqli->query('INSERT INTO `ka...', 0)
#1 C:\xampp\htdocs\projek\system\Database\BaseConnection.php(670): CodeIgniter\Database\MySQLi\Connection->execute('INSERT INTO `ka...')
#2 C:\xampp\htdocs\projek\system\Database\BaseConnection.php(598): CodeIgniter\Database\BaseConnection->simpleQuery('INSERT INTO `ka...')
#3 C:\xampp\htdocs\projek\system\Database\BaseBuilder.php(1771): CodeIgniter\Database\BaseConnection->query('INSERT INTO `ka...', Array, false)
#4 C:\xampp\htdocs\projek\system\Model.php(239): CodeIgniter\Database\BaseBuilder->insert()
#5 C:\xampp\htdocs\projek\system\BaseModel.php(738): CodeIgniter\Model->doInsert(Array)
#6 C:\xampp\htdocs\projek\system\Model.php(625): CodeIgniter\BaseModel->insert(Array, false)
#7 C:\xampp\htdocs\projek\system\BaseModel.php(658): CodeIgniter\Model->insert(Array, false)
#8 C:\xampp\htdocs\projek\app\Controllers\Save.php(129): CodeIgniter\BaseModel->save(Array)
#9 C:\xampp\htdocs\projek\system\CodeIgniter.php(832): App\Controllers\Save->databaru()
#10 C:\xampp\htdocs\projek\system\CodeIgniter.php(419): CodeIgniter\CodeIgniter->runController(Object(App\Controllers\Save))
#11 C:\xampp\htdocs\projek\system\CodeIgniter.php(326): CodeIgniter\CodeIgniter->handleRequest(NULL, Object(Config\Cache), false)
#12 C:\xampp\htdocs\projek\public\index.php(37): CodeIgniter\CodeIgniter->run()
#13 C:\xampp\htdocs\projek\system\Commands\Server\rewrite.php(43): require_once('C:\\xampp\\htdocs...')
#14 {main}
ERROR - 2022-04-06 02:58:29 --> Cannot add or update a child row: a foreign key constraint fails (`karyawan`.`karyawan`, CONSTRAINT `karyawan_ibfk_1` FOREIGN KEY (`id_daftar`) REFERENCES `datadiri` (`id_daftar`))
CRITICAL - 2022-04-06 02:58:29 --> Cannot add or update a child row: a foreign key constraint fails (`karyawan`.`karyawan`, CONSTRAINT `karyawan_ibfk_1` FOREIGN KEY (`id_daftar`) REFERENCES `datadiri` (`id_daftar`))
#0 C:\xampp\htdocs\projek\system\Database\MySQLi\Connection.php(292): mysqli->query('INSERT INTO `ka...', 0)
#1 C:\xampp\htdocs\projek\system\Database\BaseConnection.php(670): CodeIgniter\Database\MySQLi\Connection->execute('INSERT INTO `ka...')
#2 C:\xampp\htdocs\projek\system\Database\BaseConnection.php(598): CodeIgniter\Database\BaseConnection->simpleQuery('INSERT INTO `ka...')
#3 C:\xampp\htdocs\projek\system\Database\BaseBuilder.php(1771): CodeIgniter\Database\BaseConnection->query('INSERT INTO `ka...', Array, false)
#4 C:\xampp\htdocs\projek\system\Model.php(239): CodeIgniter\Database\BaseBuilder->insert()
#5 C:\xampp\htdocs\projek\system\BaseModel.php(738): CodeIgniter\Model->doInsert(Array)
#6 C:\xampp\htdocs\projek\system\Model.php(625): CodeIgniter\BaseModel->insert(Array, false)
#7 C:\xampp\htdocs\projek\system\BaseModel.php(658): CodeIgniter\Model->insert(Array, false)
#8 C:\xampp\htdocs\projek\app\Controllers\Save.php(129): CodeIgniter\BaseModel->save(Array)
#9 C:\xampp\htdocs\projek\system\CodeIgniter.php(832): App\Controllers\Save->databaru()
#10 C:\xampp\htdocs\projek\system\CodeIgniter.php(419): CodeIgniter\CodeIgniter->runController(Object(App\Controllers\Save))
#11 C:\xampp\htdocs\projek\system\CodeIgniter.php(326): CodeIgniter\CodeIgniter->handleRequest(NULL, Object(Config\Cache), false)
#12 C:\xampp\htdocs\projek\public\index.php(37): CodeIgniter\CodeIgniter->run()
#13 C:\xampp\htdocs\projek\system\Commands\Server\rewrite.php(43): require_once('C:\\xampp\\htdocs...')
#14 {main}
ERROR - 2022-04-06 03:21:35 --> Unknown column 'telp_kerabat' in 'field list'
CRITICAL - 2022-04-06 03:21:35 --> Unknown column 'telp_kerabat' in 'field list'
#0 C:\xampp\htdocs\projek\system\Database\MySQLi\Connection.php(292): mysqli->query('INSERT INTO `da...', 0)
#1 C:\xampp\htdocs\projek\system\Database\BaseConnection.php(670): CodeIgniter\Database\MySQLi\Connection->execute('INSERT INTO `da...')
#2 C:\xampp\htdocs\projek\system\Database\BaseConnection.php(598): CodeIgniter\Database\BaseConnection->simpleQuery('INSERT INTO `da...')
#3 C:\xampp\htdocs\projek\system\Database\BaseBuilder.php(1771): CodeIgniter\Database\BaseConnection->query('INSERT INTO `da...', Array, false)
#4 C:\xampp\htdocs\projek\system\Model.php(239): CodeIgniter\Database\BaseBuilder->insert()
#5 C:\xampp\htdocs\projek\system\BaseModel.php(738): CodeIgniter\Model->doInsert(Array)
#6 C:\xampp\htdocs\projek\system\Model.php(625): CodeIgniter\BaseModel->insert(Array, false)
#7 C:\xampp\htdocs\projek\system\BaseModel.php(658): CodeIgniter\Model->insert(Array, false)
#8 C:\xampp\htdocs\projek\app\Controllers\Save.php(54): CodeIgniter\BaseModel->save(Array)
#9 C:\xampp\htdocs\projek\system\CodeIgniter.php(832): App\Controllers\Save->save()
#10 C:\xampp\htdocs\projek\system\CodeIgniter.php(419): CodeIgniter\CodeIgniter->runController(Object(App\Controllers\Save))
#11 C:\xampp\htdocs\projek\system\CodeIgniter.php(326): CodeIgniter\CodeIgniter->handleRequest(NULL, Object(Config\Cache), false)
#12 C:\xampp\htdocs\projek\public\index.php(37): CodeIgniter\CodeIgniter->run()
#13 C:\xampp\htdocs\projek\system\Commands\Server\rewrite.php(43): require_once('C:\\xampp\\htdocs...')
#14 {main}
ERROR - 2022-04-06 03:23:55 --> Unknown column 'telp_kerabat' in 'field list'
CRITICAL - 2022-04-06 03:23:55 --> Unknown column 'telp_kerabat' in 'field list'
#0 C:\xampp\htdocs\projek\system\Database\MySQLi\Connection.php(292): mysqli->query('INSERT INTO `da...', 0)
#1 C:\xampp\htdocs\projek\system\Database\BaseConnection.php(670): CodeIgniter\Database\MySQLi\Connection->execute('INSERT INTO `da...')
#2 C:\xampp\htdocs\projek\system\Database\BaseConnection.php(598): CodeIgniter\Database\BaseConnection->simpleQuery('INSERT INTO `da...')
#3 C:\xampp\htdocs\projek\system\Database\BaseBuilder.php(1771): CodeIgniter\Database\BaseConnection->query('INSERT INTO `da...', Array, false)
#4 C:\xampp\htdocs\projek\system\Model.php(239): CodeIgniter\Database\BaseBuilder->insert()
#5 C:\xampp\htdocs\projek\system\BaseModel.php(738): CodeIgniter\Model->doInsert(Array)
#6 C:\xampp\htdocs\projek\system\Model.php(625): CodeIgniter\BaseModel->insert(Array, false)
#7 C:\xampp\htdocs\projek\system\BaseModel.php(658): CodeIgniter\Model->insert(Array, false)
#8 C:\xampp\htdocs\projek\app\Controllers\Save.php(54): CodeIgniter\BaseModel->save(Array)
#9 C:\xampp\htdocs\projek\system\CodeIgniter.php(832): App\Controllers\Save->save()
#10 C:\xampp\htdocs\projek\system\CodeIgniter.php(419): CodeIgniter\CodeIgniter->runController(Object(App\Controllers\Save))
#11 C:\xampp\htdocs\projek\system\CodeIgniter.php(326): CodeIgniter\CodeIgniter->handleRequest(NULL, Object(Config\Cache), false)
#12 C:\xampp\htdocs\projek\public\index.php(37): CodeIgniter\CodeIgniter->run()
#13 C:\xampp\htdocs\projek\system\Commands\Server\rewrite.php(43): require_once('C:\\xampp\\htdocs...')
#14 {main}
ERROR - 2022-04-06 03:25:36 --> Column 'telp' cannot be null
CRITICAL - 2022-04-06 03:25:36 --> Column 'telp' cannot be null
#0 C:\xampp\htdocs\projek\system\Database\MySQLi\Connection.php(292): mysqli->query('INSERT INTO `da...', 0)
#1 C:\xampp\htdocs\projek\system\Database\BaseConnection.php(670): CodeIgniter\Database\MySQLi\Connection->execute('INSERT INTO `da...')
#2 C:\xampp\htdocs\projek\system\Database\BaseConnection.php(598): CodeIgniter\Database\BaseConnection->simpleQuery('INSERT INTO `da...')
#3 C:\xampp\htdocs\projek\system\Database\BaseBuilder.php(1771): CodeIgniter\Database\BaseConnection->query('INSERT INTO `da...', Array, false)
#4 C:\xampp\htdocs\projek\system\Model.php(239): CodeIgniter\Database\BaseBuilder->insert()
#5 C:\xampp\htdocs\projek\system\BaseModel.php(738): CodeIgniter\Model->doInsert(Array)
#6 C:\xampp\htdocs\projek\system\Model.php(625): CodeIgniter\BaseModel->insert(Array, false)
#7 C:\xampp\htdocs\projek\system\BaseModel.php(658): CodeIgniter\Model->insert(Array, false)
#8 C:\xampp\htdocs\projek\app\Controllers\Save.php(54): CodeIgniter\BaseModel->save(Array)
#9 C:\xampp\htdocs\projek\system\CodeIgniter.php(832): App\Controllers\Save->save()
#10 C:\xampp\htdocs\projek\system\CodeIgniter.php(419): CodeIgniter\CodeIgniter->runController(Object(App\Controllers\Save))
#11 C:\xampp\htdocs\projek\system\CodeIgniter.php(326): CodeIgniter\CodeIgniter->handleRequest(NULL, Object(Config\Cache), false)
#12 C:\xampp\htdocs\projek\public\index.php(37): CodeIgniter\CodeIgniter->run()
#13 C:\xampp\htdocs\projek\system\Commands\Server\rewrite.php(43): require_once('C:\\xampp\\htdocs...')
#14 {main}
ERROR - 2022-04-06 03:26:28 --> Column 'telp' cannot be null
CRITICAL - 2022-04-06 03:26:28 --> Column 'telp' cannot be null
#0 C:\xampp\htdocs\projek\system\Database\MySQLi\Connection.php(292): mysqli->query('INSERT INTO `da...', 0)
#1 C:\xampp\htdocs\projek\system\Database\BaseConnection.php(670): CodeIgniter\Database\MySQLi\Connection->execute('INSERT INTO `da...')
#2 C:\xampp\htdocs\projek\system\Database\BaseConnection.php(598): CodeIgniter\Database\BaseConnection->simpleQuery('INSERT INTO `da...')
#3 C:\xampp\htdocs\projek\system\Database\BaseBuilder.php(1771): CodeIgniter\Database\BaseConnection->query('INSERT INTO `da...', Array, false)
#4 C:\xampp\htdocs\projek\system\Model.php(239): CodeIgniter\Database\BaseBuilder->insert()
#5 C:\xampp\htdocs\projek\system\BaseModel.php(738): CodeIgniter\Model->doInsert(Array)
#6 C:\xampp\htdocs\projek\system\Model.php(625): CodeIgniter\BaseModel->insert(Array, false)
#7 C:\xampp\htdocs\projek\system\BaseModel.php(658): CodeIgniter\Model->insert(Array, false)
#8 C:\xampp\htdocs\projek\app\Controllers\Save.php(54): CodeIgniter\BaseModel->save(Array)
#9 C:\xampp\htdocs\projek\system\CodeIgniter.php(832): App\Controllers\Save->save()
#10 C:\xampp\htdocs\projek\system\CodeIgniter.php(419): CodeIgniter\CodeIgniter->runController(Object(App\Controllers\Save))
#11 C:\xampp\htdocs\projek\system\CodeIgniter.php(326): CodeIgniter\CodeIgniter->handleRequest(NULL, Object(Config\Cache), false)
#12 C:\xampp\htdocs\projek\public\index.php(37): CodeIgniter\CodeIgniter->run()
#13 C:\xampp\htdocs\projek\system\Commands\Server\rewrite.php(43): require_once('C:\\xampp\\htdocs...')
#14 {main}
ERROR - 2022-04-06 03:27:07 --> Column 'status' cannot be null
CRITICAL - 2022-04-06 03:27:07 --> Column 'status' cannot be null
#0 C:\xampp\htdocs\projek\system\Database\MySQLi\Connection.php(292): mysqli->query('INSERT INTO `ba...', 0)
#1 C:\xampp\htdocs\projek\system\Database\BaseConnection.php(670): CodeIgniter\Database\MySQLi\Connection->execute('INSERT INTO `ba...')
#2 C:\xampp\htdocs\projek\system\Database\BaseConnection.php(598): CodeIgniter\Database\BaseConnection->simpleQuery('INSERT INTO `ba...')
#3 C:\xampp\htdocs\projek\system\Database\BaseBuilder.php(1771): CodeIgniter\Database\BaseConnection->query('INSERT INTO `ba...', Array, false)
#4 C:\xampp\htdocs\projek\system\Model.php(239): CodeIgniter\Database\BaseBuilder->insert()
#5 C:\xampp\htdocs\projek\system\BaseModel.php(738): CodeIgniter\Model->doInsert(Array)
#6 C:\xampp\htdocs\projek\system\Model.php(625): CodeIgniter\BaseModel->insert(Array, false)
#7 C:\xampp\htdocs\projek\system\BaseModel.php(658): CodeIgniter\Model->insert(Array, false)
#8 C:\xampp\htdocs\projek\app\Controllers\Save.php(58): CodeIgniter\BaseModel->save(Array)
#9 C:\xampp\htdocs\projek\system\CodeIgniter.php(832): App\Controllers\Save->save()
#10 C:\xampp\htdocs\projek\system\CodeIgniter.php(419): CodeIgniter\CodeIgniter->runController(Object(App\Controllers\Save))
#11 C:\xampp\htdocs\projek\system\CodeIgniter.php(326): CodeIgniter\CodeIgniter->handleRequest(NULL, Object(Config\Cache), false)
#12 C:\xampp\htdocs\projek\public\index.php(37): CodeIgniter\CodeIgniter->run()
#13 C:\xampp\htdocs\projek\system\Commands\Server\rewrite.php(43): require_once('C:\\xampp\\htdocs...')
#14 {main}
ERROR - 2022-04-06 03:28:53 --> Duplicate entry '' for key 'PRIMARY'
CRITICAL - 2022-04-06 03:28:53 --> Duplicate entry '' for key 'PRIMARY'
#0 C:\xampp\htdocs\projek\system\Database\MySQLi\Connection.php(292): mysqli->query('INSERT INTO `da...', 0)
#1 C:\xampp\htdocs\projek\system\Database\BaseConnection.php(670): CodeIgniter\Database\MySQLi\Connection->execute('INSERT INTO `da...')
#2 C:\xampp\htdocs\projek\system\Database\BaseConnection.php(598): CodeIgniter\Database\BaseConnection->simpleQuery('INSERT INTO `da...')
#3 C:\xampp\htdocs\projek\system\Database\BaseBuilder.php(1771): CodeIgniter\Database\BaseConnection->query('INSERT INTO `da...', Array, false)
#4 C:\xampp\htdocs\projek\system\Model.php(239): CodeIgniter\Database\BaseBuilder->insert()
#5 C:\xampp\htdocs\projek\system\BaseModel.php(738): CodeIgniter\Model->doInsert(Array)
#6 C:\xampp\htdocs\projek\system\Model.php(625): CodeIgniter\BaseModel->insert(Array, false)
#7 C:\xampp\htdocs\projek\system\BaseModel.php(658): CodeIgniter\Model->insert(Array, false)
#8 C:\xampp\htdocs\projek\app\Controllers\Save.php(54): CodeIgniter\BaseModel->save(Array)
#9 C:\xampp\htdocs\projek\system\CodeIgniter.php(832): App\Controllers\Save->save()
#10 C:\xampp\htdocs\projek\system\CodeIgniter.php(419): CodeIgniter\CodeIgniter->runController(Object(App\Controllers\Save))
#11 C:\xampp\htdocs\projek\system\CodeIgniter.php(326): CodeIgniter\CodeIgniter->handleRequest(NULL, Object(Config\Cache), false)
#12 C:\xampp\htdocs\projek\public\index.php(37): CodeIgniter\CodeIgniter->run()
#13 C:\xampp\htdocs\projek\system\Commands\Server\rewrite.php(43): require_once('C:\\xampp\\htdocs...')
#14 {main}
ERROR - 2022-04-06 03:54:38 --> Column 'status' cannot be null
CRITICAL - 2022-04-06 03:54:38 --> Column 'status' cannot be null
#0 C:\xampp\htdocs\projek\system\Database\MySQLi\Connection.php(292): mysqli->query('INSERT INTO `ba...', 0)
#1 C:\xampp\htdocs\projek\system\Database\BaseConnection.php(670): CodeIgniter\Database\MySQLi\Connection->execute('INSERT INTO `ba...')
#2 C:\xampp\htdocs\projek\system\Database\BaseConnection.php(598): CodeIgniter\Database\BaseConnection->simpleQuery('INSERT INTO `ba...')
#3 C:\xampp\htdocs\projek\system\Database\BaseBuilder.php(1771): CodeIgniter\Database\BaseConnection->query('INSERT INTO `ba...', Array, false)
#4 C:\xampp\htdocs\projek\system\Model.php(239): CodeIgniter\Database\BaseBuilder->insert()
#5 C:\xampp\htdocs\projek\system\BaseModel.php(738): CodeIgniter\Model->doInsert(Array)
#6 C:\xampp\htdocs\projek\system\Model.php(625): CodeIgniter\BaseModel->insert(Array, false)
#7 C:\xampp\htdocs\projek\system\BaseModel.php(658): CodeIgniter\Model->insert(Array, false)
#8 C:\xampp\htdocs\projek\app\Controllers\Save.php(58): CodeIgniter\BaseModel->save(Array)
#9 C:\xampp\htdocs\projek\system\CodeIgniter.php(832): App\Controllers\Save->save()
#10 C:\xampp\htdocs\projek\system\CodeIgniter.php(419): CodeIgniter\CodeIgniter->runController(Object(App\Controllers\Save))
#11 C:\xampp\htdocs\projek\system\CodeIgniter.php(326): CodeIgniter\CodeIgniter->handleRequest(NULL, Object(Config\Cache), false)
#12 C:\xampp\htdocs\projek\public\index.php(37): CodeIgniter\CodeIgniter->run()
#13 C:\xampp\htdocs\projek\system\Commands\Server\rewrite.php(43): require_once('C:\\xampp\\htdocs...')
#14 {main}
ERROR - 2022-04-06 03:55:28 --> Duplicate entry '' for key 'PRIMARY'
CRITICAL - 2022-04-06 03:55:28 --> Duplicate entry '' for key 'PRIMARY'
#0 C:\xampp\htdocs\projek\system\Database\MySQLi\Connection.php(292): mysqli->query('INSERT INTO `da...', 0)
#1 C:\xampp\htdocs\projek\system\Database\BaseConnection.php(670): CodeIgniter\Database\MySQLi\Connection->execute('INSERT INTO `da...')
#2 C:\xampp\htdocs\projek\system\Database\BaseConnection.php(598): CodeIgniter\Database\BaseConnection->simpleQuery('INSERT INTO `da...')
#3 C:\xampp\htdocs\projek\system\Database\BaseBuilder.php(1771): CodeIgniter\Database\BaseConnection->query('INSERT INTO `da...', Array, false)
#4 C:\xampp\htdocs\projek\system\Model.php(239): CodeIgniter\Database\BaseBuilder->insert()
#5 C:\xampp\htdocs\projek\system\BaseModel.php(738): CodeIgniter\Model->doInsert(Array)
#6 C:\xampp\htdocs\projek\system\Model.php(625): CodeIgniter\BaseModel->insert(Array, false)
#7 C:\xampp\htdocs\projek\system\BaseModel.php(658): CodeIgniter\Model->insert(Array, false)
#8 C:\xampp\htdocs\projek\app\Controllers\Save.php(54): CodeIgniter\BaseModel->save(Array)
#9 C:\xampp\htdocs\projek\system\CodeIgniter.php(832): App\Controllers\Save->save()
#10 C:\xampp\htdocs\projek\system\CodeIgniter.php(419): CodeIgniter\CodeIgniter->runController(Object(App\Controllers\Save))
#11 C:\xampp\htdocs\projek\system\CodeIgniter.php(326): CodeIgniter\CodeIgniter->handleRequest(NULL, Object(Config\Cache), false)
#12 C:\xampp\htdocs\projek\public\index.php(37): CodeIgniter\CodeIgniter->run()
#13 C:\xampp\htdocs\projek\system\Commands\Server\rewrite.php(43): require_once('C:\\xampp\\htdocs...')
#14 {main}
