CRITICAL - 2022-03-28 01:44:16 --> Undefined variable $halaman
#0 C:\xampp\htdocs\projek\app\Views\layout\template.php(21): CodeIgniter\Debug\Exceptions->errorHandler(2, 'Undefined varia...', 'C:\\xampp\\htdocs...', 21)
#1 C:\xampp\htdocs\projek\system\View\View.php(210): include('C:\\xampp\\htdocs...')
#2 C:\xampp\htdocs\projek\system\View\View.php(213): CodeIgniter\View\View->CodeIgniter\View\{closure}()
#3 C:\xampp\htdocs\projek\system\View\View.php(226): CodeIgniter\View\View->render('layout/template', Array, true)
#4 C:\xampp\htdocs\projek\system\Common.php(1089): CodeIgniter\View\View->render('karyawan.php', Array, true)
#5 C:\xampp\htdocs\projek\app\Controllers\Home.php(20): view('karyawan.php')
#6 C:\xampp\htdocs\projek\system\CodeIgniter.php(832): App\Controllers\Home->karyawan()
#7 C:\xampp\htdocs\projek\system\CodeIgniter.php(419): CodeIgniter\CodeIgniter->runController(Object(App\Controllers\Home))
#8 C:\xampp\htdocs\projek\system\CodeIgniter.php(326): CodeIgniter\CodeIgniter->handleRequest(NULL, Object(Config\Cache), false)
#9 C:\xampp\htdocs\projek\public\index.php(37): CodeIgniter\CodeIgniter->run()
#10 C:\xampp\htdocs\projek\system\Commands\Server\rewrite.php(43): require_once('C:\\xampp\\htdocs...')
#11 {main}
CRITICAL - 2022-03-28 01:45:05 --> Undefined variable $halaman
#0 C:\xampp\htdocs\projek\app\Views\layout\template.php(21): CodeIgniter\Debug\Exceptions->errorHandler(2, 'Undefined varia...', 'C:\\xampp\\htdocs...', 21)
#1 C:\xampp\htdocs\projek\system\View\View.php(210): include('C:\\xampp\\htdocs...')
#2 C:\xampp\htdocs\projek\system\View\View.php(213): CodeIgniter\View\View->CodeIgniter\View\{closure}()
#3 C:\xampp\htdocs\projek\system\View\View.php(226): CodeIgniter\View\View->render('layout/template', Array, true)
#4 C:\xampp\htdocs\projek\system\Common.php(1089): CodeIgniter\View\View->render('karyawan.php', Array, true)
#5 C:\xampp\htdocs\projek\app\Controllers\Home.php(20): view('karyawan.php')
#6 C:\xampp\htdocs\projek\system\CodeIgniter.php(832): App\Controllers\Home->karyawan()
#7 C:\xampp\htdocs\projek\system\CodeIgniter.php(419): CodeIgniter\CodeIgniter->runController(Object(App\Controllers\Home))
#8 C:\xampp\htdocs\projek\system\CodeIgniter.php(326): CodeIgniter\CodeIgniter->handleRequest(NULL, Object(Config\Cache), false)
#9 C:\xampp\htdocs\projek\public\index.php(37): CodeIgniter\CodeIgniter->run()
#10 C:\xampp\htdocs\projek\system\Commands\Server\rewrite.php(43): require_once('C:\\xampp\\htdocs...')
#11 {main}
CRITICAL - 2022-03-28 02:25:20 --> Undefined variable $halaman
#0 C:\xampp\htdocs\projek\app\Views\layout\template.php(21): CodeIgniter\Debug\Exceptions->errorHandler(2, 'Undefined varia...', 'C:\\xampp\\htdocs...', 21)
#1 C:\xampp\htdocs\projek\system\View\View.php(210): include('C:\\xampp\\htdocs...')
#2 C:\xampp\htdocs\projek\system\View\View.php(213): CodeIgniter\View\View->CodeIgniter\View\{closure}()
#3 C:\xampp\htdocs\projek\system\View\View.php(226): CodeIgniter\View\View->render('layout/template', Array, true)
#4 C:\xampp\htdocs\projek\system\Common.php(1089): CodeIgniter\View\View->render('profil.php', Array, true)
#5 C:\xampp\htdocs\projek\app\Controllers\Home.php(35): view('profil.php')
#6 C:\xampp\htdocs\projek\system\CodeIgniter.php(832): App\Controllers\Home->profil()
#7 C:\xampp\htdocs\projek\system\CodeIgniter.php(419): CodeIgniter\CodeIgniter->runController(Object(App\Controllers\Home))
#8 C:\xampp\htdocs\projek\system\CodeIgniter.php(326): CodeIgniter\CodeIgniter->handleRequest(NULL, Object(Config\Cache), false)
#9 C:\xampp\htdocs\projek\public\index.php(37): CodeIgniter\CodeIgniter->run()
#10 C:\xampp\htdocs\projek\system\Commands\Server\rewrite.php(43): require_once('C:\\xampp\\htdocs...')
#11 {main}
CRITICAL - 2022-03-28 03:20:51 --> View themes, no current section.
#0 C:\xampp\htdocs\projek\app\Views\profil.php(52): CodeIgniter\View\View->endSection()
#1 C:\xampp\htdocs\projek\system\View\View.php(210): include('C:\\xampp\\htdocs...')
#2 C:\xampp\htdocs\projek\system\View\View.php(213): CodeIgniter\View\View->CodeIgniter\View\{closure}()
#3 C:\xampp\htdocs\projek\system\Common.php(1089): CodeIgniter\View\View->render('profil.php', Array, true)
#4 C:\xampp\htdocs\projek\app\Controllers\Home.php(35): view('profil.php', Array)
#5 C:\xampp\htdocs\projek\system\CodeIgniter.php(832): App\Controllers\Home->profil()
#6 C:\xampp\htdocs\projek\system\CodeIgniter.php(419): CodeIgniter\CodeIgniter->runController(Object(App\Controllers\Home))
#7 C:\xampp\htdocs\projek\system\CodeIgniter.php(326): CodeIgniter\CodeIgniter->handleRequest(NULL, Object(Config\Cache), false)
#8 C:\xampp\htdocs\projek\public\index.php(37): CodeIgniter\CodeIgniter->run()
#9 C:\xampp\htdocs\projek\system\Commands\Server\rewrite.php(43): require_once('C:\\xampp\\htdocs...')
#10 {main}
CRITICAL - 2022-03-28 03:32:13 --> View themes, no current section.
#0 C:\xampp\htdocs\projek\app\Views\profil.php(52): CodeIgniter\View\View->endSection()
#1 C:\xampp\htdocs\projek\system\View\View.php(210): include('C:\\xampp\\htdocs...')
#2 C:\xampp\htdocs\projek\system\View\View.php(213): CodeIgniter\View\View->CodeIgniter\View\{closure}()
#3 C:\xampp\htdocs\projek\system\Common.php(1089): CodeIgniter\View\View->render('profil.php', Array, true)
#4 C:\xampp\htdocs\projek\app\Controllers\Home.php(35): view('profil.php', Array)
#5 C:\xampp\htdocs\projek\system\CodeIgniter.php(832): App\Controllers\Home->profil()
#6 C:\xampp\htdocs\projek\system\CodeIgniter.php(419): CodeIgniter\CodeIgniter->runController(Object(App\Controllers\Home))
#7 C:\xampp\htdocs\projek\system\CodeIgniter.php(326): CodeIgniter\CodeIgniter->handleRequest(NULL, Object(Config\Cache), false)
#8 C:\xampp\htdocs\projek\public\index.php(37): CodeIgniter\CodeIgniter->run()
#9 C:\xampp\htdocs\projek\system\Commands\Server\rewrite.php(43): require_once('C:\\xampp\\htdocs...')
#10 {main}
