CRITICAL - 2022-05-13 09:29:33 --> Undefined array key "foto"
#0 C:\xampp\htdocs\projek\app\Views\recruitment\databaru.php(65): CodeIgniter\Debug\Exceptions->errorHandler(2, 'Undefined array...', 'C:\\xampp\\htdocs...', 65)
#1 C:\xampp\htdocs\projek\system\View\View.php(210): include('C:\\xampp\\htdocs...')
#2 C:\xampp\htdocs\projek\system\View\View.php(213): CodeIgniter\View\View->CodeIgniter\View\{closure}()
#3 C:\xampp\htdocs\projek\system\Common.php(1089): CodeIgniter\View\View->render('recruitment/dat...', Array, true)
#4 C:\xampp\htdocs\projek\app\Controllers\Recruitment.php(159): view('recruitment/dat...', Array)
#5 C:\xampp\htdocs\projek\system\CodeIgniter.php(832): App\Controllers\Recruitment->databaru()
#6 C:\xampp\htdocs\projek\system\CodeIgniter.php(419): CodeIgniter\CodeIgniter->runController(Object(App\Controllers\Recruitment))
#7 C:\xampp\htdocs\projek\system\CodeIgniter.php(326): CodeIgniter\CodeIgniter->handleRequest(NULL, Object(Config\Cache), false)
#8 C:\xampp\htdocs\projek\public\index.php(37): CodeIgniter\CodeIgniter->run()
#9 C:\xampp\htdocs\projek\system\Commands\Server\rewrite.php(43): require_once('C:\\xampp\\htdocs...')
#10 {main}
CRITICAL - 2022-05-13 10:10:44 --> Call to a member function getName() on null
#0 C:\xampp\htdocs\projek\system\CodeIgniter.php(832): App\Controllers\Save->edit_karyawan('2')
#1 C:\xampp\htdocs\projek\system\CodeIgniter.php(419): CodeIgniter\CodeIgniter->runController(Object(App\Controllers\Save))
#2 C:\xampp\htdocs\projek\system\CodeIgniter.php(326): CodeIgniter\CodeIgniter->handleRequest(NULL, Object(Config\Cache), false)
#3 C:\xampp\htdocs\projek\public\index.php(37): CodeIgniter\CodeIgniter->run()
#4 C:\xampp\htdocs\projek\system\Commands\Server\rewrite.php(43): require_once('C:\\xampp\\htdocs...')
#5 {main}
CRITICAL - 2022-05-13 10:11:07 --> Call to a member function getName() on null
#0 C:\xampp\htdocs\projek\system\CodeIgniter.php(832): App\Controllers\Save->edit_karyawan('2')
#1 C:\xampp\htdocs\projek\system\CodeIgniter.php(419): CodeIgniter\CodeIgniter->runController(Object(App\Controllers\Save))
#2 C:\xampp\htdocs\projek\system\CodeIgniter.php(326): CodeIgniter\CodeIgniter->handleRequest(NULL, Object(Config\Cache), false)
#3 C:\xampp\htdocs\projek\public\index.php(37): CodeIgniter\CodeIgniter->run()
#4 C:\xampp\htdocs\projek\system\Commands\Server\rewrite.php(43): require_once('C:\\xampp\\htdocs...')
#5 {main}
CRITICAL - 2022-05-13 10:24:35 --> unlink(public/foto/siti.jpg): No such file or directory
#0 [internal function]: CodeIgniter\Debug\Exceptions->errorHandler(2, 'unlink(public/f...', 'C:\\xampp\\htdocs...', 1075)
#1 C:\xampp\htdocs\projek\app\Controllers\Save.php(1075): unlink('public/foto/sit...')
#2 C:\xampp\htdocs\projek\system\CodeIgniter.php(832): App\Controllers\Save->edit_karyawan('2')
#3 C:\xampp\htdocs\projek\system\CodeIgniter.php(419): CodeIgniter\CodeIgniter->runController(Object(App\Controllers\Save))
#4 C:\xampp\htdocs\projek\system\CodeIgniter.php(326): CodeIgniter\CodeIgniter->handleRequest(NULL, Object(Config\Cache), false)
#5 C:\xampp\htdocs\projek\public\index.php(37): CodeIgniter\CodeIgniter->run()
#6 C:\xampp\htdocs\projek\system\Commands\Server\rewrite.php(43): require_once('C:\\xampp\\htdocs...')
#7 {main}
CRITICAL - 2022-05-13 10:38:18 --> unlink(foto/siti.jpg): No such file or directory
#0 [internal function]: CodeIgniter\Debug\Exceptions->errorHandler(2, 'unlink(foto/sit...', 'C:\\xampp\\htdocs...', 1076)
#1 C:\xampp\htdocs\projek\app\Controllers\Save.php(1076): unlink('foto/siti.jpg')
#2 C:\xampp\htdocs\projek\system\CodeIgniter.php(832): App\Controllers\Save->edit_karyawan('2')
#3 C:\xampp\htdocs\projek\system\CodeIgniter.php(419): CodeIgniter\CodeIgniter->runController(Object(App\Controllers\Save))
#4 C:\xampp\htdocs\projek\system\CodeIgniter.php(326): CodeIgniter\CodeIgniter->handleRequest(NULL, Object(Config\Cache), false)
#5 C:\xampp\htdocs\projek\public\index.php(37): CodeIgniter\CodeIgniter->run()
#6 C:\xampp\htdocs\projek\system\Commands\Server\rewrite.php(43): require_once('C:\\xampp\\htdocs...')
#7 {main}
CRITICAL - 2022-05-13 10:41:11 --> unlink(foto/1652413158_b08d67e4ba3919e0a93): No such file or directory
#0 [internal function]: CodeIgniter\Debug\Exceptions->errorHandler(2, 'unlink(foto/165...', 'C:\\xampp\\htdocs...', 1076)
#1 C:\xampp\htdocs\projek\app\Controllers\Save.php(1076): unlink('foto/1652413158...')
#2 C:\xampp\htdocs\projek\system\CodeIgniter.php(832): App\Controllers\Save->edit_karyawan('2')
#3 C:\xampp\htdocs\projek\system\CodeIgniter.php(419): CodeIgniter\CodeIgniter->runController(Object(App\Controllers\Save))
#4 C:\xampp\htdocs\projek\system\CodeIgniter.php(326): CodeIgniter\CodeIgniter->handleRequest(NULL, Object(Config\Cache), false)
#5 C:\xampp\htdocs\projek\public\index.php(37): CodeIgniter\CodeIgniter->run()
#6 C:\xampp\htdocs\projek\system\Commands\Server\rewrite.php(43): require_once('C:\\xampp\\htdocs...')
#7 {main}
CRITICAL - 2022-05-13 10:53:18 --> Undefined variable $profile
#0 C:\xampp\htdocs\projek\app\Controllers\Home.php(114): CodeIgniter\Debug\Exceptions->errorHandler(2, 'Undefined varia...', 'C:\\xampp\\htdocs...', 114)
#1 C:\xampp\htdocs\projek\system\CodeIgniter.php(832): App\Controllers\Home->profil('1')
#2 C:\xampp\htdocs\projek\system\CodeIgniter.php(419): CodeIgniter\CodeIgniter->runController(Object(App\Controllers\Home))
#3 C:\xampp\htdocs\projek\system\CodeIgniter.php(326): CodeIgniter\CodeIgniter->handleRequest(NULL, Object(Config\Cache), false)
#4 C:\xampp\htdocs\projek\public\index.php(37): CodeIgniter\CodeIgniter->run()
#5 C:\xampp\htdocs\projek\system\Commands\Server\rewrite.php(43): require_once('C:\\xampp\\htdocs...')
#6 {main}
CRITICAL - 2022-05-13 11:27:50 --> Undefined array key "id_kar"
#0 C:\xampp\htdocs\projek\app\Views\karyawan.php(10): CodeIgniter\Debug\Exceptions->errorHandler(2, 'Undefined array...', 'C:\\xampp\\htdocs...', 10)
#1 C:\xampp\htdocs\projek\system\View\View.php(210): include('C:\\xampp\\htdocs...')
#2 C:\xampp\htdocs\projek\system\View\View.php(213): CodeIgniter\View\View->CodeIgniter\View\{closure}()
#3 C:\xampp\htdocs\projek\system\Common.php(1089): CodeIgniter\View\View->render('karyawan.php', Array, true)
#4 C:\xampp\htdocs\projek\app\Controllers\Home.php(51): view('karyawan.php', Array)
#5 C:\xampp\htdocs\projek\system\CodeIgniter.php(832): App\Controllers\Home->karyawan()
#6 C:\xampp\htdocs\projek\system\CodeIgniter.php(419): CodeIgniter\CodeIgniter->runController(Object(App\Controllers\Home))
#7 C:\xampp\htdocs\projek\system\CodeIgniter.php(326): CodeIgniter\CodeIgniter->handleRequest(NULL, Object(Config\Cache), false)
#8 C:\xampp\htdocs\projek\public\index.php(37): CodeIgniter\CodeIgniter->run()
#9 C:\xampp\htdocs\projek\system\Commands\Server\rewrite.php(43): require_once('C:\\xampp\\htdocs...')
#10 {main}
CRITICAL - 2022-05-13 11:28:33 --> Undefined array key "id_kar"
#0 C:\xampp\htdocs\projek\app\Views\karyawan.php(10): CodeIgniter\Debug\Exceptions->errorHandler(2, 'Undefined array...', 'C:\\xampp\\htdocs...', 10)
#1 C:\xampp\htdocs\projek\system\View\View.php(210): include('C:\\xampp\\htdocs...')
#2 C:\xampp\htdocs\projek\system\View\View.php(213): CodeIgniter\View\View->CodeIgniter\View\{closure}()
#3 C:\xampp\htdocs\projek\system\Common.php(1089): CodeIgniter\View\View->render('karyawan.php', Array, true)
#4 C:\xampp\htdocs\projek\app\Controllers\Home.php(51): view('karyawan.php', Array)
#5 C:\xampp\htdocs\projek\system\CodeIgniter.php(832): App\Controllers\Home->karyawan()
#6 C:\xampp\htdocs\projek\system\CodeIgniter.php(419): CodeIgniter\CodeIgniter->runController(Object(App\Controllers\Home))
#7 C:\xampp\htdocs\projek\system\CodeIgniter.php(326): CodeIgniter\CodeIgniter->handleRequest(NULL, Object(Config\Cache), false)
#8 C:\xampp\htdocs\projek\public\index.php(37): CodeIgniter\CodeIgniter->run()
#9 C:\xampp\htdocs\projek\system\Commands\Server\rewrite.php(43): require_once('C:\\xampp\\htdocs...')
#10 {main}
CRITICAL - 2022-05-13 11:28:55 --> Undefined property: CodeIgniter\View\View::$id_karyawan
#0 C:\xampp\htdocs\projek\app\Views\karyawan.php(24): CodeIgniter\Debug\Exceptions->errorHandler(2, 'Undefined prope...', 'C:\\xampp\\htdocs...', 24)
#1 C:\xampp\htdocs\projek\system\View\View.php(210): include('C:\\xampp\\htdocs...')
#2 C:\xampp\htdocs\projek\system\View\View.php(213): CodeIgniter\View\View->CodeIgniter\View\{closure}()
#3 C:\xampp\htdocs\projek\system\Common.php(1089): CodeIgniter\View\View->render('karyawan.php', Array, true)
#4 C:\xampp\htdocs\projek\app\Controllers\Home.php(51): view('karyawan.php', Array)
#5 C:\xampp\htdocs\projek\system\CodeIgniter.php(832): App\Controllers\Home->karyawan()
#6 C:\xampp\htdocs\projek\system\CodeIgniter.php(419): CodeIgniter\CodeIgniter->runController(Object(App\Controllers\Home))
#7 C:\xampp\htdocs\projek\system\CodeIgniter.php(326): CodeIgniter\CodeIgniter->handleRequest(NULL, Object(Config\Cache), false)
#8 C:\xampp\htdocs\projek\public\index.php(37): CodeIgniter\CodeIgniter->run()
#9 C:\xampp\htdocs\projek\system\Commands\Server\rewrite.php(43): require_once('C:\\xampp\\htdocs...')
#10 {main}
CRITICAL - 2022-05-13 11:45:09 --> Undefined property: CodeIgniter\View\View::$id_karyawan1
#0 C:\xampp\htdocs\projek\app\Views\karyawan.php(16): CodeIgniter\Debug\Exceptions->errorHandler(2, 'Undefined prope...', 'C:\\xampp\\htdocs...', 16)
#1 C:\xampp\htdocs\projek\system\View\View.php(210): include('C:\\xampp\\htdocs...')
#2 C:\xampp\htdocs\projek\system\View\View.php(213): CodeIgniter\View\View->CodeIgniter\View\{closure}()
#3 C:\xampp\htdocs\projek\system\Common.php(1089): CodeIgniter\View\View->render('karyawan.php', Array, true)
#4 C:\xampp\htdocs\projek\app\Controllers\Home.php(51): view('karyawan.php', Array)
#5 C:\xampp\htdocs\projek\system\CodeIgniter.php(832): App\Controllers\Home->karyawan()
#6 C:\xampp\htdocs\projek\system\CodeIgniter.php(419): CodeIgniter\CodeIgniter->runController(Object(App\Controllers\Home))
#7 C:\xampp\htdocs\projek\system\CodeIgniter.php(326): CodeIgniter\CodeIgniter->handleRequest(NULL, Object(Config\Cache), false)
#8 C:\xampp\htdocs\projek\public\index.php(37): CodeIgniter\CodeIgniter->run()
#9 C:\xampp\htdocs\projek\system\Commands\Server\rewrite.php(43): require_once('C:\\xampp\\htdocs...')
#10 {main}
CRITICAL - 2022-05-13 12:45:54 --> Undefined array key "status_karyawan"
#0 C:\xampp\htdocs\projek\app\Views\profil.php(11): CodeIgniter\Debug\Exceptions->errorHandler(2, 'Undefined array...', 'C:\\xampp\\htdocs...', 11)
#1 C:\xampp\htdocs\projek\system\View\View.php(210): include('C:\\xampp\\htdocs...')
#2 C:\xampp\htdocs\projek\system\View\View.php(213): CodeIgniter\View\View->CodeIgniter\View\{closure}()
#3 C:\xampp\htdocs\projek\system\Common.php(1089): CodeIgniter\View\View->render('profil.php', Array, true)
#4 C:\xampp\htdocs\projek\app\Controllers\Home.php(263): view('profil.php', Array)
#5 C:\xampp\htdocs\projek\system\CodeIgniter.php(832): App\Controllers\Home->karyawan_prof('1')
#6 C:\xampp\htdocs\projek\system\CodeIgniter.php(419): CodeIgniter\CodeIgniter->runController(Object(App\Controllers\Home))
#7 C:\xampp\htdocs\projek\system\CodeIgniter.php(326): CodeIgniter\CodeIgniter->handleRequest(NULL, Object(Config\Cache), false)
#8 C:\xampp\htdocs\projek\public\index.php(37): CodeIgniter\CodeIgniter->run()
#9 C:\xampp\htdocs\projek\system\Commands\Server\rewrite.php(43): require_once('C:\\xampp\\htdocs...')
#10 {main}
CRITICAL - 2022-05-13 14:04:42 --> filesize(): stat failed for Data Pegawai.xlsx
#0 [internal function]: CodeIgniter\Debug\Exceptions->errorHandler(2, 'filesize(): sta...', 'C:\\xampp\\htdocs...', 108)
#1 C:\xampp\htdocs\projek\app\Controllers\Home.php(108): filesize('Data Pegawai.xl...')
#2 C:\xampp\htdocs\projek\system\CodeIgniter.php(832): App\Controllers\Home->save()
#3 C:\xampp\htdocs\projek\system\CodeIgniter.php(419): CodeIgniter\CodeIgniter->runController(Object(App\Controllers\Home))
#4 C:\xampp\htdocs\projek\system\CodeIgniter.php(326): CodeIgniter\CodeIgniter->handleRequest(NULL, Object(Config\Cache), false)
#5 C:\xampp\htdocs\projek\public\index.php(37): CodeIgniter\CodeIgniter->run()
#6 C:\xampp\htdocs\projek\system\Commands\Server\rewrite.php(43): require_once('C:\\xampp\\htdocs...')
#7 {main}
CRITICAL - 2022-05-13 14:04:57 --> filesize(): stat failed for Data Pegawai.xlsx
#0 [internal function]: CodeIgniter\Debug\Exceptions->errorHandler(2, 'filesize(): sta...', 'C:\\xampp\\htdocs...', 108)
#1 C:\xampp\htdocs\projek\app\Controllers\Home.php(108): filesize('Data Pegawai.xl...')
#2 C:\xampp\htdocs\projek\system\CodeIgniter.php(832): App\Controllers\Home->save()
#3 C:\xampp\htdocs\projek\system\CodeIgniter.php(419): CodeIgniter\CodeIgniter->runController(Object(App\Controllers\Home))
#4 C:\xampp\htdocs\projek\system\CodeIgniter.php(326): CodeIgniter\CodeIgniter->handleRequest(NULL, Object(Config\Cache), false)
#5 C:\xampp\htdocs\projek\public\index.php(37): CodeIgniter\CodeIgniter->run()
#6 C:\xampp\htdocs\projek\system\Commands\Server\rewrite.php(43): require_once('C:\\xampp\\htdocs...')
#7 {main}
CRITICAL - 2022-05-13 14:05:17 --> filesize(): stat failed for Data Pegawai.xlsx
#0 [internal function]: CodeIgniter\Debug\Exceptions->errorHandler(2, 'filesize(): sta...', 'C:\\xampp\\htdocs...', 108)
#1 C:\xampp\htdocs\projek\app\Controllers\Home.php(108): filesize('Data Pegawai.xl...')
#2 C:\xampp\htdocs\projek\system\CodeIgniter.php(832): App\Controllers\Home->save()
#3 C:\xampp\htdocs\projek\system\CodeIgniter.php(419): CodeIgniter\CodeIgniter->runController(Object(App\Controllers\Home))
#4 C:\xampp\htdocs\projek\system\CodeIgniter.php(326): CodeIgniter\CodeIgniter->handleRequest(NULL, Object(Config\Cache), false)
#5 C:\xampp\htdocs\projek\public\index.php(37): CodeIgniter\CodeIgniter->run()
#6 C:\xampp\htdocs\projek\system\Commands\Server\rewrite.php(43): require_once('C:\\xampp\\htdocs...')
#7 {main}
CRITICAL - 2022-05-13 14:10:38 --> filesize(): stat failed for Data Pegawai.xlsx
#0 [internal function]: CodeIgniter\Debug\Exceptions->errorHandler(2, 'filesize(): sta...', 'C:\\xampp\\htdocs...', 108)
#1 C:\xampp\htdocs\projek\app\Controllers\Home.php(108): filesize('Data Pegawai.xl...')
#2 C:\xampp\htdocs\projek\system\CodeIgniter.php(832): App\Controllers\Home->save()
#3 C:\xampp\htdocs\projek\system\CodeIgniter.php(419): CodeIgniter\CodeIgniter->runController(Object(App\Controllers\Home))
#4 C:\xampp\htdocs\projek\system\CodeIgniter.php(326): CodeIgniter\CodeIgniter->handleRequest(NULL, Object(Config\Cache), false)
#5 C:\xampp\htdocs\projek\public\index.php(37): CodeIgniter\CodeIgniter->run()
#6 C:\xampp\htdocs\projek\system\Commands\Server\rewrite.php(43): require_once('C:\\xampp\\htdocs...')
#7 {main}
CRITICAL - 2022-05-13 14:28:10 --> Undefined variable $data
#0 C:\xampp\htdocs\projek\app\Views\resign.php(11): CodeIgniter\Debug\Exceptions->errorHandler(2, 'Undefined varia...', 'C:\\xampp\\htdocs...', 11)
#1 C:\xampp\htdocs\projek\system\View\View.php(210): include('C:\\xampp\\htdocs...')
#2 C:\xampp\htdocs\projek\system\View\View.php(213): CodeIgniter\View\View->CodeIgniter\View\{closure}()
#3 C:\xampp\htdocs\projek\system\Common.php(1089): CodeIgniter\View\View->render('resign.php', Array, true)
#4 C:\xampp\htdocs\projek\app\Controllers\Home.php(333): view('resign.php', Array)
#5 C:\xampp\htdocs\projek\system\CodeIgniter.php(832): App\Controllers\Home->resign()
#6 C:\xampp\htdocs\projek\system\CodeIgniter.php(419): CodeIgniter\CodeIgniter->runController(Object(App\Controllers\Home))
#7 C:\xampp\htdocs\projek\system\CodeIgniter.php(326): CodeIgniter\CodeIgniter->handleRequest(NULL, Object(Config\Cache), false)
#8 C:\xampp\htdocs\projek\public\index.php(37): CodeIgniter\CodeIgniter->run()
#9 C:\xampp\htdocs\projek\system\Commands\Server\rewrite.php(43): require_once('C:\\xampp\\htdocs...')
#10 {main}
CRITICAL - 2022-05-13 14:43:19 --> unlink(foto/): Is a directory
#0 [internal function]: CodeIgniter\Debug\Exceptions->errorHandler(2, 'unlink(foto/): ...', 'C:\\xampp\\htdocs...', 1077)
#1 C:\xampp\htdocs\projek\app\Controllers\Save.php(1077): unlink('foto/')
#2 C:\xampp\htdocs\projek\system\CodeIgniter.php(832): App\Controllers\Save->edit_karyawan('9')
#3 C:\xampp\htdocs\projek\system\CodeIgniter.php(419): CodeIgniter\CodeIgniter->runController(Object(App\Controllers\Save))
#4 C:\xampp\htdocs\projek\system\CodeIgniter.php(326): CodeIgniter\CodeIgniter->handleRequest(NULL, Object(Config\Cache), false)
#5 C:\xampp\htdocs\projek\public\index.php(37): CodeIgniter\CodeIgniter->run()
#6 C:\xampp\htdocs\projek\system\Commands\Server\rewrite.php(43): require_once('C:\\xampp\\htdocs...')
#7 {main}
CRITICAL - 2022-05-13 15:10:50 --> Undefined array key "tgl_masuk"
#0 C:\xampp\htdocs\projek\app\Views\dashboard.php(21): CodeIgniter\Debug\Exceptions->errorHandler(2, 'Undefined array...', 'C:\\xampp\\htdocs...', 21)
#1 C:\xampp\htdocs\projek\system\View\View.php(210): include('C:\\xampp\\htdocs...')
#2 C:\xampp\htdocs\projek\system\View\View.php(213): CodeIgniter\View\View->CodeIgniter\View\{closure}()
#3 C:\xampp\htdocs\projek\system\Common.php(1089): CodeIgniter\View\View->render('dashboard.php', Array, true)
#4 C:\xampp\htdocs\projek\app\Controllers\Home.php(41): view('dashboard.php', Array)
#5 C:\xampp\htdocs\projek\system\CodeIgniter.php(832): App\Controllers\Home->index()
#6 C:\xampp\htdocs\projek\system\CodeIgniter.php(419): CodeIgniter\CodeIgniter->runController(Object(App\Controllers\Home))
#7 C:\xampp\htdocs\projek\system\CodeIgniter.php(326): CodeIgniter\CodeIgniter->handleRequest(NULL, Object(Config\Cache), false)
#8 C:\xampp\htdocs\projek\public\index.php(37): CodeIgniter\CodeIgniter->run()
#9 C:\xampp\htdocs\projek\system\Commands\Server\rewrite.php(43): require_once('C:\\xampp\\htdocs...')
#10 {main}
ERROR - 2022-05-13 16:10:05 --> Column 'id_karyawan' cannot be null
CRITICAL - 2022-05-13 16:10:05 --> Column 'id_karyawan' cannot be null
#0 C:\xampp\htdocs\projek\system\Database\MySQLi\Connection.php(292): mysqli->query('INSERT INTO `ab...', 0)
#1 C:\xampp\htdocs\projek\system\Database\BaseConnection.php(670): CodeIgniter\Database\MySQLi\Connection->execute('INSERT INTO `ab...')
#2 C:\xampp\htdocs\projek\system\Database\BaseConnection.php(598): CodeIgniter\Database\BaseConnection->simpleQuery('INSERT INTO `ab...')
#3 C:\xampp\htdocs\projek\system\Database\BaseBuilder.php(1771): CodeIgniter\Database\BaseConnection->query('INSERT INTO `ab...', Array, false)
#4 C:\xampp\htdocs\projek\system\Model.php(239): CodeIgniter\Database\BaseBuilder->insert()
#5 C:\xampp\htdocs\projek\system\BaseModel.php(738): CodeIgniter\Model->doInsert(Array)
#6 C:\xampp\htdocs\projek\system\Model.php(625): CodeIgniter\BaseModel->insert(Array, false)
#7 C:\xampp\htdocs\projek\system\BaseModel.php(658): CodeIgniter\Model->insert(Array, false)
#8 C:\xampp\htdocs\projek\app\Controllers\Save.php(912): CodeIgniter\BaseModel->save(Array)
#9 C:\xampp\htdocs\projek\system\CodeIgniter.php(832): App\Controllers\Save->upload()
#10 C:\xampp\htdocs\projek\system\CodeIgniter.php(419): CodeIgniter\CodeIgniter->runController(Object(App\Controllers\Save))
#11 C:\xampp\htdocs\projek\system\CodeIgniter.php(326): CodeIgniter\CodeIgniter->handleRequest(NULL, Object(Config\Cache), false)
#12 C:\xampp\htdocs\projek\public\index.php(37): CodeIgniter\CodeIgniter->run()
#13 C:\xampp\htdocs\projek\system\Commands\Server\rewrite.php(43): require_once('C:\\xampp\\htdocs...')
#14 {main}
ERROR - 2022-05-13 16:21:23 --> Column 'id_karyawan' cannot be null
CRITICAL - 2022-05-13 16:21:23 --> Column 'id_karyawan' cannot be null
#0 C:\xampp\htdocs\projek\system\Database\MySQLi\Connection.php(292): mysqli->query('INSERT INTO `ab...', 0)
#1 C:\xampp\htdocs\projek\system\Database\BaseConnection.php(670): CodeIgniter\Database\MySQLi\Connection->execute('INSERT INTO `ab...')
#2 C:\xampp\htdocs\projek\system\Database\BaseConnection.php(598): CodeIgniter\Database\BaseConnection->simpleQuery('INSERT INTO `ab...')
#3 C:\xampp\htdocs\projek\system\Database\BaseBuilder.php(1771): CodeIgniter\Database\BaseConnection->query('INSERT INTO `ab...', Array, false)
#4 C:\xampp\htdocs\projek\system\Model.php(239): CodeIgniter\Database\BaseBuilder->insert()
#5 C:\xampp\htdocs\projek\system\BaseModel.php(738): CodeIgniter\Model->doInsert(Array)
#6 C:\xampp\htdocs\projek\system\Model.php(625): CodeIgniter\BaseModel->insert(Array, false)
#7 C:\xampp\htdocs\projek\system\BaseModel.php(658): CodeIgniter\Model->insert(Array, false)
#8 C:\xampp\htdocs\projek\app\Controllers\Save.php(912): CodeIgniter\BaseModel->save(Array)
#9 C:\xampp\htdocs\projek\system\CodeIgniter.php(832): App\Controllers\Save->upload()
#10 C:\xampp\htdocs\projek\system\CodeIgniter.php(419): CodeIgniter\CodeIgniter->runController(Object(App\Controllers\Save))
#11 C:\xampp\htdocs\projek\system\CodeIgniter.php(326): CodeIgniter\CodeIgniter->handleRequest(NULL, Object(Config\Cache), false)
#12 C:\xampp\htdocs\projek\public\index.php(37): CodeIgniter\CodeIgniter->run()
#13 C:\xampp\htdocs\projek\system\Commands\Server\rewrite.php(43): require_once('C:\\xampp\\htdocs...')
#14 {main}
ERROR - 2022-05-13 16:24:35 --> Column 'id_karyawan' cannot be null
CRITICAL - 2022-05-13 16:24:35 --> Column 'id_karyawan' cannot be null
#0 C:\xampp\htdocs\projek\system\Database\MySQLi\Connection.php(292): mysqli->query('INSERT INTO `ab...', 0)
#1 C:\xampp\htdocs\projek\system\Database\BaseConnection.php(670): CodeIgniter\Database\MySQLi\Connection->execute('INSERT INTO `ab...')
#2 C:\xampp\htdocs\projek\system\Database\BaseConnection.php(598): CodeIgniter\Database\BaseConnection->simpleQuery('INSERT INTO `ab...')
#3 C:\xampp\htdocs\projek\system\Database\BaseBuilder.php(1771): CodeIgniter\Database\BaseConnection->query('INSERT INTO `ab...', Array, false)
#4 C:\xampp\htdocs\projek\system\Model.php(239): CodeIgniter\Database\BaseBuilder->insert()
#5 C:\xampp\htdocs\projek\system\BaseModel.php(738): CodeIgniter\Model->doInsert(Array)
#6 C:\xampp\htdocs\projek\system\Model.php(625): CodeIgniter\BaseModel->insert(Array, false)
#7 C:\xampp\htdocs\projek\system\BaseModel.php(658): CodeIgniter\Model->insert(Array, false)
#8 C:\xampp\htdocs\projek\app\Controllers\Save.php(912): CodeIgniter\BaseModel->save(Array)
#9 C:\xampp\htdocs\projek\system\CodeIgniter.php(832): App\Controllers\Save->upload()
#10 C:\xampp\htdocs\projek\system\CodeIgniter.php(419): CodeIgniter\CodeIgniter->runController(Object(App\Controllers\Save))
#11 C:\xampp\htdocs\projek\system\CodeIgniter.php(326): CodeIgniter\CodeIgniter->handleRequest(NULL, Object(Config\Cache), false)
#12 C:\xampp\htdocs\projek\public\index.php(37): CodeIgniter\CodeIgniter->run()
#13 C:\xampp\htdocs\projek\system\Commands\Server\rewrite.php(43): require_once('C:\\xampp\\htdocs...')
#14 {main}
