CRITICAL - 2022-04-19 08:28:09 --> Invalid file: users/index.php
#0 C:\xampp\htdocs\projek\system\View\View.php(198): CodeIgniter\Exceptions\FrameworkException::forInvalidFile('users/index.php')
#1 C:\xampp\htdocs\projek\system\Common.php(1089): CodeIgniter\View\View->render('users/index', Array, true)
#2 C:\xampp\htdocs\projek\app\Controllers\Save.php(345): view('users/index', Array)
#3 C:\xampp\htdocs\projek\system\CodeIgniter.php(832): App\Controllers\Save->upload()
#4 C:\xampp\htdocs\projek\system\CodeIgniter.php(419): CodeIgniter\CodeIgniter->runController(Object(App\Controllers\Save))
#5 C:\xampp\htdocs\projek\system\CodeIgniter.php(326): CodeIgniter\CodeIgniter->handleRequest(NULL, Object(Config\Cache), false)
#6 C:\xampp\htdocs\projek\public\index.php(37): CodeIgniter\CodeIgniter->run()
#7 C:\xampp\htdocs\projek\system\Commands\Server\rewrite.php(43): require_once('C:\\xampp\\htdocs...')
#8 {main}
CRITICAL - 2022-04-19 08:29:29 --> Undefined variable $halaman
#0 C:\xampp\htdocs\projek\app\Views\layout\template.php(21): CodeIgniter\Debug\Exceptions->errorHandler(2, 'Undefined varia...', 'C:\\xampp\\htdocs...', 21)
#1 C:\xampp\htdocs\projek\system\View\View.php(210): include('C:\\xampp\\htdocs...')
#2 C:\xampp\htdocs\projek\system\View\View.php(213): CodeIgniter\View\View->CodeIgniter\View\{closure}()
#3 C:\xampp\htdocs\projek\system\View\View.php(226): CodeIgniter\View\View->render('layout/template', Array, true)
#4 C:\xampp\htdocs\projek\system\Common.php(1089): CodeIgniter\View\View->render('/absensi/upload', Array, true)
#5 C:\xampp\htdocs\projek\app\Controllers\Save.php(345): view('/absensi/upload', Array)
#6 C:\xampp\htdocs\projek\system\CodeIgniter.php(832): App\Controllers\Save->upload()
#7 C:\xampp\htdocs\projek\system\CodeIgniter.php(419): CodeIgniter\CodeIgniter->runController(Object(App\Controllers\Save))
#8 C:\xampp\htdocs\projek\system\CodeIgniter.php(326): CodeIgniter\CodeIgniter->handleRequest(NULL, Object(Config\Cache), false)
#9 C:\xampp\htdocs\projek\public\index.php(37): CodeIgniter\CodeIgniter->run()
#10 C:\xampp\htdocs\projek\system\Commands\Server\rewrite.php(43): require_once('C:\\xampp\\htdocs...')
#11 {main}
CRITICAL - 2022-04-19 14:48:06 --> Call to a member function getClientExtension() on null
#0 C:\xampp\htdocs\projek\system\CodeIgniter.php(832): App\Controllers\Save->upload()
#1 C:\xampp\htdocs\projek\system\CodeIgniter.php(419): CodeIgniter\CodeIgniter->runController(Object(App\Controllers\Save))
#2 C:\xampp\htdocs\projek\system\CodeIgniter.php(326): CodeIgniter\CodeIgniter->handleRequest(NULL, Object(Config\Cache), false)
#3 C:\xampp\htdocs\projek\public\index.php(37): CodeIgniter\CodeIgniter->run()
#4 C:\xampp\htdocs\projek\system\Commands\Server\rewrite.php(43): require_once('C:\\xampp\\htdocs...')
#5 {main}
ERROR - 2022-04-19 14:48:50 --> Error connecting to the database: No connection could be made because the target machine actively refused it
CRITICAL - 2022-04-19 14:48:50 --> Unable to connect to the database.
Main connection [MySQLi]: No connection could be made because the target machine actively refused it
#0 C:\xampp\htdocs\projek\system\Database\BaseConnection.php(577): CodeIgniter\Database\BaseConnection->initialize()
#1 C:\xampp\htdocs\projek\system\Database\BaseBuilder.php(1455): CodeIgniter\Database\BaseConnection->query('SELECT *\nFROM `...', Array, false)
#2 C:\xampp\htdocs\projek\system\Model.php(183): CodeIgniter\Database\BaseBuilder->get()
#3 C:\xampp\htdocs\projek\system\BaseModel.php(584): CodeIgniter\Model->doFindAll(0, 0)
#4 C:\xampp\htdocs\projek\app\Controllers\Recruitment.php(26): CodeIgniter\BaseModel->findAll()
#5 C:\xampp\htdocs\projek\system\CodeIgniter.php(832): App\Controllers\Recruitment->lowongan()
#6 C:\xampp\htdocs\projek\system\CodeIgniter.php(419): CodeIgniter\CodeIgniter->runController(Object(App\Controllers\Recruitment))
#7 C:\xampp\htdocs\projek\system\CodeIgniter.php(326): CodeIgniter\CodeIgniter->handleRequest(NULL, Object(Config\Cache), false)
#8 C:\xampp\htdocs\projek\public\index.php(37): CodeIgniter\CodeIgniter->run()
#9 C:\xampp\htdocs\projek\system\Commands\Server\rewrite.php(43): require_once('C:\\xampp\\htdocs...')
#10 {main}
